#
# There is insufficient memory for the Java Runtime Environment to continue.
# Native memory allocation (malloc) failed to allocate 32744 bytes. Error detail: Chunk::new
# Possible reasons:
#   The system is out of physical RAM or swap space
#   This process is running with CompressedOops enabled, and the Java Heap may be blocking the growth of the native heap
# Possible solutions:
#   Reduce memory load on the system
#   Increase physical memory or swap space
#   Check if swap backing store is full
#   Decrease Java heap size (-Xmx/-Xms)
#   Decrease number of Java threads
#   Decrease Java thread stack sizes (-Xss)
#   Set larger code cache with -XX:ReservedCodeCacheSize=
#   JVM is running with Zero Based Compressed Oops mode in which the Java heap is
#     placed in the first 32GB address space. The Java Heap base address is the
#     maximum limit for the native heap growth. Please use -XX:HeapBaseMinAddress
#     to set the Java Heap base and to place the Java Heap above 32GB virtual address.
# This output file may be truncated or incomplete.
#
#  Out of Memory Error (arena.cpp:149), pid=25480, tid=26608
#
# JRE version: OpenJDK Runtime Environment (23.0.2+7) (build 23.0.2+7-58)
# Java VM: OpenJDK 64-Bit Server VM (23.0.2+7-58, mixed mode, sharing, tiered, compressed oops, compressed class ptrs, g1 gc, windows-amd64)
# No core dump will be written. Minidumps are not enabled by default on client versions of Windows
#

---------------  S U M M A R Y ------------

Command Line: -javaagent:C:\Program Files\JetBrains\IntelliJ IDEA Community Edition 2024.3\lib\idea_rt.jar=52104:C:\Program Files\JetBrains\IntelliJ IDEA Community Edition 2024.3\bin -Dfile.encoding=UTF-8 -Dsun.stdout.encoding=UTF-8 -Dsun.stderr.encoding=UTF-8 com.EasayHelp.EasayHelp.EasayHelpApplication

Host: Intel(R) Core(TM) i5-1035G1 CPU @ 1.00GHz, 8 cores, 11G,  Windows 11 , 64 bit Build 22621 (10.0.22621.5415)
Time: Fri Jun 20 19:25:45 2025 Afr. centrale Ouest elapsed time: 239.304849 seconds (0d 0h 3m 59s)

---------------  T H R E A D  ---------------

Current thread (0x0000012d46e9c920):  JavaThread "C2 CompilerThread0" daemon [_thread_in_native, id=26608, stack(0x00000005bdd00000,0x00000005bde00000) (1024K)]


Current CompileTask:
C2:239304 7908   !   4       org.springframework.web.context.request.async.StandardServletAsyncWebRequest$LifecycleServletOutputStream::write (71 bytes)

Stack: [0x00000005bdd00000,0x00000005bde00000]
Native frames: (J=compiled Java code, j=interpreted, Vv=VM code, C=native code)
V  [jvm.dll+0x6e0b99]  (no source info available)
V  [jvm.dll+0x87e2b3]  (no source info available)
V  [jvm.dll+0x88073e]  (no source info available)
V  [jvm.dll+0x880e13]  (no source info available)
V  [jvm.dll+0x27b006]  (no source info available)
V  [jvm.dll+0xbc06f]  (no source info available)
V  [jvm.dll+0xbc2cb]  (no source info available)
V  [jvm.dll+0x6bb8b7]  (no source info available)
V  [jvm.dll+0x398183]  (no source info available)
V  [jvm.dll+0x6f13b5]  (no source info available)
V  [jvm.dll+0x6ef5e5]  (no source info available)
V  [jvm.dll+0x1c655c]  (no source info available)
V  [jvm.dll+0x1c70db]  (no source info available)
V  [jvm.dll+0x1c70db]  (no source info available)
V  [jvm.dll+0x2edc7f]  (no source info available)
V  [jvm.dll+0x6f9c87]  (no source info available)
V  [jvm.dll+0x6f1fdf]  (no source info available)
V  [jvm.dll+0x6f1417]  (no source info available)
V  [jvm.dll+0x6ef5e5]  (no source info available)
V  [jvm.dll+0x1c655c]  (no source info available)
V  [jvm.dll+0x1c70db]  (no source info available)
V  [jvm.dll+0x1c70db]  (no source info available)
V  [jvm.dll+0x2edc7f]  (no source info available)
V  [jvm.dll+0x6f9c87]  (no source info available)
V  [jvm.dll+0x6f1fdf]  (no source info available)
V  [jvm.dll+0x6f1417]  (no source info available)
V  [jvm.dll+0x6ef5e5]  (no source info available)
V  [jvm.dll+0x1c655c]  (no source info available)
V  [jvm.dll+0x243abc]  (no source info available)
V  [jvm.dll+0x1c34b0]  (no source info available)
V  [jvm.dll+0x253df1]  (no source info available)
V  [jvm.dll+0x2520aa]  (no source info available)
V  [jvm.dll+0x3ee226]  (no source info available)
V  [jvm.dll+0x8254cb]  (no source info available)
V  [jvm.dll+0x6df345]  (no source info available)
C  [ucrtbase.dll+0x29333]  (no source info available)
C  [KERNEL32.DLL+0x1259d]  (no source info available)
C  [ntdll.dll+0x5af78]  (no source info available)

Lock stack of current Java thread (top to bottom):


---------------  P R O C E S S  ---------------

Threads class SMR info:
_java_thread_list=0x0000012d8f0adcc0, length=29, elements={
0x0000012d46e7d340, 0x0000012d46e80970, 0x0000012d46e834b0, 0x0000012d46e86010,
0x0000012d46e87b70, 0x0000012d46e887f0, 0x0000012d46e9c920, 0x0000012d46e9d720,
0x0000012d8c090a80, 0x0000012d8c3f5030, 0x0000012d8c3f56a0, 0x0000012d8fa42cf0,
0x0000012d8fc59640, 0x0000012d8fc5a9f0, 0x0000012d8fc59cd0, 0x0000012d8fc58290,
0x0000012d8e5c1bb0, 0x0000012d8e5bfae0, 0x0000012d8e5c0e90, 0x0000012d8e5be0a0,
0x0000012d8e5bedc0, 0x0000012d8e5c0800, 0x0000012d8e5c0170, 0x0000012d8e5c3c80,
0x0000012d8e5c1520, 0x0000012d8e5c28d0, 0x0000012d8e5c2f60, 0x0000012d8e5c35f0,
0x0000012d8e5bccf0
}

Java Threads: ( => current thread )
  0x0000012d46e7d340 JavaThread "Reference Handler"          daemon [_thread_blocked, id=30012, stack(0x00000005bd700000,0x00000005bd800000) (1024K)]
  0x0000012d46e80970 JavaThread "Finalizer"                  daemon [_thread_blocked, id=29948, stack(0x00000005bd800000,0x00000005bd900000) (1024K)]
  0x0000012d46e834b0 JavaThread "Signal Dispatcher"          daemon [_thread_blocked, id=19736, stack(0x00000005bd900000,0x00000005bda00000) (1024K)]
  0x0000012d46e86010 JavaThread "Attach Listener"            daemon [_thread_blocked, id=11128, stack(0x00000005bda00000,0x00000005bdb00000) (1024K)]
  0x0000012d46e87b70 JavaThread "Service Thread"             daemon [_thread_blocked, id=27064, stack(0x00000005bdb00000,0x00000005bdc00000) (1024K)]
  0x0000012d46e887f0 JavaThread "Monitor Deflation Thread"   daemon [_thread_blocked, id=28208, stack(0x00000005bdc00000,0x00000005bdd00000) (1024K)]
=>0x0000012d46e9c920 JavaThread "C2 CompilerThread0"         daemon [_thread_in_native, id=26608, stack(0x00000005bdd00000,0x00000005bde00000) (1024K)]
  0x0000012d46e9d720 JavaThread "C1 CompilerThread0"         daemon [_thread_blocked, id=11728, stack(0x00000005bde00000,0x00000005bdf00000) (1024K)]
  0x0000012d8c090a80 JavaThread "Common-Cleaner"             daemon [_thread_blocked, id=22052, stack(0x00000005bdf00000,0x00000005be000000) (1024K)]
  0x0000012d8c3f5030 JavaThread "Monitor Ctrl-Break"         daemon [_thread_in_native, id=9868, stack(0x00000005be100000,0x00000005be200000) (1024K)]
  0x0000012d8c3f56a0 JavaThread "Notification Thread"        daemon [_thread_blocked, id=18692, stack(0x00000005be200000,0x00000005be300000) (1024K)]
  0x0000012d8fa42cf0 JavaThread "mysql-cj-abandoned-connection-cleanup" daemon [_thread_blocked, id=28664, stack(0x00000005bec00000,0x00000005bed00000) (1024K)]
  0x0000012d8fc59640 JavaThread "HikariPool-1 housekeeper"   daemon [_thread_blocked, id=2604, stack(0x00000005bed00000,0x00000005bee00000) (1024K)]
  0x0000012d8fc5a9f0 JavaThread "Catalina-utility-1"                [_thread_blocked, id=26724, stack(0x00000005bf000000,0x00000005bf100000) (1024K)]
  0x0000012d8fc59cd0 JavaThread "Catalina-utility-2"                [_thread_blocked, id=1072, stack(0x00000005bf100000,0x00000005bf200000) (1024K)]
  0x0000012d8fc58290 JavaThread "container-0"                       [_thread_blocked, id=19608, stack(0x00000005bf200000,0x00000005bf300000) (1024K)]
  0x0000012d8e5c1bb0 JavaThread "http-nio-8081-exec-1"       daemon [_thread_blocked, id=28640, stack(0x00000005bf300000,0x00000005bf400000) (1024K)]
  0x0000012d8e5bfae0 JavaThread "http-nio-8081-exec-2"       daemon [_thread_blocked, id=17236, stack(0x00000005bf400000,0x00000005bf500000) (1024K)]
  0x0000012d8e5c0e90 JavaThread "http-nio-8081-exec-3"       daemon [_thread_blocked, id=21960, stack(0x00000005bf500000,0x00000005bf600000) (1024K)]
  0x0000012d8e5be0a0 JavaThread "http-nio-8081-exec-4"       daemon [_thread_blocked, id=10968, stack(0x00000005bf600000,0x00000005bf700000) (1024K)]
  0x0000012d8e5bedc0 JavaThread "http-nio-8081-exec-5"       daemon [_thread_blocked, id=28136, stack(0x00000005bf700000,0x00000005bf800000) (1024K)]
  0x0000012d8e5c0800 JavaThread "http-nio-8081-exec-6"       daemon [_thread_blocked, id=25868, stack(0x00000005bf800000,0x00000005bf900000) (1024K)]
  0x0000012d8e5c0170 JavaThread "http-nio-8081-exec-7"       daemon [_thread_blocked, id=25344, stack(0x00000005bf900000,0x00000005bfa00000) (1024K)]
  0x0000012d8e5c3c80 JavaThread "http-nio-8081-exec-8"       daemon [_thread_blocked, id=20376, stack(0x00000005bfa00000,0x00000005bfb00000) (1024K)]
  0x0000012d8e5c1520 JavaThread "http-nio-8081-exec-9"       daemon [_thread_blocked, id=5100, stack(0x00000005bfb00000,0x00000005bfc00000) (1024K)]
  0x0000012d8e5c28d0 JavaThread "http-nio-8081-exec-10"      daemon [_thread_blocked, id=4416, stack(0x00000005bfc00000,0x00000005bfd00000) (1024K)]
  0x0000012d8e5c2f60 JavaThread "http-nio-8081-Poller"       daemon [_thread_in_native, id=30032, stack(0x00000005bfd00000,0x00000005bfe00000) (1024K)]
  0x0000012d8e5c35f0 JavaThread "http-nio-8081-Acceptor"     daemon [_thread_in_native, id=3592, stack(0x00000005bfe00000,0x00000005bff00000) (1024K)]
  0x0000012d8e5bccf0 JavaThread "DestroyJavaVM"                     [_thread_blocked, id=10104, stack(0x00000005bcf00000,0x00000005bd000000) (1024K)]
Total: 29

Other Threads:
  0x0000012d46e69ca0 VMThread "VM Thread"                           [id=20836, stack(0x00000005bd600000,0x00000005bd700000) (1024K)]
  0x0000012d28d84700 WatcherThread "VM Periodic Task Thread"        [id=19240, stack(0x00000005bd500000,0x00000005bd600000) (1024K)]
  0x0000012d28de2060 WorkerThread "GC Thread#0"                     [id=18076, stack(0x00000005bd000000,0x00000005bd100000) (1024K)]
  0x0000012d8ccfccd0 WorkerThread "GC Thread#1"                     [id=6400, stack(0x00000005be300000,0x00000005be400000) (1024K)]
  0x0000012d8ccfd490 WorkerThread "GC Thread#2"                     [id=16840, stack(0x00000005be400000,0x00000005be500000) (1024K)]
  0x0000012d8ccfdc40 WorkerThread "GC Thread#3"                     [id=29556, stack(0x00000005be500000,0x00000005be600000) (1024K)]
  0x0000012d8cd405d0 WorkerThread "GC Thread#4"                     [id=12960, stack(0x00000005be600000,0x00000005be700000) (1024K)]
  0x0000012d8cd49bf0 WorkerThread "GC Thread#5"                     [id=18348, stack(0x00000005be700000,0x00000005be800000) (1024K)]
  0x0000012d8cfcbd80 WorkerThread "GC Thread#6"                     [id=27472, stack(0x00000005be900000,0x00000005bea00000) (1024K)]
  0x0000012d8cfca760 WorkerThread "GC Thread#7"                     [id=28992, stack(0x00000005bea00000,0x00000005beb00000) (1024K)]
  0x0000012d28df1dc0 ConcurrentGCThread "G1 Main Marker"            [id=5448, stack(0x00000005bd100000,0x00000005bd200000) (1024K)]
  0x0000012d28df3070 WorkerThread "G1 Conc#0"                       [id=21116, stack(0x00000005bd200000,0x00000005bd300000) (1024K)]
  0x0000012d8d1c7d50 WorkerThread "G1 Conc#1"                       [id=14872, stack(0x00000005be800000,0x00000005be900000) (1024K)]
  0x0000012d28e3e8a0 ConcurrentGCThread "G1 Refine#0"               [id=29240, stack(0x00000005bd300000,0x00000005bd400000) (1024K)]
  0x0000012d46d25a40 ConcurrentGCThread "G1 Service"                [id=30168, stack(0x00000005bd400000,0x00000005bd500000) (1024K)]
Total: 15

Threads with active compile tasks:
C2 CompilerThread0  239458 7908   !   4       org.springframework.web.context.request.async.StandardServletAsyncWebRequest$LifecycleServletOutputStream::write (71 bytes)
Total: 1

VM state: not at safepoint (normal execution)

VM Mutex/Monitor currently owned by a thread: None

Heap address: 0x0000000743a00000, size: 3014 MB, Compressed Oops mode: Zero based, Oop shift amount: 3

CDS archive(s) mapped at: [0x0000012d47000000-0x0000012d47d70000-0x0000012d47d70000), size 14090240, SharedBaseAddress: 0x0000012d47000000, ArchiveRelocationMode: 1.
Compressed class space mapped at: 0x0000012d48000000-0x0000012d88000000, reserved size: 1073741824
Narrow klass base: 0x0000012d47000000, Narrow klass shift: 0, Narrow klass range: 0x41000000

GC Precious Log:
 CardTable entry size: 512
 Card Set container configuration: InlinePtr #cards 4 size 8 Array Of Cards #cards 16 size 48 Howl #buckets 8 coarsen threshold 3686 Howl Bitmap #cards 512 size 80 coarsen threshold 460 Card regions per heap region 1 cards per card region 4096
 CPUs: 8 total, 8 available
 Memory: 12051M
 Large Page Support: Disabled
 NUMA Support: Disabled
 Compressed Oops: Enabled (Zero based)
 Heap Region Size: 2M
 Heap Min Capacity: 8M
 Heap Initial Capacity: 190M
 Heap Max Capacity: 3014M
 Pre-touch: Disabled
 Parallel Workers: 8
 Concurrent Workers: 2
 Concurrent Refinement Workers: 8
 Periodic GC: Disabled

Heap:
 garbage-first heap   total reserved 3086336K, committed 485376K, used 157182K [0x0000000743a00000, 0x0000000800000000)
  region size 2048K, 3 young (6144K), 1 survivors (2048K)
 Metaspace       used 74674K, committed 75392K, reserved 1179648K
  class space    used 10313K, committed 10624K, reserved 1048576K

Heap Regions: E=young(eden), S=young(survivor), O=old, HS=humongous(starts), HC=humongous(continues), CS=collection set, F=free, TAMS=top-at-mark-start, PB=parsable bottom
|   0|0x0000000743a00000, 0x0000000743c00000, 0x0000000743c00000|100%| O|  |TAMS 0x0000000743a00000| PB 0x0000000743a00000| Untracked |  0
|   1|0x0000000743c00000, 0x0000000743e00000, 0x0000000743e00000|100%| O|  |TAMS 0x0000000743c00000| PB 0x0000000743c00000| Untracked |  0
|   2|0x0000000743e00000, 0x0000000744000000, 0x0000000744000000|100%| O|  |TAMS 0x0000000743e00000| PB 0x0000000743e00000| Untracked |  0
|   3|0x0000000744000000, 0x0000000744200000, 0x0000000744200000|100%| O|  |TAMS 0x0000000744000000| PB 0x0000000744000000| Untracked |  0
|   4|0x0000000744200000, 0x0000000744400000, 0x0000000744400000|100%| O|  |TAMS 0x0000000744200000| PB 0x0000000744200000| Untracked |  0
|   5|0x0000000744400000, 0x0000000744600000, 0x0000000744600000|100%| O|  |TAMS 0x0000000744400000| PB 0x0000000744400000| Untracked |  0
|   6|0x0000000744600000, 0x0000000744800000, 0x0000000744800000|100%| O|  |TAMS 0x0000000744600000| PB 0x0000000744600000| Untracked |  0
|   7|0x0000000744800000, 0x0000000744800000, 0x0000000744a00000|  0%| F|  |TAMS 0x0000000744800000| PB 0x0000000744800000| Untracked |  0
|   8|0x0000000744a00000, 0x0000000744a00000, 0x0000000744c00000|  0%| F|  |TAMS 0x0000000744a00000| PB 0x0000000744a00000| Untracked |  0
|   9|0x0000000744c00000, 0x0000000744e00000, 0x0000000744e00000|100%| O|  |TAMS 0x0000000744c00000| PB 0x0000000744c00000| Untracked |  0
|  10|0x0000000744e00000, 0x0000000745000000, 0x0000000745000000|100%| O|  |TAMS 0x0000000744e00000| PB 0x0000000744e00000| Untracked |  0
|  11|0x0000000745000000, 0x0000000745200000, 0x0000000745200000|100%| O|  |TAMS 0x0000000745000000| PB 0x0000000745000000| Untracked |  0
|  12|0x0000000745200000, 0x0000000745400000, 0x0000000745400000|100%| O|  |TAMS 0x0000000745200000| PB 0x0000000745200000| Untracked |  0
|  13|0x0000000745400000, 0x0000000745600000, 0x0000000745600000|100%| O|  |TAMS 0x0000000745400000| PB 0x0000000745400000| Untracked |  0
|  14|0x0000000745600000, 0x0000000745800000, 0x0000000745800000|100%| O|  |TAMS 0x0000000745600000| PB 0x0000000745600000| Untracked |  0
|  15|0x0000000745800000, 0x0000000745800000, 0x0000000745a00000|  0%| F|  |TAMS 0x0000000745800000| PB 0x0000000745800000| Untracked |  0
|  16|0x0000000745a00000, 0x0000000745a00000, 0x0000000745c00000|  0%| F|  |TAMS 0x0000000745a00000| PB 0x0000000745a00000| Untracked |  0
|  17|0x0000000745c00000, 0x0000000745e00000, 0x0000000745e00000|100%| O|Cm|TAMS 0x0000000745c00000| PB 0x0000000745c00000| Complete |  0
|  18|0x0000000745e00000, 0x0000000745e00000, 0x0000000746000000|  0%| F|  |TAMS 0x0000000745e00000| PB 0x0000000745e00000| Untracked |  0
|  19|0x0000000746000000, 0x0000000746000000, 0x0000000746200000|  0%| F|  |TAMS 0x0000000746000000| PB 0x0000000746000000| Untracked |  0
|  20|0x0000000746200000, 0x0000000746200000, 0x0000000746400000|  0%| F|  |TAMS 0x0000000746200000| PB 0x0000000746200000| Untracked |  0
|  21|0x0000000746400000, 0x0000000746600000, 0x0000000746600000|100%|HS|  |TAMS 0x0000000746400000| PB 0x0000000746400000| Complete |  0
|  22|0x0000000746600000, 0x0000000746800000, 0x0000000746800000|100%|HC|  |TAMS 0x0000000746600000| PB 0x0000000746600000| Complete |  0
|  23|0x0000000746800000, 0x0000000746a00000, 0x0000000746a00000|100%|HC|  |TAMS 0x0000000746800000| PB 0x0000000746800000| Complete |  0
|  24|0x0000000746a00000, 0x0000000746c00000, 0x0000000746c00000|100%|HC|  |TAMS 0x0000000746a00000| PB 0x0000000746a00000| Complete |  0
|  25|0x0000000746c00000, 0x0000000746e00000, 0x0000000746e00000|100%|HC|  |TAMS 0x0000000746c00000| PB 0x0000000746c00000| Complete |  0
|  26|0x0000000746e00000, 0x0000000747000000, 0x0000000747000000|100%|HC|  |TAMS 0x0000000746e00000| PB 0x0000000746e00000| Complete |  0
|  27|0x0000000747000000, 0x0000000747200000, 0x0000000747200000|100%|HS|  |TAMS 0x0000000747000000| PB 0x0000000747000000| Complete |  0
|  28|0x0000000747200000, 0x0000000747400000, 0x0000000747400000|100%|HC|  |TAMS 0x0000000747200000| PB 0x0000000747200000| Complete |  0
|  29|0x0000000747400000, 0x0000000747600000, 0x0000000747600000|100%|HC|  |TAMS 0x0000000747400000| PB 0x0000000747400000| Complete |  0
|  30|0x0000000747600000, 0x0000000747800000, 0x0000000747800000|100%|HC|  |TAMS 0x0000000747600000| PB 0x0000000747600000| Complete |  0
|  31|0x0000000747800000, 0x0000000747a00000, 0x0000000747a00000|100%|HC|  |TAMS 0x0000000747800000| PB 0x0000000747800000| Complete |  0
|  32|0x0000000747a00000, 0x0000000747c00000, 0x0000000747c00000|100%|HC|  |TAMS 0x0000000747a00000| PB 0x0000000747a00000| Complete |  0
|  33|0x0000000747c00000, 0x0000000747c00000, 0x0000000747e00000|  0%| F|  |TAMS 0x0000000747c00000| PB 0x0000000747c00000| Untracked |  0
|  34|0x0000000747e00000, 0x0000000747e00000, 0x0000000748000000|  0%| F|  |TAMS 0x0000000747e00000| PB 0x0000000747e00000| Untracked |  0
|  35|0x0000000748000000, 0x0000000748000000, 0x0000000748200000|  0%| F|  |TAMS 0x0000000748000000| PB 0x0000000748000000| Untracked |  0
|  36|0x0000000748200000, 0x0000000748200000, 0x0000000748400000|  0%| F|  |TAMS 0x0000000748200000| PB 0x0000000748200000| Untracked |  0
|  37|0x0000000748400000, 0x0000000748600000, 0x0000000748600000|100%|HS|  |TAMS 0x0000000748400000| PB 0x0000000748400000| Complete |  0
|  38|0x0000000748600000, 0x0000000748800000, 0x0000000748800000|100%|HC|  |TAMS 0x0000000748600000| PB 0x0000000748600000| Complete |  0
|  39|0x0000000748800000, 0x0000000748a00000, 0x0000000748a00000|100%|HC|  |TAMS 0x0000000748800000| PB 0x0000000748800000| Complete |  0
|  40|0x0000000748a00000, 0x0000000748c00000, 0x0000000748c00000|100%|HC|  |TAMS 0x0000000748a00000| PB 0x0000000748a00000| Complete |  0
|  41|0x0000000748c00000, 0x0000000748e00000, 0x0000000748e00000|100%|HC|  |TAMS 0x0000000748c00000| PB 0x0000000748c00000| Complete |  0
|  42|0x0000000748e00000, 0x0000000749000000, 0x0000000749000000|100%|HS|  |TAMS 0x0000000748e00000| PB 0x0000000748e00000| Complete |  0
|  43|0x0000000749000000, 0x0000000749200000, 0x0000000749200000|100%|HC|  |TAMS 0x0000000749000000| PB 0x0000000749000000| Complete |  0
|  44|0x0000000749200000, 0x0000000749400000, 0x0000000749400000|100%|HC|  |TAMS 0x0000000749200000| PB 0x0000000749200000| Complete |  0
|  45|0x0000000749400000, 0x0000000749600000, 0x0000000749600000|100%|HC|  |TAMS 0x0000000749400000| PB 0x0000000749400000| Complete |  0
|  46|0x0000000749600000, 0x0000000749800000, 0x0000000749800000|100%|HC|  |TAMS 0x0000000749600000| PB 0x0000000749600000| Complete |  0
|  47|0x0000000749800000, 0x0000000749a00000, 0x0000000749a00000|100%|HC|  |TAMS 0x0000000749800000| PB 0x0000000749800000| Complete |  0
|  48|0x0000000749a00000, 0x0000000749c00000, 0x0000000749c00000|100%|HC|  |TAMS 0x0000000749a00000| PB 0x0000000749a00000| Complete |  0
|  49|0x0000000749c00000, 0x0000000749e00000, 0x0000000749e00000|100%|HC|  |TAMS 0x0000000749c00000| PB 0x0000000749c00000| Complete |  0
|  50|0x0000000749e00000, 0x000000074a000000, 0x000000074a000000|100%|HC|  |TAMS 0x0000000749e00000| PB 0x0000000749e00000| Complete |  0
|  51|0x000000074a000000, 0x000000074a200000, 0x000000074a200000|100%|HS|  |TAMS 0x000000074a000000| PB 0x000000074a000000| Complete |  0
|  52|0x000000074a200000, 0x000000074a400000, 0x000000074a400000|100%|HC|  |TAMS 0x000000074a200000| PB 0x000000074a200000| Complete |  0
|  53|0x000000074a400000, 0x000000074a600000, 0x000000074a600000|100%|HC|  |TAMS 0x000000074a400000| PB 0x000000074a400000| Complete |  0
|  54|0x000000074a600000, 0x000000074a800000, 0x000000074a800000|100%|HC|  |TAMS 0x000000074a600000| PB 0x000000074a600000| Complete |  0
|  55|0x000000074a800000, 0x000000074aa00000, 0x000000074aa00000|100%|HC|  |TAMS 0x000000074a800000| PB 0x000000074a800000| Complete |  0
|  56|0x000000074aa00000, 0x000000074ac00000, 0x000000074ac00000|100%|HC|  |TAMS 0x000000074aa00000| PB 0x000000074aa00000| Complete |  0
|  57|0x000000074ac00000, 0x000000074ae00000, 0x000000074ae00000|100%|HC|  |TAMS 0x000000074ac00000| PB 0x000000074ac00000| Complete |  0
|  58|0x000000074ae00000, 0x000000074b000000, 0x000000074b000000|100%|HC|  |TAMS 0x000000074ae00000| PB 0x000000074ae00000| Complete |  0
|  59|0x000000074b000000, 0x000000074b200000, 0x000000074b200000|100%|HC|  |TAMS 0x000000074b000000| PB 0x000000074b000000| Complete |  0
|  60|0x000000074b200000, 0x000000074b400000, 0x000000074b400000|100%|HS|  |TAMS 0x000000074b200000| PB 0x000000074b200000| Complete |  0
|  61|0x000000074b400000, 0x000000074b600000, 0x000000074b600000|100%|HC|  |TAMS 0x000000074b400000| PB 0x000000074b400000| Complete |  0
|  62|0x000000074b600000, 0x000000074b800000, 0x000000074b800000|100%|HC|  |TAMS 0x000000074b600000| PB 0x000000074b600000| Complete |  0
|  63|0x000000074b800000, 0x000000074ba00000, 0x000000074ba00000|100%|HC|  |TAMS 0x000000074b800000| PB 0x000000074b800000| Complete |  0
|  64|0x000000074ba00000, 0x000000074bc00000, 0x000000074bc00000|100%|HC|  |TAMS 0x000000074ba00000| PB 0x000000074ba00000| Complete |  0
|  65|0x000000074bc00000, 0x000000074be00000, 0x000000074be00000|100%|HC|  |TAMS 0x000000074bc00000| PB 0x000000074bc00000| Complete |  0
|  66|0x000000074be00000, 0x000000074be00000, 0x000000074c000000|  0%| F|  |TAMS 0x000000074be00000| PB 0x000000074be00000| Untracked |  0
|  67|0x000000074c000000, 0x000000074c000000, 0x000000074c200000|  0%| F|  |TAMS 0x000000074c000000| PB 0x000000074c000000| Untracked |  0
|  68|0x000000074c200000, 0x000000074c200000, 0x000000074c400000|  0%| F|  |TAMS 0x000000074c200000| PB 0x000000074c200000| Untracked |  0
|  69|0x000000074c400000, 0x000000074c400000, 0x000000074c600000|  0%| F|  |TAMS 0x000000074c400000| PB 0x000000074c400000| Untracked |  0
|  70|0x000000074c600000, 0x000000074c600000, 0x000000074c800000|  0%| F|  |TAMS 0x000000074c600000| PB 0x000000074c600000| Untracked |  0
|  71|0x000000074c800000, 0x000000074c800000, 0x000000074ca00000|  0%| F|  |TAMS 0x000000074c800000| PB 0x000000074c800000| Untracked |  0
|  72|0x000000074ca00000, 0x000000074ca00000, 0x000000074cc00000|  0%| F|  |TAMS 0x000000074ca00000| PB 0x000000074ca00000| Untracked |  0
|  73|0x000000074cc00000, 0x000000074cc00000, 0x000000074ce00000|  0%| F|  |TAMS 0x000000074cc00000| PB 0x000000074cc00000| Untracked |  0
|  74|0x000000074ce00000, 0x000000074ce00000, 0x000000074d000000|  0%| F|  |TAMS 0x000000074ce00000| PB 0x000000074ce00000| Untracked |  0
|  75|0x000000074d000000, 0x000000074d000000, 0x000000074d200000|  0%| F|  |TAMS 0x000000074d000000| PB 0x000000074d000000| Untracked |  0
|  76|0x000000074d200000, 0x000000074d200000, 0x000000074d400000|  0%| F|  |TAMS 0x000000074d200000| PB 0x000000074d200000| Untracked |  0
|  77|0x000000074d400000, 0x000000074d400000, 0x000000074d600000|  0%| F|  |TAMS 0x000000074d400000| PB 0x000000074d400000| Untracked |  0
|  78|0x000000074d600000, 0x000000074d600000, 0x000000074d800000|  0%| F|  |TAMS 0x000000074d600000| PB 0x000000074d600000| Untracked |  0
|  79|0x000000074d800000, 0x000000074d800000, 0x000000074da00000|  0%| F|  |TAMS 0x000000074d800000| PB 0x000000074d800000| Untracked |  0
|  80|0x000000074da00000, 0x000000074da00000, 0x000000074dc00000|  0%| F|  |TAMS 0x000000074da00000| PB 0x000000074da00000| Untracked |  0
|  81|0x000000074dc00000, 0x000000074dc00000, 0x000000074de00000|  0%| F|  |TAMS 0x000000074dc00000| PB 0x000000074dc00000| Untracked |  0
|  82|0x000000074de00000, 0x000000074de00000, 0x000000074e000000|  0%| F|  |TAMS 0x000000074de00000| PB 0x000000074de00000| Untracked |  0
|  83|0x000000074e000000, 0x000000074e000000, 0x000000074e200000|  0%| F|  |TAMS 0x000000074e000000| PB 0x000000074e000000| Untracked |  0
|  84|0x000000074e200000, 0x000000074e200000, 0x000000074e400000|  0%| F|  |TAMS 0x000000074e200000| PB 0x000000074e200000| Untracked |  0
|  85|0x000000074e400000, 0x000000074e400000, 0x000000074e600000|  0%| F|  |TAMS 0x000000074e400000| PB 0x000000074e400000| Untracked |  0
|  86|0x000000074e600000, 0x000000074e600000, 0x000000074e800000|  0%| F|  |TAMS 0x000000074e600000| PB 0x000000074e600000| Untracked |  0
|  87|0x000000074e800000, 0x000000074e800000, 0x000000074ea00000|  0%| F|  |TAMS 0x000000074e800000| PB 0x000000074e800000| Untracked |  0
|  88|0x000000074ea00000, 0x000000074ea00000, 0x000000074ec00000|  0%| F|  |TAMS 0x000000074ea00000| PB 0x000000074ea00000| Untracked |  0
|  89|0x000000074ec00000, 0x000000074ec00000, 0x000000074ee00000|  0%| F|  |TAMS 0x000000074ec00000| PB 0x000000074ec00000| Untracked |  0
|  90|0x000000074ee00000, 0x000000074ee00000, 0x000000074f000000|  0%| F|  |TAMS 0x000000074ee00000| PB 0x000000074ee00000| Untracked |  0
|  91|0x000000074f000000, 0x000000074f000000, 0x000000074f200000|  0%| F|  |TAMS 0x000000074f000000| PB 0x000000074f000000| Untracked |  0
|  92|0x000000074f200000, 0x000000074f200000, 0x000000074f400000|  0%| F|  |TAMS 0x000000074f200000| PB 0x000000074f200000| Untracked |  0
|  93|0x000000074f400000, 0x000000074f400000, 0x000000074f600000|  0%| F|  |TAMS 0x000000074f400000| PB 0x000000074f400000| Untracked |  0
|  94|0x000000074f600000, 0x000000074f600000, 0x000000074f800000|  0%| F|  |TAMS 0x000000074f600000| PB 0x000000074f600000| Untracked |  0
|  95|0x000000074f800000, 0x000000074f800000, 0x000000074fa00000|  0%| F|  |TAMS 0x000000074f800000| PB 0x000000074f800000| Untracked |  0
|  96|0x000000074fa00000, 0x000000074fa00000, 0x000000074fc00000|  0%| F|  |TAMS 0x000000074fa00000| PB 0x000000074fa00000| Untracked |  0
|  97|0x000000074fc00000, 0x000000074fc00000, 0x000000074fe00000|  0%| F|  |TAMS 0x000000074fc00000| PB 0x000000074fc00000| Untracked |  0
|  98|0x000000074fe00000, 0x000000074fe00000, 0x0000000750000000|  0%| F|  |TAMS 0x000000074fe00000| PB 0x000000074fe00000| Untracked |  0
|  99|0x0000000750000000, 0x0000000750000000, 0x0000000750200000|  0%| F|  |TAMS 0x0000000750000000| PB 0x0000000750000000| Untracked |  0
| 100|0x0000000750200000, 0x0000000750200000, 0x0000000750400000|  0%| F|  |TAMS 0x0000000750200000| PB 0x0000000750200000| Untracked |  0
| 101|0x0000000750400000, 0x0000000750400000, 0x0000000750600000|  0%| F|  |TAMS 0x0000000750400000| PB 0x0000000750400000| Untracked |  0
| 102|0x0000000750600000, 0x0000000750600000, 0x0000000750800000|  0%| F|  |TAMS 0x0000000750600000| PB 0x0000000750600000| Untracked |  0
| 103|0x0000000750800000, 0x0000000750800000, 0x0000000750a00000|  0%| F|  |TAMS 0x0000000750800000| PB 0x0000000750800000| Untracked |  0
| 104|0x0000000750a00000, 0x0000000750a00000, 0x0000000750c00000|  0%| F|  |TAMS 0x0000000750a00000| PB 0x0000000750a00000| Untracked |  0
| 105|0x0000000750c00000, 0x0000000750c00000, 0x0000000750e00000|  0%| F|  |TAMS 0x0000000750c00000| PB 0x0000000750c00000| Untracked |  0
| 106|0x0000000750e00000, 0x0000000750e00000, 0x0000000751000000|  0%| F|  |TAMS 0x0000000750e00000| PB 0x0000000750e00000| Untracked |  0
| 107|0x0000000751000000, 0x0000000751000000, 0x0000000751200000|  0%| F|  |TAMS 0x0000000751000000| PB 0x0000000751000000| Untracked |  0
| 108|0x0000000751200000, 0x0000000751200000, 0x0000000751400000|  0%| F|  |TAMS 0x0000000751200000| PB 0x0000000751200000| Untracked |  0
| 109|0x0000000751400000, 0x0000000751400000, 0x0000000751600000|  0%| F|  |TAMS 0x0000000751400000| PB 0x0000000751400000| Untracked |  0
| 110|0x0000000751600000, 0x0000000751600000, 0x0000000751800000|  0%| F|  |TAMS 0x0000000751600000| PB 0x0000000751600000| Untracked |  0
| 111|0x0000000751800000, 0x0000000751800000, 0x0000000751a00000|  0%| F|  |TAMS 0x0000000751800000| PB 0x0000000751800000| Untracked |  0
| 112|0x0000000751a00000, 0x0000000751a00000, 0x0000000751c00000|  0%| F|  |TAMS 0x0000000751a00000| PB 0x0000000751a00000| Untracked |  0
| 113|0x0000000751c00000, 0x0000000751c00000, 0x0000000751e00000|  0%| F|  |TAMS 0x0000000751c00000| PB 0x0000000751c00000| Untracked |  0
| 114|0x0000000751e00000, 0x0000000751e00000, 0x0000000752000000|  0%| F|  |TAMS 0x0000000751e00000| PB 0x0000000751e00000| Untracked |  0
| 115|0x0000000752000000, 0x0000000752000000, 0x0000000752200000|  0%| F|  |TAMS 0x0000000752000000| PB 0x0000000752000000| Untracked |  0
| 116|0x0000000752200000, 0x0000000752200000, 0x0000000752400000|  0%| F|  |TAMS 0x0000000752200000| PB 0x0000000752200000| Untracked |  0
| 117|0x0000000752400000, 0x0000000752400000, 0x0000000752600000|  0%| F|  |TAMS 0x0000000752400000| PB 0x0000000752400000| Untracked |  0
| 118|0x0000000752600000, 0x0000000752600000, 0x0000000752800000|  0%| F|  |TAMS 0x0000000752600000| PB 0x0000000752600000| Untracked |  0
| 119|0x0000000752800000, 0x0000000752800000, 0x0000000752a00000|  0%| F|  |TAMS 0x0000000752800000| PB 0x0000000752800000| Untracked |  0
| 120|0x0000000752a00000, 0x0000000752a00000, 0x0000000752c00000|  0%| F|  |TAMS 0x0000000752a00000| PB 0x0000000752a00000| Untracked |  0
| 121|0x0000000752c00000, 0x0000000752c00000, 0x0000000752e00000|  0%| F|  |TAMS 0x0000000752c00000| PB 0x0000000752c00000| Untracked |  0
| 122|0x0000000752e00000, 0x0000000752e00000, 0x0000000753000000|  0%| F|  |TAMS 0x0000000752e00000| PB 0x0000000752e00000| Untracked |  0
| 123|0x0000000753000000, 0x0000000753000000, 0x0000000753200000|  0%| F|  |TAMS 0x0000000753000000| PB 0x0000000753000000| Untracked |  0
| 124|0x0000000753200000, 0x0000000753200000, 0x0000000753400000|  0%| F|  |TAMS 0x0000000753200000| PB 0x0000000753200000| Untracked |  0
| 125|0x0000000753400000, 0x0000000753400000, 0x0000000753600000|  0%| F|  |TAMS 0x0000000753400000| PB 0x0000000753400000| Untracked |  0
| 126|0x0000000753600000, 0x0000000753600000, 0x0000000753800000|  0%| F|  |TAMS 0x0000000753600000| PB 0x0000000753600000| Untracked |  0
| 127|0x0000000753800000, 0x0000000753800000, 0x0000000753a00000|  0%| F|  |TAMS 0x0000000753800000| PB 0x0000000753800000| Untracked |  0
| 128|0x0000000753a00000, 0x0000000753a00000, 0x0000000753c00000|  0%| F|  |TAMS 0x0000000753a00000| PB 0x0000000753a00000| Untracked |  0
| 129|0x0000000753c00000, 0x0000000753c00000, 0x0000000753e00000|  0%| F|  |TAMS 0x0000000753c00000| PB 0x0000000753c00000| Untracked |  0
| 130|0x0000000753e00000, 0x0000000753e00000, 0x0000000754000000|  0%| F|  |TAMS 0x0000000753e00000| PB 0x0000000753e00000| Untracked |  0
| 131|0x0000000754000000, 0x0000000754000000, 0x0000000754200000|  0%| F|  |TAMS 0x0000000754000000| PB 0x0000000754000000| Untracked |  0
| 132|0x0000000754200000, 0x0000000754200000, 0x0000000754400000|  0%| F|  |TAMS 0x0000000754200000| PB 0x0000000754200000| Untracked |  0
| 133|0x0000000754400000, 0x0000000754400000, 0x0000000754600000|  0%| F|  |TAMS 0x0000000754400000| PB 0x0000000754400000| Untracked |  0
| 134|0x0000000754600000, 0x0000000754600000, 0x0000000754800000|  0%| F|  |TAMS 0x0000000754600000| PB 0x0000000754600000| Untracked |  0
| 135|0x0000000754800000, 0x0000000754800000, 0x0000000754a00000|  0%| F|  |TAMS 0x0000000754800000| PB 0x0000000754800000| Untracked |  0
| 136|0x0000000754a00000, 0x0000000754a00000, 0x0000000754c00000|  0%| F|  |TAMS 0x0000000754a00000| PB 0x0000000754a00000| Untracked |  0
| 137|0x0000000754c00000, 0x0000000754c00000, 0x0000000754e00000|  0%| F|  |TAMS 0x0000000754c00000| PB 0x0000000754c00000| Untracked |  0
| 138|0x0000000754e00000, 0x0000000754e00000, 0x0000000755000000|  0%| F|  |TAMS 0x0000000754e00000| PB 0x0000000754e00000| Untracked |  0
| 139|0x0000000755000000, 0x0000000755000000, 0x0000000755200000|  0%| F|  |TAMS 0x0000000755000000| PB 0x0000000755000000| Untracked |  0
| 140|0x0000000755200000, 0x0000000755200000, 0x0000000755400000|  0%| F|  |TAMS 0x0000000755200000| PB 0x0000000755200000| Untracked |  0
| 141|0x0000000755400000, 0x0000000755400000, 0x0000000755600000|  0%| F|  |TAMS 0x0000000755400000| PB 0x0000000755400000| Untracked |  0
| 142|0x0000000755600000, 0x0000000755600000, 0x0000000755800000|  0%| F|  |TAMS 0x0000000755600000| PB 0x0000000755600000| Untracked |  0
| 143|0x0000000755800000, 0x0000000755800000, 0x0000000755a00000|  0%| F|  |TAMS 0x0000000755800000| PB 0x0000000755800000| Untracked |  0
| 144|0x0000000755a00000, 0x0000000755a00000, 0x0000000755c00000|  0%| F|  |TAMS 0x0000000755a00000| PB 0x0000000755a00000| Untracked |  0
| 145|0x0000000755c00000, 0x0000000755c00000, 0x0000000755e00000|  0%| F|  |TAMS 0x0000000755c00000| PB 0x0000000755c00000| Untracked |  0
| 146|0x0000000755e00000, 0x0000000755e00000, 0x0000000756000000|  0%| F|  |TAMS 0x0000000755e00000| PB 0x0000000755e00000| Untracked |  0
| 147|0x0000000756000000, 0x0000000756000000, 0x0000000756200000|  0%| F|  |TAMS 0x0000000756000000| PB 0x0000000756000000| Untracked |  0
| 148|0x0000000756200000, 0x0000000756200000, 0x0000000756400000|  0%| F|  |TAMS 0x0000000756200000| PB 0x0000000756200000| Untracked |  0
| 149|0x0000000756400000, 0x0000000756400000, 0x0000000756600000|  0%| F|  |TAMS 0x0000000756400000| PB 0x0000000756400000| Untracked |  0
| 150|0x0000000756600000, 0x0000000756600000, 0x0000000756800000|  0%| F|  |TAMS 0x0000000756600000| PB 0x0000000756600000| Untracked |  0
| 151|0x0000000756800000, 0x0000000756800000, 0x0000000756a00000|  0%| F|  |TAMS 0x0000000756800000| PB 0x0000000756800000| Untracked |  0
| 152|0x0000000756a00000, 0x0000000756a00000, 0x0000000756c00000|  0%| F|  |TAMS 0x0000000756a00000| PB 0x0000000756a00000| Untracked |  0
| 153|0x0000000756c00000, 0x0000000756c00000, 0x0000000756e00000|  0%| F|  |TAMS 0x0000000756c00000| PB 0x0000000756c00000| Untracked |  0
| 154|0x0000000756e00000, 0x0000000756e00000, 0x0000000757000000|  0%| F|  |TAMS 0x0000000756e00000| PB 0x0000000756e00000| Untracked |  0
| 155|0x0000000757000000, 0x0000000757000000, 0x0000000757200000|  0%| F|  |TAMS 0x0000000757000000| PB 0x0000000757000000| Untracked |  0
| 156|0x0000000757200000, 0x0000000757200000, 0x0000000757400000|  0%| F|  |TAMS 0x0000000757200000| PB 0x0000000757200000| Untracked |  0
| 157|0x0000000757400000, 0x0000000757400000, 0x0000000757600000|  0%| F|  |TAMS 0x0000000757400000| PB 0x0000000757400000| Untracked |  0
| 158|0x0000000757600000, 0x0000000757600000, 0x0000000757800000|  0%| F|  |TAMS 0x0000000757600000| PB 0x0000000757600000| Untracked |  0
| 159|0x0000000757800000, 0x0000000757800000, 0x0000000757a00000|  0%| F|  |TAMS 0x0000000757800000| PB 0x0000000757800000| Untracked |  0
| 160|0x0000000757a00000, 0x0000000757a00000, 0x0000000757c00000|  0%| F|  |TAMS 0x0000000757a00000| PB 0x0000000757a00000| Untracked |  0
| 161|0x0000000757c00000, 0x0000000757c00000, 0x0000000757e00000|  0%| F|  |TAMS 0x0000000757c00000| PB 0x0000000757c00000| Untracked |  0
| 162|0x0000000757e00000, 0x0000000757e00000, 0x0000000758000000|  0%| F|  |TAMS 0x0000000757e00000| PB 0x0000000757e00000| Untracked |  0
| 163|0x0000000758000000, 0x0000000758000000, 0x0000000758200000|  0%| F|  |TAMS 0x0000000758000000| PB 0x0000000758000000| Untracked |  0
| 164|0x0000000758200000, 0x0000000758200000, 0x0000000758400000|  0%| F|  |TAMS 0x0000000758200000| PB 0x0000000758200000| Untracked |  0
| 165|0x0000000758400000, 0x0000000758400000, 0x0000000758600000|  0%| F|  |TAMS 0x0000000758400000| PB 0x0000000758400000| Untracked |  0
| 166|0x0000000758600000, 0x0000000758600000, 0x0000000758800000|  0%| F|  |TAMS 0x0000000758600000| PB 0x0000000758600000| Untracked |  0
| 167|0x0000000758800000, 0x0000000758800000, 0x0000000758a00000|  0%| F|  |TAMS 0x0000000758800000| PB 0x0000000758800000| Untracked |  0
| 168|0x0000000758a00000, 0x0000000758a00000, 0x0000000758c00000|  0%| F|  |TAMS 0x0000000758a00000| PB 0x0000000758a00000| Untracked |  0
| 169|0x0000000758c00000, 0x0000000758c00000, 0x0000000758e00000|  0%| F|  |TAMS 0x0000000758c00000| PB 0x0000000758c00000| Untracked |  0
| 170|0x0000000758e00000, 0x0000000758e00000, 0x0000000759000000|  0%| F|  |TAMS 0x0000000758e00000| PB 0x0000000758e00000| Untracked |  0
| 171|0x0000000759000000, 0x0000000759000000, 0x0000000759200000|  0%| F|  |TAMS 0x0000000759000000| PB 0x0000000759000000| Untracked |  0
| 172|0x0000000759200000, 0x0000000759200000, 0x0000000759400000|  0%| F|  |TAMS 0x0000000759200000| PB 0x0000000759200000| Untracked |  0
| 173|0x0000000759400000, 0x0000000759400000, 0x0000000759600000|  0%| F|  |TAMS 0x0000000759400000| PB 0x0000000759400000| Untracked |  0
| 174|0x0000000759600000, 0x0000000759600000, 0x0000000759800000|  0%| F|  |TAMS 0x0000000759600000| PB 0x0000000759600000| Untracked |  0
| 175|0x0000000759800000, 0x0000000759800000, 0x0000000759a00000|  0%| F|  |TAMS 0x0000000759800000| PB 0x0000000759800000| Untracked |  0
| 176|0x0000000759a00000, 0x0000000759a00000, 0x0000000759c00000|  0%| F|  |TAMS 0x0000000759a00000| PB 0x0000000759a00000| Untracked |  0
| 177|0x0000000759c00000, 0x0000000759c00000, 0x0000000759e00000|  0%| F|  |TAMS 0x0000000759c00000| PB 0x0000000759c00000| Untracked |  0
| 178|0x0000000759e00000, 0x0000000759e00000, 0x000000075a000000|  0%| F|  |TAMS 0x0000000759e00000| PB 0x0000000759e00000| Untracked |  0
| 179|0x000000075a000000, 0x000000075a000000, 0x000000075a200000|  0%| F|  |TAMS 0x000000075a000000| PB 0x000000075a000000| Untracked |  0
| 180|0x000000075a200000, 0x000000075a200000, 0x000000075a400000|  0%| F|  |TAMS 0x000000075a200000| PB 0x000000075a200000| Untracked |  0
| 181|0x000000075a400000, 0x000000075a400000, 0x000000075a600000|  0%| F|  |TAMS 0x000000075a400000| PB 0x000000075a400000| Untracked |  0
| 182|0x000000075a600000, 0x000000075a600000, 0x000000075a800000|  0%| F|  |TAMS 0x000000075a600000| PB 0x000000075a600000| Untracked |  0
| 183|0x000000075a800000, 0x000000075a800000, 0x000000075aa00000|  0%| F|  |TAMS 0x000000075a800000| PB 0x000000075a800000| Untracked |  0
| 184|0x000000075aa00000, 0x000000075ac00000, 0x000000075ac00000|100%|HS|  |TAMS 0x000000075aa00000| PB 0x000000075aa00000| Complete |  0
| 185|0x000000075ac00000, 0x000000075ae00000, 0x000000075ae00000|100%|HC|  |TAMS 0x000000075ac00000| PB 0x000000075ac00000| Complete |  0
| 186|0x000000075ae00000, 0x000000075b000000, 0x000000075b000000|100%|HC|  |TAMS 0x000000075ae00000| PB 0x000000075ae00000| Complete |  0
| 187|0x000000075b000000, 0x000000075b200000, 0x000000075b200000|100%|HC|  |TAMS 0x000000075b000000| PB 0x000000075b000000| Complete |  0
| 188|0x000000075b200000, 0x000000075b400000, 0x000000075b400000|100%|HC|  |TAMS 0x000000075b200000| PB 0x000000075b200000| Complete |  0
| 189|0x000000075b400000, 0x000000075b600000, 0x000000075b600000|100%|HC|  |TAMS 0x000000075b400000| PB 0x000000075b400000| Complete |  0
| 190|0x000000075b600000, 0x000000075b800000, 0x000000075b800000|100%|HS|  |TAMS 0x000000075b600000| PB 0x000000075b600000| Complete |  0
| 191|0x000000075b800000, 0x000000075ba00000, 0x000000075ba00000|100%|HC|  |TAMS 0x000000075b800000| PB 0x000000075b800000| Complete |  0
| 192|0x000000075ba00000, 0x000000075bc00000, 0x000000075bc00000|100%|HC|  |TAMS 0x000000075ba00000| PB 0x000000075ba00000| Complete |  0
| 193|0x000000075bc00000, 0x000000075be00000, 0x000000075be00000|100%|HC|  |TAMS 0x000000075bc00000| PB 0x000000075bc00000| Complete |  0
| 194|0x000000075be00000, 0x000000075c000000, 0x000000075c000000|100%|HC|  |TAMS 0x000000075be00000| PB 0x000000075be00000| Complete |  0
| 195|0x000000075c000000, 0x000000075c200000, 0x000000075c200000|100%|HC|  |TAMS 0x000000075c000000| PB 0x000000075c000000| Complete |  0
| 196|0x000000075c200000, 0x000000075c400000, 0x000000075c400000|100%|HS|  |TAMS 0x000000075c200000| PB 0x000000075c200000| Complete |  0
| 197|0x000000075c400000, 0x000000075c600000, 0x000000075c600000|100%|HC|  |TAMS 0x000000075c400000| PB 0x000000075c400000| Complete |  0
| 198|0x000000075c600000, 0x000000075c800000, 0x000000075c800000|100%|HC|  |TAMS 0x000000075c600000| PB 0x000000075c600000| Complete |  0
| 199|0x000000075c800000, 0x000000075ca00000, 0x000000075ca00000|100%|HC|  |TAMS 0x000000075c800000| PB 0x000000075c800000| Complete |  0
| 200|0x000000075ca00000, 0x000000075cc00000, 0x000000075cc00000|100%|HC|  |TAMS 0x000000075ca00000| PB 0x000000075ca00000| Complete |  0
| 201|0x000000075cc00000, 0x000000075ce00000, 0x000000075ce00000|100%|HC|  |TAMS 0x000000075cc00000| PB 0x000000075cc00000| Complete |  0
| 202|0x000000075ce00000, 0x000000075cf22050, 0x000000075d000000| 56%| S|CS|TAMS 0x000000075ce00000| PB 0x000000075ce00000| Complete |  0
| 203|0x000000075d000000, 0x000000075d000000, 0x000000075d200000|  0%| F|  |TAMS 0x000000075d000000| PB 0x000000075d000000| Untracked |  0
| 204|0x000000075d200000, 0x000000075d200000, 0x000000075d400000|  0%| F|  |TAMS 0x000000075d200000| PB 0x000000075d200000| Untracked |  0
| 205|0x000000075d400000, 0x000000075d400000, 0x000000075d600000|  0%| F|  |TAMS 0x000000075d400000| PB 0x000000075d400000| Untracked |  0
| 206|0x000000075d600000, 0x000000075d600000, 0x000000075d800000|  0%| F|  |TAMS 0x000000075d600000| PB 0x000000075d600000| Untracked |  0
| 207|0x000000075d800000, 0x000000075d800000, 0x000000075da00000|  0%| F|  |TAMS 0x000000075d800000| PB 0x000000075d800000| Untracked |  0
| 208|0x000000075da00000, 0x000000075da00000, 0x000000075dc00000|  0%| F|  |TAMS 0x000000075da00000| PB 0x000000075da00000| Untracked |  0
| 209|0x000000075dc00000, 0x000000075dc00000, 0x000000075de00000|  0%| F|  |TAMS 0x000000075dc00000| PB 0x000000075dc00000| Untracked |  0
| 210|0x000000075de00000, 0x000000075de00000, 0x000000075e000000|  0%| F|  |TAMS 0x000000075de00000| PB 0x000000075de00000| Untracked |  0
| 211|0x000000075e000000, 0x000000075e000000, 0x000000075e200000|  0%| F|  |TAMS 0x000000075e000000| PB 0x000000075e000000| Untracked |  0
| 212|0x000000075e200000, 0x000000075e200000, 0x000000075e400000|  0%| F|  |TAMS 0x000000075e200000| PB 0x000000075e200000| Untracked |  0
| 213|0x000000075e400000, 0x000000075e400000, 0x000000075e600000|  0%| F|  |TAMS 0x000000075e400000| PB 0x000000075e400000| Untracked |  0
| 214|0x000000075e600000, 0x000000075e600000, 0x000000075e800000|  0%| F|  |TAMS 0x000000075e600000| PB 0x000000075e600000| Untracked |  0
| 215|0x000000075e800000, 0x000000075e800000, 0x000000075ea00000|  0%| F|  |TAMS 0x000000075e800000| PB 0x000000075e800000| Untracked |  0
| 216|0x000000075ea00000, 0x000000075ea00000, 0x000000075ec00000|  0%| F|  |TAMS 0x000000075ea00000| PB 0x000000075ea00000| Untracked |  0
| 217|0x000000075ec00000, 0x000000075ec00000, 0x000000075ee00000|  0%| F|  |TAMS 0x000000075ec00000| PB 0x000000075ec00000| Untracked |  0
| 218|0x000000075ee00000, 0x000000075ee00000, 0x000000075f000000|  0%| F|  |TAMS 0x000000075ee00000| PB 0x000000075ee00000| Untracked |  0
| 219|0x000000075f000000, 0x000000075f000000, 0x000000075f200000|  0%| F|  |TAMS 0x000000075f000000| PB 0x000000075f000000| Untracked |  0
| 220|0x000000075f200000, 0x000000075f200000, 0x000000075f400000|  0%| F|  |TAMS 0x000000075f200000| PB 0x000000075f200000| Untracked |  0
| 221|0x000000075f400000, 0x000000075f400000, 0x000000075f600000|  0%| F|  |TAMS 0x000000075f400000| PB 0x000000075f400000| Untracked |  0
| 222|0x000000075f600000, 0x000000075f600000, 0x000000075f800000|  0%| F|  |TAMS 0x000000075f600000| PB 0x000000075f600000| Untracked |  0
| 223|0x000000075f800000, 0x000000075f800000, 0x000000075fa00000|  0%| F|  |TAMS 0x000000075f800000| PB 0x000000075f800000| Untracked |  0
| 224|0x000000075fa00000, 0x000000075fa00000, 0x000000075fc00000|  0%| F|  |TAMS 0x000000075fa00000| PB 0x000000075fa00000| Untracked |  0
| 225|0x000000075fc00000, 0x000000075fc00000, 0x000000075fe00000|  0%| F|  |TAMS 0x000000075fc00000| PB 0x000000075fc00000| Untracked |  0
| 226|0x000000075fe00000, 0x000000075fe00000, 0x0000000760000000|  0%| F|  |TAMS 0x000000075fe00000| PB 0x000000075fe00000| Untracked |  0
| 227|0x0000000760000000, 0x0000000760000000, 0x0000000760200000|  0%| F|  |TAMS 0x0000000760000000| PB 0x0000000760000000| Untracked |  0
| 228|0x0000000760200000, 0x0000000760200000, 0x0000000760400000|  0%| F|  |TAMS 0x0000000760200000| PB 0x0000000760200000| Untracked |  0
| 229|0x0000000760400000, 0x0000000760400000, 0x0000000760600000|  0%| F|  |TAMS 0x0000000760400000| PB 0x0000000760400000| Untracked |  0
| 230|0x0000000760600000, 0x0000000760600000, 0x0000000760800000|  0%| F|  |TAMS 0x0000000760600000| PB 0x0000000760600000| Untracked |  0
| 231|0x0000000760800000, 0x0000000760800000, 0x0000000760a00000|  0%| F|  |TAMS 0x0000000760800000| PB 0x0000000760800000| Untracked |  0
| 232|0x0000000760a00000, 0x0000000760acb048, 0x0000000760c00000| 39%| E|  |TAMS 0x0000000760a00000| PB 0x0000000760a00000| Complete |  0
| 233|0x0000000760c00000, 0x0000000760e00000, 0x0000000760e00000|100%| E|CS|TAMS 0x0000000760c00000| PB 0x0000000760c00000| Complete |  0
|1504|0x00000007ffa00000, 0x00000007ffa5db60, 0x00000007ffc00000| 18%| O|  |TAMS 0x00000007ffa00000| PB 0x00000007ffa00000| Untracked |  0
|1505|0x00000007ffc00000, 0x00000007ffe00000, 0x00000007ffe00000|100%| O|  |TAMS 0x00000007ffc00000| PB 0x00000007ffc00000| Untracked |  0
|1506|0x00000007ffe00000, 0x0000000800000000, 0x0000000800000000|100%| O|  |TAMS 0x00000007ffe00000| PB 0x00000007ffe00000| Untracked |  0

Card table byte_map: [0x0000012d40ef0000,0x0000012d414e0000] _byte_map_base: 0x0000012d3d4d3000

Marking Bits: (CMBitMap*) 0x0000012d28de2770
 Bits: [0x0000012d414e0000, 0x0000012d443f8000)

Polling page: 0x0000012d26c10000

Metaspace:

Usage:
  Non-class:     62.85 MB used.
      Class:     10.07 MB used.
       Both:     72.92 MB used.

Virtual space:
  Non-class space:      128.00 MB reserved,      63.25 MB ( 49%) committed,  2 nodes.
      Class space:        1.00 GB reserved,      10.38 MB (  1%) committed,  1 nodes.
             Both:        1.12 GB reserved,      73.62 MB (  6%) committed. 

Chunk freelists:
   Non-Class:  15.88 MB
       Class:  5.67 MB
        Both:  21.55 MB

MaxMetaspaceSize: unlimited
CompressedClassSpaceSize: 1.00 GB
Initial GC threshold: 21.00 MB
Current GC threshold: 122.75 MB
CDS: on
 - commit_granule_bytes: 65536.
 - commit_granule_words: 8192.
 - virtual_space_node_default_size: 8388608.
 - enlarge_chunks_in_place: 1.
 - use_allocation_guard: 0.


Internal statistics:

num_allocs_failed_limit: 9.
num_arena_births: 1058.
num_arena_deaths: 0.
num_vsnodes_births: 3.
num_vsnodes_deaths: 0.
num_space_committed: 1178.
num_space_uncommitted: 0.
num_chunks_returned_to_freelist: 9.
num_chunks_taken_from_freelist: 3734.
num_chunk_merges: 9.
num_chunk_splits: 2675.
num_chunks_enlarged: 2067.
num_inconsistent_stats: 0.

CodeHeap 'non-profiled nmethods': size=120064Kb used=3291Kb max_used=3803Kb free=116772Kb
 bounds [0x0000012d38f70000, 0x0000012d39330000, 0x0000012d404b0000]
CodeHeap 'profiled nmethods': size=120000Kb used=9873Kb max_used=10369Kb free=110126Kb
 bounds [0x0000012d314b0000, 0x0000012d31ee0000, 0x0000012d389e0000]
CodeHeap 'non-nmethods': size=5696Kb used=1886Kb max_used=1947Kb free=3810Kb
 bounds [0x0000012d389e0000, 0x0000012d38c50000, 0x0000012d38f70000]
CodeCache: size=245760Kb, used=15050Kb, max_used=16119Kb, free=230708Kb
 total_blobs=7466, nmethods=6708, adapters=663, full_count=0
Compilation: enabled, stopped_count=0, restarted_count=0

Compilation events (20 events):
Event: 239.173 Thread 0x0000012d46e9d720 nmethod 7896 0x0000012d3156bd88 code [0x0000012d3156bfa0, 0x0000012d3156cc18]
Event: 239.209 Thread 0x0000012d46e9c920 7899       4       java.nio.HeapByteBuffer::slice (49 bytes)
Event: 239.219 Thread 0x0000012d46e9c920 nmethod 7899 0x0000012d390c8e88 code [0x0000012d390c8fa0, 0x0000012d390c9358]
Event: 239.219 Thread 0x0000012d46e9c920 7900       4       java.nio.HeapByteBuffer::<init> (31 bytes)
Event: 239.226 Thread 0x0000012d46e9c920 nmethod 7900 0x0000012d39200a08 code [0x0000012d39200b20, 0x0000012d39200f68]
Event: 239.247 Thread 0x0000012d46e9d720 7901       1       org.apache.coyote.Response::getContentLengthLong (5 bytes)
Event: 239.247 Thread 0x0000012d46e9d720 nmethod 7901 0x0000012d390a1a08 code [0x0000012d390a1b20, 0x0000012d390a1be8]
Event: 239.247 Thread 0x0000012d46e9d720 7902       3       org.apache.tomcat.util.http.MimeHeaders::getValue (44 bytes)
Event: 239.248 Thread 0x0000012d46e9d720 nmethod 7902 0x0000012d31a23f08 code [0x0000012d31a24060, 0x0000012d31a243a0]
Event: 239.248 Thread 0x0000012d46e9d720 7903       3       org.apache.coyote.http11.Http11OutputBuffer::checkLengthBeforeWrite (39 bytes)
Event: 239.249 Thread 0x0000012d46e9d720 nmethod 7903 0x0000012d3165ac88 code [0x0000012d3165ade0, 0x0000012d3165b098]
Event: 239.251 Thread 0x0000012d46e9c920 7904       4       org.springframework.web.context.request.async.StandardServletAsyncWebRequest$LifecycleHttpServletResponse::obtainLockOrRaiseException (57 bytes)
Event: 239.273 Thread 0x0000012d46e9c920 nmethod 7904 0x0000012d390ad088 code [0x0000012d390ad220, 0x0000012d390ad868]
Event: 239.273 Thread 0x0000012d46e9c920 7906       4       java.nio.Buffer::rewind (12 bytes)
Event: 239.274 Thread 0x0000012d46e9c920 nmethod 7906 0x0000012d390e3a08 code [0x0000012d390e3b00, 0x0000012d390e3b88]
Event: 239.274 Thread 0x0000012d46e9c920 7905   !   4       org.springframework.web.context.request.async.StandardServletAsyncWebRequest::tryObtainLock (69 bytes)
Event: 239.277 Thread 0x0000012d46e9c920 nmethod 7905 0x0000012d3910ec88 code [0x0000012d3910edc0, 0x0000012d3910ef60]
Event: 239.282 Thread 0x0000012d46e9c920 7907       4       org.apache.catalina.connector.CoyoteOutputStream::checkNonBlockingWrite (48 bytes)
Event: 239.284 Thread 0x0000012d46e9c920 nmethod 7907 0x0000012d391fef08 code [0x0000012d391ff020, 0x0000012d391ff118]
Event: 239.284 Thread 0x0000012d46e9c920 7908   !   4       org.springframework.web.context.request.async.StandardServletAsyncWebRequest$LifecycleServletOutputStream::write (71 bytes)

GC Heap History (20 events):
Event: 6.482 GC heap before
{Heap before GC invocations=10 (full 0):
 garbage-first heap   total reserved 3086336K, committed 67584K, used 49786K [0x0000000743a00000, 0x0000000800000000)
  region size 2048K, 17 young (34816K), 3 survivors (6144K)
 Metaspace       used 53029K, committed 53632K, reserved 1114112K
  class space    used 7093K, committed 7360K, reserved 1048576K
}
Event: 6.492 GC heap after
{Heap after GC invocations=11 (full 0):
 garbage-first heap   total reserved 3086336K, committed 67584K, used 25338K [0x0000000743a00000, 0x0000000800000000)
  region size 2048K, 3 young (6144K), 3 survivors (6144K)
 Metaspace       used 53029K, committed 53632K, reserved 1114112K
  class space    used 7093K, committed 7360K, reserved 1048576K
}
Event: 7.049 GC heap before
{Heap before GC invocations=11 (full 0):
 garbage-first heap   total reserved 3086336K, committed 67584K, used 54010K [0x0000000743a00000, 0x0000000800000000)
  region size 2048K, 17 young (34816K), 3 survivors (6144K)
 Metaspace       used 58961K, committed 59520K, reserved 1114112K
  class space    used 8076K, committed 8320K, reserved 1048576K
}
Event: 7.058 GC heap after
{Heap after GC invocations=12 (full 0):
 garbage-first heap   total reserved 3086336K, committed 67584K, used 26917K [0x0000000743a00000, 0x0000000800000000)
  region size 2048K, 2 young (4096K), 2 survivors (4096K)
 Metaspace       used 58961K, committed 59520K, reserved 1114112K
  class space    used 8076K, committed 8320K, reserved 1048576K
}
Event: 7.292 GC heap before
{Heap before GC invocations=12 (full 0):
 garbage-first heap   total reserved 3086336K, committed 67584K, used 28965K [0x0000000743a00000, 0x0000000800000000)
  region size 2048K, 4 young (8192K), 2 survivors (4096K)
 Metaspace       used 59650K, committed 60288K, reserved 1114112K
  class space    used 8158K, committed 8448K, reserved 1048576K
}
Event: 7.297 GC heap after
{Heap after GC invocations=13 (full 0):
 garbage-first heap   total reserved 3086336K, committed 67584K, used 26475K [0x0000000743a00000, 0x0000000800000000)
  region size 2048K, 1 young (2048K), 1 survivors (2048K)
 Metaspace       used 59650K, committed 60288K, reserved 1114112K
  class space    used 8158K, committed 8448K, reserved 1048576K
}
Event: 8.025 GC heap before
{Heap before GC invocations=14 (full 0):
 garbage-first heap   total reserved 3086336K, committed 67584K, used 57195K [0x0000000743a00000, 0x0000000800000000)
  region size 2048K, 16 young (32768K), 1 survivors (2048K)
 Metaspace       used 63879K, committed 64512K, reserved 1114112K
  class space    used 8762K, committed 9024K, reserved 1048576K
}
Event: 8.028 GC heap after
{Heap after GC invocations=15 (full 0):
 garbage-first heap   total reserved 3086336K, committed 67584K, used 29285K [0x0000000743a00000, 0x0000000800000000)
  region size 2048K, 2 young (4096K), 2 survivors (4096K)
 Metaspace       used 63879K, committed 64512K, reserved 1114112K
  class space    used 8762K, committed 9024K, reserved 1048576K
}
Event: 8.789 GC heap before
{Heap before GC invocations=15 (full 0):
 garbage-first heap   total reserved 3086336K, committed 67584K, used 55909K [0x0000000743a00000, 0x0000000800000000)
  region size 2048K, 15 young (30720K), 2 survivors (4096K)
 Metaspace       used 68821K, committed 69504K, reserved 1114112K
  class space    used 9478K, committed 9792K, reserved 1048576K
}
Event: 8.797 GC heap after
{Heap after GC invocations=16 (full 0):
 garbage-first heap   total reserved 3086336K, committed 67584K, used 31200K [0x0000000743a00000, 0x0000000800000000)
  region size 2048K, 2 young (4096K), 2 survivors (4096K)
 Metaspace       used 68821K, committed 69504K, reserved 1114112K
  class space    used 9478K, committed 9792K, reserved 1048576K
}
Event: 9.416 GC heap before
{Heap before GC invocations=16 (full 0):
 garbage-first heap   total reserved 3086336K, committed 67584K, used 53728K [0x0000000743a00000, 0x0000000800000000)
  region size 2048K, 13 young (26624K), 2 survivors (4096K)
 Metaspace       used 71457K, committed 72192K, reserved 1114112K
  class space    used 9874K, committed 10176K, reserved 1048576K
}
Event: 9.421 GC heap after
{Heap after GC invocations=17 (full 0):
 garbage-first heap   total reserved 3086336K, committed 67584K, used 33585K [0x0000000743a00000, 0x0000000800000000)
  region size 2048K, 2 young (4096K), 2 survivors (4096K)
 Metaspace       used 71457K, committed 72192K, reserved 1114112K
  class space    used 9874K, committed 10176K, reserved 1048576K
}
Event: 129.586 GC heap before
{Heap before GC invocations=18 (full 0):
 garbage-first heap   total reserved 3086336K, committed 202752K, used 199473K [0x0000000743a00000, 0x0000000800000000)
  region size 2048K, 8 young (16384K), 2 survivors (4096K)
 Metaspace       used 74131K, committed 74880K, reserved 1114112K
  class space    used 10268K, committed 10560K, reserved 1048576K
}
Event: 129.595 GC heap after
{Heap after GC invocations=19 (full 0):
 garbage-first heap   total reserved 3086336K, committed 208896K, used 59237K [0x0000000743a00000, 0x0000000800000000)
  region size 2048K, 1 young (2048K), 1 survivors (2048K)
 Metaspace       used 74131K, committed 74880K, reserved 1114112K
  class space    used 10268K, committed 10560K, reserved 1048576K
}
Event: 238.798 GC heap before
{Heap before GC invocations=19 (full 0):
 garbage-first heap   total reserved 3086336K, committed 417792K, used 413541K [0x0000000743a00000, 0x0000000800000000)
  region size 2048K, 5 young (10240K), 1 survivors (2048K)
 Metaspace       used 74674K, committed 75392K, reserved 1179648K
  class space    used 10313K, committed 10624K, reserved 1048576K
}
Event: 238.830 GC heap after
{Heap after GC invocations=20 (full 0):
 garbage-first heap   total reserved 3086336K, committed 421888K, used 71517K [0x0000000743a00000, 0x0000000800000000)
  region size 2048K, 1 young (2048K), 1 survivors (2048K)
 Metaspace       used 74674K, committed 75392K, reserved 1179648K
  class space    used 10313K, committed 10624K, reserved 1048576K
}
Event: 238.886 GC heap before
{Heap before GC invocations=20 (full 0):
 garbage-first heap   total reserved 3086336K, committed 421888K, used 147293K [0x0000000743a00000, 0x0000000800000000)
  region size 2048K, 2 young (4096K), 1 survivors (2048K)
 Metaspace       used 74674K, committed 75392K, reserved 1179648K
  class space    used 10313K, committed 10624K, reserved 1048576K
}
Event: 238.892 GC heap after
{Heap after GC invocations=21 (full 0):
 garbage-first heap   total reserved 3086336K, committed 421888K, used 122453K [0x0000000743a00000, 0x0000000800000000)
  region size 2048K, 1 young (2048K), 1 survivors (2048K)
 Metaspace       used 74674K, committed 75392K, reserved 1179648K
  class space    used 10313K, committed 10624K, reserved 1048576K
}
Event: 238.918 GC heap before
{Heap before GC invocations=21 (full 0):
 garbage-first heap   total reserved 3086336K, committed 421888K, used 140885K [0x0000000743a00000, 0x0000000800000000)
  region size 2048K, 1 young (2048K), 1 survivors (2048K)
 Metaspace       used 74674K, committed 75392K, reserved 1179648K
  class space    used 10313K, committed 10624K, reserved 1048576K
}
Event: 238.922 GC heap after
{Heap after GC invocations=22 (full 0):
 garbage-first heap   total reserved 3086336K, committed 507904K, used 130558K [0x0000000743a00000, 0x0000000800000000)
  region size 2048K, 1 young (2048K), 1 survivors (2048K)
 Metaspace       used 74674K, committed 75392K, reserved 1179648K
  class space    used 10313K, committed 10624K, reserved 1048576K
}

Dll operation events (14 events):
Event: 0.016 Loaded shared library C:\Users\23765\.jdks\openjdk-23.0.2\bin\java.dll
Event: 0.062 Loaded shared library C:\Users\23765\.jdks\openjdk-23.0.2\bin\jsvml.dll
Event: 0.176 Loaded shared library C:\Users\23765\.jdks\openjdk-23.0.2\bin\zip.dll
Event: 0.181 Loaded shared library C:\Users\23765\.jdks\openjdk-23.0.2\bin\instrument.dll
Event: 0.188 Loaded shared library C:\Users\23765\.jdks\openjdk-23.0.2\bin\net.dll
Event: 0.191 Loaded shared library C:\Users\23765\.jdks\openjdk-23.0.2\bin\nio.dll
Event: 0.195 Loaded shared library C:\Users\23765\.jdks\openjdk-23.0.2\bin\zip.dll
Event: 0.315 Loaded shared library C:\Program Files\JetBrains\IntelliJ IDEA Community Edition 2024.3\bin\breakgen64.dll
Event: 0.329 Loaded shared library C:\Users\23765\.jdks\openjdk-23.0.2\bin\extnet.dll
Event: 0.374 Loaded shared library C:\Users\23765\.jdks\openjdk-23.0.2\bin\jimage.dll
Event: 2.005 Loaded shared library C:\Users\23765\.jdks\openjdk-23.0.2\bin\sunmscapi.dll
Event: 4.105 Loaded shared library C:\Users\23765\.jdks\openjdk-23.0.2\bin\management.dll
Event: 4.107 Loaded shared library C:\Users\23765\.jdks\openjdk-23.0.2\bin\management_ext.dll
Event: 4.864 Loaded shared library C:\Users\23765\.jdks\openjdk-23.0.2\bin\verify.dll

Deoptimization events (20 events):
Event: 233.216 Thread 0x0000012d8e5c1520 Uncommon trap: trap_request=0xffffff9d fr.pc=0x0000012d392f1028 relative=0x00000000000001e8
Event: 233.216 Thread 0x0000012d8e5c1520 Uncommon trap: reason=unreached action=reinterpret pc=0x0000012d392f1028 method=org.apache.coyote.http11.Http11OutputBuffer$SocketOutputBuffer.doWrite(Ljava/nio/ByteBuffer;)I @ 71 c2
Event: 233.216 Thread 0x0000012d8e5c1520 DEOPT PACKING pc=0x0000012d392f1028 sp=0x00000005bfbfb100
Event: 233.216 Thread 0x0000012d8e5c1520 DEOPT UNPACKING pc=0x0000012d38a37982 sp=0x00000005bfbfb090 mode 2
Event: 233.216 Thread 0x0000012d8e5c1520 Uncommon trap: trap_request=0xffffff9d fr.pc=0x0000012d39307ca8 relative=0x000000000000b9c8
Event: 233.216 Thread 0x0000012d8e5c1520 Uncommon trap: reason=unreached action=reinterpret pc=0x0000012d39307ca8 method=org.apache.catalina.connector.OutputBuffer.realWriteBytes(Ljava/nio/ByteBuffer;)V @ 34 c2
Event: 233.216 Thread 0x0000012d8e5c1520 DEOPT PACKING pc=0x0000012d39307ca8 sp=0x00000005bfbfb140
Event: 233.216 Thread 0x0000012d8e5c1520 DEOPT UNPACKING pc=0x0000012d38a37982 sp=0x00000005bfbfb1d8 mode 2
Event: 233.234 Thread 0x0000012d8e5c1520 Uncommon trap: trap_request=0xffffff45 fr.pc=0x0000012d3930cf8c relative=0x0000000000003eec
Event: 233.234 Thread 0x0000012d8e5c1520 Uncommon trap: reason=unstable_if action=reinterpret pc=0x0000012d3930cf8c method=org.apache.tomcat.util.net.SocketBufferHandler.setWriteBufferConfiguredForWrite(Z)V @ 21 c2
Event: 233.234 Thread 0x0000012d8e5c1520 DEOPT PACKING pc=0x0000012d3930cf8c sp=0x00000005bfbfec50
Event: 233.234 Thread 0x0000012d8e5c1520 DEOPT UNPACKING pc=0x0000012d38a37982 sp=0x00000005bfbfe9e8 mode 2
Event: 238.639 Thread 0x0000012d8e5bfae0 Uncommon trap: trap_request=0xffffffde fr.pc=0x0000012d392e9a78 relative=0x0000000000000278
Event: 238.639 Thread 0x0000012d8e5bfae0 Uncommon trap: reason=class_check action=maybe_recompile pc=0x0000012d392e9a78 method=java.nio.ByteBuffer.putBuffer(ILjava/nio/ByteBuffer;II)V @ 1 c2
Event: 238.639 Thread 0x0000012d8e5bfae0 DEOPT PACKING pc=0x0000012d392e9a78 sp=0x00000005bf4fe800
Event: 238.639 Thread 0x0000012d8e5bfae0 DEOPT UNPACKING pc=0x0000012d38a37982 sp=0x00000005bf4fe728 mode 2
Event: 238.674 Thread 0x0000012d8e5c0e90 Uncommon trap: trap_request=0xffffffde fr.pc=0x0000012d392ea284 relative=0x0000000000000144
Event: 238.674 Thread 0x0000012d8e5c0e90 Uncommon trap: reason=class_check action=maybe_recompile pc=0x0000012d392ea284 method=java.nio.ByteBuffer.putBuffer(ILjava/nio/ByteBuffer;II)V @ 1 c2
Event: 238.674 Thread 0x0000012d8e5c0e90 DEOPT PACKING pc=0x0000012d392ea284 sp=0x00000005bf5fe570
Event: 238.674 Thread 0x0000012d8e5c0e90 DEOPT UNPACKING pc=0x0000012d38a37982 sp=0x00000005bf5fe528 mode 2

Classes loaded (20 events):
Event: 127.644 Loading class java/util/concurrent/locks/ReentrantReadWriteLock$Sync$HoldCounter
Event: 127.645 Loading class java/util/concurrent/locks/ReentrantReadWriteLock$Sync$HoldCounter done
Event: 128.193 Loading class java/time/format/DateTimeFormatterBuilder$ZoneTextPrinterParser
Event: 128.197 Loading class java/time/format/DateTimeFormatterBuilder$ZoneTextPrinterParser done
Event: 128.198 Loading class java/time/format/DateTimeFormatterBuilder$ReducedPrinterParser
Event: 128.206 Loading class java/time/format/DateTimeFormatterBuilder$ReducedPrinterParser done
Event: 129.374 Loading class java/util/OptionalInt
Event: 129.375 Loading class java/util/OptionalInt done
Event: 129.375 Loading class java/util/OptionalLong
Event: 129.376 Loading class java/util/OptionalLong done
Event: 129.376 Loading class java/util/OptionalDouble
Event: 129.376 Loading class java/util/OptionalDouble done
Event: 129.398 Loading class java/util/stream/LongStream
Event: 129.399 Loading class java/util/stream/LongStream done
Event: 129.400 Loading class java/util/stream/DoubleStream
Event: 129.405 Loading class java/util/stream/DoubleStream done
Event: 129.547 Loading class org/w3c/dom/Node
Event: 129.548 Loading class org/w3c/dom/Node done
Event: 129.548 Loading class org/w3c/dom/Document
Event: 129.549 Loading class org/w3c/dom/Document done

Classes unloaded (0 events):
No events

Classes redefined (0 events):
No events

Internal exceptions (20 events):
Event: 8.595 Thread 0x0000012d26aa0100 Exception <a 'java/lang/IncompatibleClassChangeError'{0x0000000746614750}: Found class java.lang.Object, but interface was expected> (0x0000000746614750) 
thrown [s\open\src\hotspot\share\interpreter\linkResolver.cpp, line 863]
Event: 8.604 Thread 0x0000012d26aa0100 Exception <a 'java/lang/NoSuchMethodError'{0x000000074668f670}: 'void java.lang.invoke.Invokers$Holder.invokeExact_MT(java.lang.Object, java.lang.Object, int, java.lang.Object)'> (0x000000074668f670) 
thrown [s\open\src\hotspot\share\interpreter\linkResolver.cpp, line 796]
Event: 8.920 Thread 0x0000012d26aa0100 Exception <a 'java/lang/IncompatibleClassChangeError'{0x000000074c17a2f0}: Found class java.lang.Object, but interface was expected> (0x000000074c17a2f0) 
thrown [s\open\src\hotspot\share\interpreter\linkResolver.cpp, line 863]
Event: 9.130 Thread 0x0000012d26aa0100 Exception <a 'java/lang/NoSuchMethodError'{0x00000007471bd5a8}: 'void java.lang.invoke.DirectMethodHandle$Holder.invokeVirtual(java.lang.Object, java.lang.Object, long)'> (0x00000007471bd5a8) 
thrown [s\open\src\hotspot\share\interpreter\linkResolver.cpp, line 796]
Event: 9.195 Thread 0x0000012d26aa0100 Exception <a 'java/lang/NoSuchMethodError'{0x0000000746ff8f10}: 'int java.lang.invoke.DirectMethodHandle$Holder.invokeStaticInit(java.lang.Object, java.lang.Object, java.lang.Object, java.lang.Object)'> (0x0000000746ff8f10) 
thrown [s\open\src\hotspot\share\interpreter\linkResolver.cpp, line 796]
Event: 9.297 Thread 0x0000012d26aa0100 Exception <a 'java/lang/IncompatibleClassChangeError'{0x0000000746b4d2f0}: Found class java.lang.Object, but interface was expected> (0x0000000746b4d2f0) 
thrown [s\open\src\hotspot\share\interpreter\linkResolver.cpp, line 863]
Event: 9.401 Thread 0x0000012d26aa0100 Exception <a 'java/lang/NoSuchMethodError'{0x000000074673a358}: 'void java.lang.invoke.DirectMethodHandle$Holder.invokeSpecial(java.lang.Object, java.lang.Object, int, java.lang.Object, java.lang.Object, java.lang.Object, java.lang.Object)'> (0x000000074673a358) 
thrown [s\open\src\hotspot\share\interpreter\linkResolver.cpp, line 796]
Event: 9.402 Thread 0x0000012d26aa0100 Exception <a 'java/lang/NoSuchMethodError'{0x0000000746741200}: 'java.lang.Object java.lang.invoke.DirectMethodHandle$Holder.newInvokeSpecial(java.lang.Object, java.lang.Object, int, java.lang.Object, java.lang.Object)'> (0x0000000746741200) 
thrown [s\open\src\hotspot\share\interpreter\linkResolver.cpp, line 796]
Event: 127.495 Thread 0x0000012d8e5c35f0 Exception <a 'java/lang/NoSuchMethodError'{0x000000074f7e2cd8}: 'java.lang.Object java.lang.invoke.DirectMethodHandle$Holder.invokeStatic(java.lang.Object, java.lang.Object, java.lang.Object, int, int)'> (0x000000074f7e2cd8) 
thrown [s\open\src\hotspot\share\interpreter\linkResolver.cpp, line 796]
Event: 127.495 Thread 0x0000012d8e5c35f0 Exception <a 'java/lang/NoSuchMethodError'{0x000000074f7e6448}: 'java.lang.Object java.lang.invoke.DirectMethodHandle$Holder.invokeStaticInit(java.lang.Object, java.lang.Object, java.lang.Object, int, int)'> (0x000000074f7e6448) 
thrown [s\open\src\hotspot\share\interpreter\linkResolver.cpp, line 796]
Event: 127.564 Thread 0x0000012d8e5c1bb0 Exception <a 'java/lang/NoSuchMethodError'{0x000000074c332520}: 'java.lang.Object java.lang.invoke.DirectMethodHandle$Holder.invokeSpecial(java.lang.Object, java.lang.Object, java.lang.Object, java.lang.Object, java.lang.Object, long)'> (0x000000074c332520) 
thrown [s\open\src\hotspot\share\interpreter\linkResolver.cpp, line 796]
Event: 127.565 Thread 0x0000012d8e5c1bb0 Exception <a 'java/lang/NoSuchMethodError'{0x000000074c335cb0}: 'java.lang.Object java.lang.invoke.Invokers$Holder.linkToTargetMethod(java.lang.Object, java.lang.Object, java.lang.Object, long, java.lang.Object)'> (0x000000074c335cb0) 
thrown [s\open\src\hotspot\share\interpreter\linkResolver.cpp, line 796]
Event: 128.323 Thread 0x0000012d8e5bfae0 Exception <a 'java/lang/NoSuchMethodError'{0x000000074bfbc258}: 'java.lang.Object java.lang.invoke.DirectMethodHandle$Holder.invokeInterface(java.lang.Object, java.lang.Object, java.lang.Object, java.lang.Object)'> (0x000000074bfbc258) 
thrown [s\open\src\hotspot\share\interpreter\linkResolver.cpp, line 796]
Event: 128.323 Thread 0x0000012d8e5c1bb0 Exception <a 'java/lang/NoSuchMethodError'{0x000000074bfcad90}: 'java.lang.Object java.lang.invoke.DirectMethodHandle$Holder.invokeInterface(java.lang.Object, java.lang.Object, java.lang.Object, java.lang.Object)'> (0x000000074bfcad90) 
thrown [s\open\src\hotspot\share\interpreter\linkResolver.cpp, line 796]
Event: 128.329 Thread 0x0000012d8e5c1bb0 Exception <a 'java/lang/NoSuchMethodError'{0x000000074bfe0a80}: 'java.lang.Object java.lang.invoke.DirectMethodHandle$Holder.invokeInterface(java.lang.Object, java.lang.Object, java.lang.Object, java.lang.Object, java.lang.Object)'> (0x000000074bfe0a80) 
thrown [s\open\src\hotspot\share\interpreter\linkResolver.cpp, line 796]
Event: 128.329 Thread 0x0000012d8e5bfae0 Exception <a 'java/lang/NoSuchMethodError'{0x000000074bfeb390}: 'java.lang.Object java.lang.invoke.DirectMethodHandle$Holder.invokeInterface(java.lang.Object, java.lang.Object, java.lang.Object, java.lang.Object, java.lang.Object)'> (0x000000074bfeb390) 
thrown [s\open\src\hotspot\share\interpreter\linkResolver.cpp, line 796]
Event: 222.451 Thread 0x0000012d8e5c0170 Exception <a 'java/net/SocketException'{0x000000074eea2f20}: Connection reset by peer: shutdown> (0x000000074eea2f20) 
thrown [s\open\src\hotspot\share\prims\jni.cpp, line 539]
Event: 233.212 Thread 0x0000012d8e5c1bb0 Exception <a 'java/net/SocketException'{0x000000074f61bc20}: Connection reset by peer: shutdown> (0x000000074f61bc20) 
thrown [s\open\src\hotspot\share\prims\jni.cpp, line 539]
Event: 233.215 Thread 0x0000012d8e5c1520 Exception <a 'java/io/IOException'{0x000000074effe2e0}> (0x000000074effe2e0) 
thrown [s\open\src\hotspot\share\prims\jni.cpp, line 520]
Event: 233.234 Thread 0x0000012d8e5c1520 Exception <a 'java/io/IOException'{0x000000074ed19898}> (0x000000074ed19898) 
thrown [s\open\src\hotspot\share\prims\jni.cpp, line 520]

VM Operations (20 events):
Event: 129.327 Executing VM operation: HandshakeAllThreads (Deoptimize)
Event: 129.350 Executing VM operation: HandshakeAllThreads (Deoptimize) done
Event: 129.460 Executing VM operation: HandshakeAllThreads (Deoptimize)
Event: 129.494 Executing VM operation: HandshakeAllThreads (Deoptimize) done
Event: 129.586 Executing VM operation: G1CollectForAllocation (G1 Evacuation Pause)
Event: 129.595 Executing VM operation: G1CollectForAllocation (G1 Evacuation Pause) done
Event: 180.302 Executing VM operation: HandshakeAllThreads (HandshakeForDeflation)
Event: 180.302 Executing VM operation: HandshakeAllThreads (HandshakeForDeflation) done
Event: 180.302 Executing VM operation: RendezvousGCThreads
Event: 180.302 Executing VM operation: RendezvousGCThreads done
Event: 238.798 Executing VM operation: G1CollectForAllocation (G1 Evacuation Pause)
Event: 238.830 Executing VM operation: G1CollectForAllocation (G1 Evacuation Pause) done
Event: 238.868 Executing VM operation: G1TryInitiateConcMark (G1 Humongous Allocation)
Event: 238.892 Executing VM operation: G1TryInitiateConcMark (G1 Humongous Allocation) done
Event: 238.913 Executing VM operation: G1TryInitiateConcMark (G1 Humongous Allocation)
Event: 238.922 Executing VM operation: G1TryInitiateConcMark (G1 Humongous Allocation) done
Event: 239.016 Executing VM operation: G1PauseRemark
Event: 239.068 Executing VM operation: G1PauseRemark done
Event: 239.090 Executing VM operation: G1PauseCleanup
Event: 239.111 Executing VM operation: G1PauseCleanup done

Memory protections (0 events):
No events

Nmethod flushes (20 events):
Event: 239.064 Thread 0x0000012d46e69ca0 flushing  nmethod 0x0000012d31861988
Event: 239.064 Thread 0x0000012d46e69ca0 flushing  nmethod 0x0000012d31863c08
Event: 239.064 Thread 0x0000012d46e69ca0 flushing  nmethod 0x0000012d318e9b08
Event: 239.064 Thread 0x0000012d46e69ca0 flushing  nmethod 0x0000012d318eac88
Event: 239.064 Thread 0x0000012d46e69ca0 flushing  nmethod 0x0000012d31920208
Event: 239.064 Thread 0x0000012d46e69ca0 flushing  nmethod 0x0000012d3194b908
Event: 239.064 Thread 0x0000012d46e69ca0 flushing  nmethod 0x0000012d3198f088
Event: 239.064 Thread 0x0000012d46e69ca0 flushing  nmethod 0x0000012d319bf988
Event: 239.064 Thread 0x0000012d46e69ca0 flushing  nmethod 0x0000012d31a4b308
Event: 239.064 Thread 0x0000012d46e69ca0 flushing  nmethod 0x0000012d31adc508
Event: 239.064 Thread 0x0000012d46e69ca0 flushing  nmethod 0x0000012d31b72b88
Event: 239.064 Thread 0x0000012d46e69ca0 flushing  nmethod 0x0000012d31b72f08
Event: 239.064 Thread 0x0000012d46e69ca0 flushing  nmethod 0x0000012d31681788
Event: 239.064 Thread 0x0000012d46e69ca0 flushing  nmethod 0x0000012d31705488
Event: 239.064 Thread 0x0000012d46e69ca0 flushing  nmethod 0x0000012d31736808
Event: 239.064 Thread 0x0000012d46e69ca0 flushing  nmethod 0x0000012d317bc608
Event: 239.064 Thread 0x0000012d46e69ca0 flushing  nmethod 0x0000012d317fc788
Event: 239.065 Thread 0x0000012d46e69ca0 flushing  nmethod 0x0000012d317ff108
Event: 239.065 Thread 0x0000012d46e69ca0 flushing  nmethod 0x0000012d31dcc208
Event: 239.065 Thread 0x0000012d46e69ca0 flushing  nmethod 0x0000012d31e10708

Events (20 events):
Event: 7.870 Thread 0x0000012d26aa0100 Thread added: 0x0000012d8fc58290
Event: 9.415 Thread 0x0000012d26aa0100 Thread added: 0x0000012d8e5c1bb0
Event: 9.416 Thread 0x0000012d26aa0100 Thread added: 0x0000012d8e5bfae0
Event: 9.416 Thread 0x0000012d26aa0100 Thread added: 0x0000012d8e5c0e90
Event: 9.416 Thread 0x0000012d26aa0100 Thread added: 0x0000012d8e5be0a0
Event: 9.416 Thread 0x0000012d26aa0100 Thread added: 0x0000012d8e5bedc0
Event: 9.416 Thread 0x0000012d26aa0100 Thread added: 0x0000012d8e5c0800
Event: 9.416 Thread 0x0000012d26aa0100 Thread added: 0x0000012d8e5c0170
Event: 9.416 Thread 0x0000012d26aa0100 Thread added: 0x0000012d8e5c3c80
Event: 9.421 Thread 0x0000012d26aa0100 Thread added: 0x0000012d8e5c1520
Event: 9.421 Thread 0x0000012d26aa0100 Thread added: 0x0000012d8e5c28d0
Event: 9.436 Thread 0x0000012d26aa0100 Thread added: 0x0000012d8e5c2f60
Event: 9.438 Thread 0x0000012d26aa0100 Thread added: 0x0000012d8e5c35f0
Event: 9.472 Thread 0x0000012d26aa0100 Thread exited: 0x0000012d26aa0100
Event: 9.472 Thread 0x0000012d8e5bccf0 Thread added: 0x0000012d8e5bccf0
Event: 11.140 Thread 0x0000012d8fc5a360 Thread exited: 0x0000012d8fc5a360
Event: 11.140 Thread 0x0000012d90950040 Thread exited: 0x0000012d90950040
Event: 16.147 Thread 0x0000012d90302c40 Thread exited: 0x0000012d90302c40
Event: 203.641 Thread 0x0000012d8e5c0800 Thread added: 0x0000012d8e5be730
Event: 208.650 Thread 0x0000012d8e5be730 Thread exited: 0x0000012d8e5be730


Dynamic libraries:
0x00007ff715200000 - 0x00007ff71520e000 	C:\Users\23765\.jdks\openjdk-23.0.2\bin\java.exe
0x00007ffe20290000 - 0x00007ffe204a7000 	C:\WINDOWS\SYSTEM32\ntdll.dll
0x00007ffe1f150000 - 0x00007ffe1f214000 	C:\WINDOWS\System32\KERNEL32.DLL
0x00007ffe1d380000 - 0x00007ffe1d752000 	C:\WINDOWS\System32\KERNELBASE.dll
0x00007ffe1dd10000 - 0x00007ffe1de21000 	C:\WINDOWS\System32\ucrtbase.dll
0x00007ffe158b0000 - 0x00007ffe158c7000 	C:\Users\23765\.jdks\openjdk-23.0.2\bin\jli.dll
0x00007ffe160d0000 - 0x00007ffe160eb000 	C:\Users\23765\.jdks\openjdk-23.0.2\bin\VCRUNTIME140.dll
0x00007ffe1ff90000 - 0x00007ffe20141000 	C:\WINDOWS\System32\USER32.dll
0x00007ffe07400000 - 0x00007ffe0769b000 	C:\WINDOWS\WinSxS\amd64_microsoft.windows.common-controls_6595b64144ccf1df_6.0.22621.5415_none_270d77d17387d7da\COMCTL32.dll
0x00007ffe1db70000 - 0x00007ffe1db96000 	C:\WINDOWS\System32\win32u.dll
0x00007ffe1fb40000 - 0x00007ffe1fbe7000 	C:\WINDOWS\System32\msvcrt.dll
0x00007ffe1e060000 - 0x00007ffe1e089000 	C:\WINDOWS\System32\GDI32.dll
0x00007ffe1da40000 - 0x00007ffe1db63000 	C:\WINDOWS\System32\gdi32full.dll
0x00007ffe1d920000 - 0x00007ffe1d9ba000 	C:\WINDOWS\System32\msvcp_win.dll
0x00007ffe1ed00000 - 0x00007ffe1ed31000 	C:\WINDOWS\System32\IMM32.DLL
0x00007ffe158f0000 - 0x00007ffe158fc000 	C:\Users\23765\.jdks\openjdk-23.0.2\bin\vcruntime140_1.dll
0x00007ffe0a3f0000 - 0x00007ffe0a47e000 	C:\Users\23765\.jdks\openjdk-23.0.2\bin\msvcp140.dll
0x00007ffd9e780000 - 0x00007ffd9f4d0000 	C:\Users\23765\.jdks\openjdk-23.0.2\bin\server\jvm.dll
0x00007ffe1dfa0000 - 0x00007ffe1e051000 	C:\WINDOWS\System32\ADVAPI32.dll
0x00007ffe1ed50000 - 0x00007ffe1edf8000 	C:\WINDOWS\System32\sechost.dll
0x00007ffe1de30000 - 0x00007ffe1de58000 	C:\WINDOWS\System32\bcrypt.dll
0x00007ffe1f030000 - 0x00007ffe1f144000 	C:\WINDOWS\System32\RPCRT4.dll
0x00007ffe1e460000 - 0x00007ffe1e4d1000 	C:\WINDOWS\System32\WS2_32.dll
0x00007ffe1d250000 - 0x00007ffe1d29d000 	C:\WINDOWS\SYSTEM32\POWRPROF.dll
0x00007ffe17ad0000 - 0x00007ffe17b04000 	C:\WINDOWS\SYSTEM32\WINMM.dll
0x00007ffe15b50000 - 0x00007ffe15b5a000 	C:\WINDOWS\SYSTEM32\VERSION.dll
0x00007ffe1d230000 - 0x00007ffe1d243000 	C:\WINDOWS\SYSTEM32\UMPDC.dll
0x00007ffe1c3b0000 - 0x00007ffe1c3c8000 	C:\WINDOWS\SYSTEM32\kernel.appcore.dll
0x00007ffe158a0000 - 0x00007ffe158aa000 	C:\Users\23765\.jdks\openjdk-23.0.2\bin\jimage.dll
0x00007ffe1a5d0000 - 0x00007ffe1a803000 	C:\WINDOWS\SYSTEM32\DBGHELP.DLL
0x00007ffe1fbf0000 - 0x00007ffe1ff83000 	C:\WINDOWS\System32\combase.dll
0x00007ffe20160000 - 0x00007ffe20237000 	C:\WINDOWS\System32\OLEAUT32.dll
0x00007ffe05ae0000 - 0x00007ffe05b12000 	C:\WINDOWS\SYSTEM32\dbgcore.DLL
0x00007ffe1d9c0000 - 0x00007ffe1da3b000 	C:\WINDOWS\System32\bcryptPrimitives.dll
0x00007ffe0bb40000 - 0x00007ffe0bb4f000 	C:\Users\23765\.jdks\openjdk-23.0.2\bin\instrument.dll
0x00007ffe0bb20000 - 0x00007ffe0bb3e000 	C:\Users\23765\.jdks\openjdk-23.0.2\bin\java.dll
0x00007ffe1eb60000 - 0x00007ffe1ed00000 	C:\WINDOWS\System32\ole32.dll
0x00007ffe1f290000 - 0x00007ffe1fb32000 	C:\WINDOWS\System32\SHELL32.dll
0x00007ffe1d7e0000 - 0x00007ffe1d91f000 	C:\WINDOWS\System32\wintypes.dll
0x00007ffe1b2b0000 - 0x00007ffe1bbce000 	C:\WINDOWS\SYSTEM32\windows.storage.dll
0x00007ffe1e2a0000 - 0x00007ffe1e3ab000 	C:\WINDOWS\System32\SHCORE.dll
0x00007ffe1ef60000 - 0x00007ffe1efc9000 	C:\WINDOWS\System32\shlwapi.dll
0x00007ffe1d2b0000 - 0x00007ffe1d2db000 	C:\WINDOWS\SYSTEM32\profapi.dll
0x00007ffe0a240000 - 0x00007ffe0a317000 	C:\Users\23765\.jdks\openjdk-23.0.2\bin\jsvml.dll
0x00007ffe0b8b0000 - 0x00007ffe0b8c7000 	C:\Users\23765\.jdks\openjdk-23.0.2\bin\zip.dll
0x00007ffe0b9d0000 - 0x00007ffe0b9e0000 	C:\Users\23765\.jdks\openjdk-23.0.2\bin\net.dll
0x00007ffe1c830000 - 0x00007ffe1c899000 	C:\WINDOWS\system32\mswsock.dll
0x00007ffe0b8d0000 - 0x00007ffe0b8e6000 	C:\Users\23765\.jdks\openjdk-23.0.2\bin\nio.dll
0x00007ffe0b6d0000 - 0x00007ffe0b6ea000 	C:\Program Files\JetBrains\IntelliJ IDEA Community Edition 2024.3\bin\breakgen64.dll
0x00007ffe0b9c0000 - 0x00007ffe0b9c9000 	C:\Users\23765\.jdks\openjdk-23.0.2\bin\extnet.dll
0x00007ffe0b750000 - 0x00007ffe0b75e000 	C:\Users\23765\.jdks\openjdk-23.0.2\bin\sunmscapi.dll
0x00007ffe1dba0000 - 0x00007ffe1dd07000 	C:\WINDOWS\System32\CRYPT32.dll
0x00007ffe1cc20000 - 0x00007ffe1cc4d000 	C:\WINDOWS\SYSTEM32\ncrypt.dll
0x00007ffe1cbe0000 - 0x00007ffe1cc17000 	C:\WINDOWS\SYSTEM32\NTASN1.dll
0x00007ffe1ca80000 - 0x00007ffe1ca9b000 	C:\WINDOWS\SYSTEM32\CRYPTSP.dll
0x00007ffe1c310000 - 0x00007ffe1c347000 	C:\WINDOWS\system32\rsaenh.dll
0x00007ffe1c920000 - 0x00007ffe1c948000 	C:\WINDOWS\SYSTEM32\USERENV.dll
0x00007ffe1caa0000 - 0x00007ffe1caac000 	C:\WINDOWS\SYSTEM32\CRYPTBASE.dll
0x00007ffe1be30000 - 0x00007ffe1be5d000 	C:\WINDOWS\SYSTEM32\IPHLPAPI.DLL
0x00007ffe1eb50000 - 0x00007ffe1eb59000 	C:\WINDOWS\System32\NSI.dll
0x00007ffe0b670000 - 0x00007ffe0b67a000 	C:\Users\23765\.jdks\openjdk-23.0.2\bin\management.dll
0x00007ffe0b5c0000 - 0x00007ffe0b5cb000 	C:\Users\23765\.jdks\openjdk-23.0.2\bin\management_ext.dll
0x00007ffe1ed40000 - 0x00007ffe1ed48000 	C:\WINDOWS\System32\PSAPI.DLL
0x00007ffe0b5b0000 - 0x00007ffe0b5c0000 	C:\Users\23765\.jdks\openjdk-23.0.2\bin\verify.dll
0x00007ffe1bea0000 - 0x00007ffe1bf98000 	C:\WINDOWS\SYSTEM32\DNSAPI.dll
0x00007ffe154b0000 - 0x00007ffe154ba000 	C:\Windows\System32\rasadhlp.dll
0x00007ffe153a0000 - 0x00007ffe15424000 	C:\WINDOWS\System32\fwpuclnt.dll
0x00007ffdcf620000 - 0x00007ffdcf628000 	C:\WINDOWS\system32\wshunix.dll

dbghelp: loaded successfully - version: 4.0.5 - missing functions: none
symbol engine: initialized successfully - sym options: 0x614 - pdb path: .;C:\Users\23765\.jdks\openjdk-23.0.2\bin;C:\WINDOWS\SYSTEM32;C:\WINDOWS\WinSxS\amd64_microsoft.windows.common-controls_6595b64144ccf1df_6.0.22621.5415_none_270d77d17387d7da;C:\Users\23765\.jdks\openjdk-23.0.2\bin\server;C:\Program Files\JetBrains\IntelliJ IDEA Community Edition 2024.3\bin

VM Arguments:
jvm_args: -javaagent:C:\Program Files\JetBrains\IntelliJ IDEA Community Edition 2024.3\lib\idea_rt.jar=52104:C:\Program Files\JetBrains\IntelliJ IDEA Community Edition 2024.3\bin -Dfile.encoding=UTF-8 -Dsun.stdout.encoding=UTF-8 -Dsun.stderr.encoding=UTF-8 
java_command: com.EasayHelp.EasayHelp.EasayHelpApplication
java_class_path (initial): D:\Institut saint Jean cours\Licence3\Soutenance\Projet\Backend\EasayHelp\target\classes;C:\Users\23765\.m2\repository\org\springframework\boot\spring-boot-starter-data-jpa\3.4.5\spring-boot-starter-data-jpa-3.4.5.jar;C:\Users\23765\.m2\repository\org\springframework\boot\spring-boot-starter\3.4.5\spring-boot-starter-3.4.5.jar;C:\Users\23765\.m2\repository\org\springframework\boot\spring-boot\3.4.5\spring-boot-3.4.5.jar;C:\Users\23765\.m2\repository\org\springframework\boot\spring-boot-autoconfigure\3.4.5\spring-boot-autoconfigure-3.4.5.jar;C:\Users\23765\.m2\repository\org\springframework\boot\spring-boot-starter-logging\3.4.5\spring-boot-starter-logging-3.4.5.jar;C:\Users\23765\.m2\repository\ch\qos\logback\logback-classic\1.5.18\logback-classic-1.5.18.jar;C:\Users\23765\.m2\repository\ch\qos\logback\logback-core\1.5.18\logback-core-1.5.18.jar;C:\Users\23765\.m2\repository\org\apache\logging\log4j\log4j-to-slf4j\2.24.3\log4j-to-slf4j-2.24.3.jar;C:\Users\23765\.m2\repository\org\apache\logging\log4j\log4j-api\2.24.3\log4j-api-2.24.3.jar;C:\Users\23765\.m2\repository\org\slf4j\jul-to-slf4j\2.0.17\jul-to-slf4j-2.0.17.jar;C:\Users\23765\.m2\repository\jakarta\annotation\jakarta.annotation-api\2.1.1\jakarta.annotation-api-2.1.1.jar;C:\Users\23765\.m2\repository\org\yaml\snakeyaml\2.3\snakeyaml-2.3.jar;C:\Users\23765\.m2\repository\org\springframework\boot\spring-boot-starter-jdbc\3.4.5\spring-boot-starter-jdbc-3.4.5.jar;C:\Users\23765\.m2\repository\com\zaxxer\HikariCP\5.1.0\HikariCP-5.1.0.jar;C:\Users\23765\.m2\repository\org\springframework\spring-jdbc\6.2.6\spring-jdbc-6.2.6.jar;C:\Users\23765\.m2\repository\org\hibernate\orm\hibernate-core\6.6.13.Final\hibernate-core-6.6.13.Final.jar;C:\Users\23765\.m2\repository\jakarta\persistence\jakarta.persistence-api\3.1.0\jakarta.persistence-api-3.1.0.jar;C:\Users\23765\.m2\repository\jakarta\transaction\jakarta.transaction-api\2.0.1\jakarta.transaction-api-2.0.1.jar;C:\Users\23765\.m2\repository\org\jboss\logging\jboss-logging\3.6.1.Final\jboss-logging-3.6.1.Final.jar;C:\Users\23765\.m2\repository\org\hibernate\common\hibernate-commons-annotations\7.0.3.Final\hibernate-commons-annotations-7.0.3.Final.jar;C:\Users\23765\.m2\repository\io\smallrye\jandex\3.2.0\jandex-3.2.0.jar;C:\Users\23765\.m2\repository\com\fasterxml\classmate\1.7.0\classmate-1.7.0.jar;C:\Users\23765\.m2\repository\org\glassfish\jaxb\jaxb-runtime\4.0.5\jaxb-runtime-4.0.5.jar;C:\Users\23765\.m2\repository\org\glassfish\jaxb\jaxb-core\4.0.5\jaxb-core-4.0.5.jar;C:\Users\23765\.m2\repository\org\glassfish\jaxb\txw2\4.0.5\txw2-4.0.5.jar;C:\Users\23765\.m2\repository\com\sun\istack\istack-commons-runtime\4.1.2\istack-commons-runtime-4.1.2.jar;C:\Users\23765\.m2\repository\jakarta\inject\jakarta.inject-api\2.0.1\jakarta.inject-api-2.0.1.jar;C:\Users\23765\.m2\repository\org\antlr\antlr4-runtime\4.13.0\antlr4-runtime-4.13.0.jar;C:\Users\23765\.m2\repository\org\springframework\data\spring-data-jpa\3.4.5\spring-data-jpa-3.4.5.jar;C:\Users\23765\.m2\repository\org\springframework\data\spring-data-commons\3.4.5\spring-data-commons-3.4.5.jar;C:\Users\23765\.m2\repository\org\springframework\spring-orm\6.2.6\spring-orm-6.2.6.jar;C:\Users\23765\.m2\repository\org\springframework\spring-tx\6.2.6\spring-tx-6.2.6.jar;C:\Users\23765\.m2\repository\org\slf4j\slf4j-api\2.0.17\slf4j-api-2.0.17.jar;C:\Users\23765\.m2\repository\org\springframework\spring-aspects\6.2.6\spring-aspects-6.2.6.jar;C:\Users\23765\.m2\repository\org\aspectj\aspectjweaver\1.9.24\aspectjweaver-1.9.24.jar;C:\Users\23765\.m2\repository\net\bytebuddy\byte-buddy\1.14.19\byte-buddy-1.14.19.jar;C:\Users\23765\.m2\repository\org\springframework\boot\spring-boot-starter-thymeleaf\3.4.5\spring-boot-starter-thymeleaf-3.4.5.jar;C:\Users\23765\.m2\repository\org\thymeleaf\thymeleaf-spring6\3.1.3.RELEASE\thymeleaf-spring6-3.1.3.RELEASE.jar;C:\Users\23765\.m2\repository\org\thymeleaf\thymeleaf\3.1.3.RELEASE\thymeleaf-3.1.3.RELEASE.jar;C:\Users\23765\.m2\repository\org\attoparser\attoparser\2.0.7.RELEASE\attoparser-2.0.7.RELEASE.jar;C:\Users\23765\.m2\repository\org\unbescape\unbescape\1.1.6.RELEASE\unbescape-1.1.6.RELEASE.jar;C:\Users\23765\.m2\repository\org\springframework\boot\spring-boot-starter-web\3.4.5\spring-boot-starter-web-3.4.5.jar;C:\Users\23765\.m2\repository\org\springframework\boot\spring-boot-starter-json\3.4.5\spring-boot-starter-json-3.4.5.jar;C:\Users\23765\.m2\repository\com\fasterxml\jackson\datatype\jackson-datatype-jdk8\2.18.3\jackson-datatype-jdk8-2.18.3.jar;C:\Users\23765\.m2\repository\com\fasterxml\jackson\datatype\jackson-datatype-jsr310\2.18.3\jackson-datatype-jsr310-2.18.3.jar;C:\Users\23765\.m2\repository\com\fasterxml\jackson\module\jackson-module-parameter-names\2.18.3\jackson-module-parameter-names-2.18.3.jar;C:\Users\23765\.m2\repository\org\springframework\boot\spring-boot-starter-tomcat\3.4.5\spring-boot-starter-tomcat-3.4.5.jar;C:\Users\23765\.m2\repository\org\apache\tomcat\embed\tomcat-embed-core\10.1.40\tomcat-embed-core-10.1.40.jar;C:\Users\23765\.m2\repository\org\apache\tomcat\embed\tomcat-embed-el\10.1.40\tomcat-embed-el-10.1.40.jar;C:\Users\23765\.m2\repository\org\apache\tomcat\embed\tomcat-embed-websocket\10.1.40\tomcat-embed-websocket-10.1.40.jar;C:\Users\23765\.m2\repository\org\springframework\spring-web\6.2.6\spring-web-6.2.6.jar;C:\Users\23765\.m2\repository\io\micrometer\micrometer-observation\1.14.6\micrometer-observation-1.14.6.jar;C:\Users\23765\.m2\repository\io\micrometer\micrometer-commons\1.14.6\micrometer-commons-1.14.6.jar;C:\Users\23765\.m2\repository\org\springframework\spring-webmvc\6.2.6\spring-webmvc-6.2.6.jar;C:\Users\23765\.m2\repository\com\mysql\mysql-connector-j\9.1.0\mysql-connector-j-9.1.0.jar;C:\Users\23765\.m2\repository\org\projectlombok\lombok\1.18.38\lombok-1.18.38.jar;C:\Users\23765\.m2\repository\jakarta\xml\bind\jakarta.xml.bind-api\4.0.2\jakarta.xml.bind-api-4.0.2.jar;C:\Users\23765\.m2\repository\jakarta\activation\jakarta.activation-api\2.1.3\jakarta.activation-api-2.1.3.jar;C:\Users\23765\.m2\repository\org\springframework\spring-core\6.2.6\spring-core-6.2.6.jar;C:\Users\23765\.m2\repository\org\springframework\spring-jcl\6.2.6\spring-jcl-6.2.6.jar;C:\Users\23765\.m2\repository\org\springframework\security\spring-security-config\6.3.4\spring-security-config-6.3.4.jar;C:\Users\23765\.m2\repository\org\springframework\security\spring-security-core\6.4.5\spring-security-core-6.4.5.jar;C:\Users\23765\.m2\repository\org\springframework\security\spring-security-crypto\6.4.5\spring-security-crypto-6.4.5.jar;C:\Users\23765\.m2\repository\org\springframework\spring-aop\6.2.6\spring-aop-6.2.6.jar;C:\Users\23765\.m2\repository\org\springframework\spring-beans\6.2.6\spring-beans-6.2.6.jar;C:\Users\23765\.m2\repository\org\springframework\spring-context\6.2.6\spring-context-6.2.6.jar;C:\Users\23765\.m2\repository\org\springframework\security\spring-security-web\6.3.4\spring-security-web-6.3.4.jar;C:\Users\23765\.m2\repository\org\springframework\spring-expression\6.2.6\spring-expression-6.2.6.jar;C:\Users\23765\.m2\repository\io\jsonwebtoken\jjwt-api\0.11.5\jjwt-api-0.11.5.jar;C:\Users\23765\.m2\repository\io\jsonwebtoken\jjwt-impl\0.11.5\jjwt-impl-0.11.5.jar;C:\Users\23765\.m2\repository\io\jsonwebtoken\jjwt-jackson\0.11.5\jjwt-jackson-0.11.5.jar;C:\Users\23765\.m2\repository\com\fasterxml\jackson\core\jackson-databind\2.18.3\jackson-databind-2.18.3.jar;C:\Users\23765\.m2\repository\com\fasterxml\jackson\core\jackson-annotations\2.18.3\jackson-annotations-2.18.3.jar;C:\Users\23765\.m2\repository\com\fasterxml\jackson\core\jackson-core\2.18.3\jackson-core-2.18.3.jar;C:\Users\23765\.m2\repository\org\springframework\boot\spring-boot-starter-mail\3.4.5\spring-boot-starter-mail-3.4.5.jar;C:\Users\23765\.m2\repository\org\springframework\spring-context-support\6.2.6\spring-context-support-6.2.6.jar;C:\Users\23765\.m2\repository\org\eclipse\angus\jakarta.mail\2.0.3\jakarta.mail-2.0.3.jar;C:\Users\23765\.m2\repository\org\eclipse\angus\angus-activation\2.0.2\angus-activation-2.0.2.jar
Launcher Type: SUN_STANDARD

[Global flags]
     intx CICompilerCount                          = 4                                         {product} {ergonomic}
     uint ConcGCThreads                            = 2                                         {product} {ergonomic}
     uint G1ConcRefinementThreads                  = 8                                         {product} {ergonomic}
   size_t G1HeapRegionSize                         = 2097152                                   {product} {ergonomic}
   size_t InitialHeapSize                          = 199229440                                 {product} {ergonomic}
   size_t MarkStackSize                            = 4194304                                   {product} {ergonomic}
   size_t MarkStackSizeMax                         = 536870912                                 {product} {ergonomic}
   size_t MaxHeapSize                              = 3160408064                                {product} {ergonomic}
   size_t MaxNewSize                               = 1895825408                                {product} {ergonomic}
   size_t MinHeapDeltaBytes                        = 2097152                                   {product} {ergonomic}
   size_t MinHeapSize                              = 8388608                                   {product} {ergonomic}
    uintx NonNMethodCodeHeapSize                   = 5832704                                {pd product} {ergonomic}
    uintx NonProfiledCodeHeapSize                  = 122945536                              {pd product} {ergonomic}
    uintx ProfiledCodeHeapSize                     = 122880000                              {pd product} {ergonomic}
    uintx ReservedCodeCacheSize                    = 251658240                              {pd product} {ergonomic}
     bool SegmentedCodeCache                       = true                                      {product} {ergonomic}
   size_t SoftMaxHeapSize                          = 3160408064                             {manageable} {ergonomic}
     bool UseCompressedOops                        = true                           {product lp64_product} {ergonomic}
     bool UseG1GC                                  = true                                      {product} {ergonomic}
     bool UseLargePagesIndividualAllocation        = false                                  {pd product} {ergonomic}

Logging:
Log output configuration:
 #0: stdout all=warning uptime,level,tags foldmultilines=false
 #1: stderr all=off uptime,level,tags foldmultilines=false

Environment Variables:
JAVA_HOME=C:\Program Files\Java\jdk-22
PATH=C:\ProgramData\Oracle\Java\javapath;C:\Program Files\Common Files\Oracle\Java\javapath;C:\Program Files (x86)\Common Files\Oracle\Java\java8path;C:\Program Files (x86)\Common Files\Oracle\Java\javapath;C:\Program Files (x86)\Mail Enable\BIN;C:\WINDOWS\system32;C:\WINDOWS;C:\WINDOWS\System32\Wbem;C:\WINDOWS\System32\WindowsPowerShell\v1.0\;C:\WINDOWS\System32\OpenSSH\;C:\Program Files\Java\jdk1.8.0_202\bin;C:\Program Files\dotnet\;C:\Program Files (x86)\Mail Enable\BIN64;c:\users\23765\appdata\local\programs\python\python311\scripts\;C:\Windows\System32;C:\Program Files\Php;C:\ProgramData\Microsoft\Windows\Start Menu\Programs\Node.js;C:\wamp64\bin\php\php5.6.40;C:\Program Files (x86)\Windows Kits\10\Windows Performance Toolkit\;C:\Program Files (x86)\Microsoft SQL Server\160\DTS\Binn\;C:\Program Files (x86)\Microsoft SQL Server\160\Tools\Binn\;C:\Program Files\Microsoft SQL Server\160\Tools\Binn\;C:\Program Files\Microsoft SQL Server\Client SDK\ODBC\170\Tools\Binn\;C:\Program Files\Microsoft SQL Server\160\DTS\Binn\;C:\Program Files\Microsoft SQL Server\150\Tools\Binn\;C:\Program Files\Git\cmd;C:\Program Files\Git\mingw64\bin;C:\Program Files\Git\usr\bin;C:\Program Files\nodejs\;C:\Spark\spark-3.5.3-bin-hadoop3\bin;C:\Hadoop;C:\Program Files\Java\jdk1.8.0_202;C:\Users\23765\AppData\Local\Programs\Python\Python311\Scripts\;C:\Users\23765\AppData\Local\Programs\Python\Python311\;C:\Users\23765\AppData\Local\Microsoft\WindowsApps;C:\Users\23765\AppData\Local\Programs\Microsoft VS Code\bin;C:\wamp64\bin\mysql\mysql8.0.27\bin;C:\Users\23765\AppData\Roaming\Microsoft\Windows\Start Menu\Programs\Python 3.11;c:\users\23765\appdata\local\programs\python\python311\scripts;C:\Windows\System32;C:\ProgramData\Microsoft\Windows\Start Menu\Programs\Node.js;C:\Users\23765\.dotnet\tools;C:\Users\23765\AppData\Roaming\npm;C:\Hadoop;C:\Spark\spark-3.5.3-bin-hadoop3\bin;D:\Institut saint Jean cours\Licence3\tutor\IntelliJ IDEA 2022.2.5\bin;
USERNAME=DELL
OS=Windows_NT
PROCESSOR_IDENTIFIER=Intel64 Family 6 Model 126 Stepping 5, GenuineIntel
TMP=C:\Users\23765\AppData\Local\Temp
TEMP=C:\Users\23765\AppData\Local\Temp




Periodic native trim disabled

---------------  S Y S T E M  ---------------

OS:
 Windows 11 , 64 bit Build 22621 (10.0.22621.5415)
OS uptime: 1 days 6:44 hours

CPU: total 8 (initial active 8) (4 cores per cpu, 2 threads per core) family 6 model 126 stepping 5 microcode 0xc6, cx8, cmov, fxsr, ht, mmx, 3dnowpref, sse, sse2, sse3, ssse3, sse4.1, sse4.2, popcnt, lzcnt, tsc, tscinvbit, avx, avx2, aes, erms, clmul, bmi1, bmi2, adx, avx512f, avx512dq, avx512cd, avx512bw, avx512vl, sha, fma, vzeroupper, avx512_vpopcntdq, avx512_vpclmulqdq, avx512_vaes, avx512_vnni, clflush, clflushopt, avx512_vbmi2, avx512_vbmi, rdtscp, rdpid, fsrm, gfni, avx512_bitalg, f16c, pku, avx512_ifma
Processor Information for the first 8 processors :
  Max Mhz: 1190, Current Mhz: 991, Mhz Limit: 987

Memory: 4k page, system-wide physical 12051M (565M free)
TotalPageFile size 32436M (AvailPageFile size 88M)
current process WorkingSet (physical memory assigned to process): 493M, peak: 493M
current process commit charge ("private bytes"): 711M, peak: 731M

vm_info: OpenJDK 64-Bit Server VM (23.0.2+7-58) for windows-amd64 JRE (23.0.2+7-58), built on 2024-11-29T09:34:55Z with MS VC++ 17.6 (VS2022)

END.
