#
# There is insufficient memory for the Java Runtime Environment to continue.
# Native memory allocation (malloc) failed to allocate 32744 bytes. Error detail: Chunk::new
# Possible reasons:
#   The system is out of physical RAM or swap space
#   This process is running with CompressedOops enabled, and the Java Heap may be blocking the growth of the native heap
# Possible solutions:
#   Reduce memory load on the system
#   Increase physical memory or swap space
#   Check if swap backing store is full
#   Decrease Java heap size (-Xmx/-Xms)
#   Decrease number of Java threads
#   Decrease Java thread stack sizes (-Xss)
#   Set larger code cache with -XX:ReservedCodeCacheSize=
#   JVM is running with Zero Based Compressed Oops mode in which the Java heap is
#     placed in the first 32GB address space. The Java Heap base address is the
#     maximum limit for the native heap growth. Please use -XX:HeapBaseMinAddress
#     to set the Java Heap base and to place the Java Heap above 32GB virtual address.
# This output file may be truncated or incomplete.
#
#  Out of Memory Error (arena.cpp:150), pid=1808, tid=604
#
# JRE version: Java(TM) SE Runtime Environment (22.0.1+8) (build 22.0.1+8-16)
# Java VM: Java HotSpot(TM) 64-Bit Server VM (22.0.1+8-16, mixed mode, sharing, tiered, compressed oops, compressed class ptrs, g1 gc, windows-amd64)
# No core dump will be written. Minidumps are not enabled by default on client versions of Windows
#

---------------  S U M M A R Y ------------

Command Line: -Dclassworlds.conf=C:\Users\23765\.m2\wrapper\dists\apache-maven-3.9.9\977a63e90f436cd6ade95b4c0e10c20c\bin\m2.conf -Dmaven.home=C:\Users\23765\.m2\wrapper\dists\apache-maven-3.9.9\977a63e90f436cd6ade95b4c0e10c20c -Dlibrary.jansi.path=C:\Users\23765\.m2\wrapper\dists\apache-maven-3.9.9\977a63e90f436cd6ade95b4c0e10c20c\lib\jansi-native -Dmaven.multiModuleProjectDirectory=D:\Institut saint Jean cours\Licence3\Soutenance\Projet\Backend\EasayHelp org.codehaus.plexus.classworlds.launcher.Launcher spring-boot:run -DjvmArguments=-Xms256m -Xmx512m

Host: Intel(R) Core(TM) i5-1035G1 CPU @ 1.00GHz, 8 cores, 11G,  Windows 11 , 64 bit Build 22621 (10.0.22621.5415)
Time: Tue Jun 24 14:29:57 2025 Afr. centrale Ouest elapsed time: 54.929119 seconds (0d 0h 0m 54s)

---------------  T H R E A D  ---------------

Current thread (0x0000023c44081ae0):  JavaThread "C2 CompilerThread0" daemon [_thread_in_native, id=604, stack(0x000000e63af00000,0x000000e63b000000) (1024K)]


Current CompileTask:
C2:54929 11161   !   4       java.lang.ClassLoader::loadClass (121 bytes)

Stack: [0x000000e63af00000,0x000000e63b000000]
Native frames: (J=compiled Java code, j=interpreted, Vv=VM code, C=native code)
V  [jvm.dll+0x6e2279]  (no source info available)
V  [jvm.dll+0x874e33]  (no source info available)
V  [jvm.dll+0x87725e]  (no source info available)
V  [jvm.dll+0x877933]  (no source info available)
V  [jvm.dll+0x27fd76]  (no source info available)
V  [jvm.dll+0xc3d0f]  (no source info available)
V  [jvm.dll+0xc3f6b]  (no source info available)
V  [jvm.dll+0x3c099d]  (no source info available)
V  [jvm.dll+0x3c01c1]  (no source info available)
V  [jvm.dll+0x3c0204]  (no source info available)
V  [jvm.dll+0x3b966c]  (no source info available)
V  [jvm.dll+0x1df6ba]  (no source info available)
V  [jvm.dll+0x247a5c]  (no source info available)
V  [jvm.dll+0x246fbf]  (no source info available)
V  [jvm.dll+0x1c4e90]  (no source info available)
V  [jvm.dll+0x2569fe]  (no source info available)
V  [jvm.dll+0x254cba]  (no source info available)
V  [jvm.dll+0x3f5336]  (no source info available)
V  [jvm.dll+0x81d44b]  (no source info available)
V  [jvm.dll+0x6e0915]  (no source info available)
C  [ucrtbase.dll+0x29333]  (no source info available)
C  [KERNEL32.DLL+0x1259d]  (no source info available)
C  [ntdll.dll+0x5af78]  (no source info available)


---------------  P R O C E S S  ---------------

Threads class SMR info:
_java_thread_list=0x0000023c8ae76870, length=12, elements={
0x0000023c24170db0, 0x0000023c4406d260, 0x0000023c4406df80, 0x0000023c44071570,
0x0000023c44072330, 0x0000023c44072d90, 0x0000023c440737f0, 0x0000023c44081ae0,
0x0000023c440a49b0, 0x0000023c4433a730, 0x0000023c44341a10, 0x0000023c8ac3c3c0
}

Java Threads: ( => current thread )
  0x0000023c24170db0 JavaThread "main"                              [_thread_in_native, id=15900, stack(0x000000e63a100000,0x000000e63a200000) (1024K)]
  0x0000023c4406d260 JavaThread "Reference Handler"          daemon [_thread_blocked, id=28860, stack(0x000000e63a900000,0x000000e63aa00000) (1024K)]
  0x0000023c4406df80 JavaThread "Finalizer"                  daemon [_thread_blocked, id=21732, stack(0x000000e63aa00000,0x000000e63ab00000) (1024K)]
  0x0000023c44071570 JavaThread "Signal Dispatcher"          daemon [_thread_blocked, id=11908, stack(0x000000e63ab00000,0x000000e63ac00000) (1024K)]
  0x0000023c44072330 JavaThread "Attach Listener"            daemon [_thread_blocked, id=20652, stack(0x000000e63ac00000,0x000000e63ad00000) (1024K)]
  0x0000023c44072d90 JavaThread "Service Thread"             daemon [_thread_blocked, id=9652, stack(0x000000e63ad00000,0x000000e63ae00000) (1024K)]
  0x0000023c440737f0 JavaThread "Monitor Deflation Thread"   daemon [_thread_blocked, id=30152, stack(0x000000e63ae00000,0x000000e63af00000) (1024K)]
=>0x0000023c44081ae0 JavaThread "C2 CompilerThread0"         daemon [_thread_in_native, id=604, stack(0x000000e63af00000,0x000000e63b000000) (1024K)]
  0x0000023c440a49b0 JavaThread "C1 CompilerThread0"         daemon [_thread_blocked, id=30756, stack(0x000000e63b000000,0x000000e63b100000) (1024K)]
  0x0000023c4433a730 JavaThread "Notification Thread"        daemon [_thread_blocked, id=24300, stack(0x000000e63b100000,0x000000e63b200000) (1024K)]
  0x0000023c44341a10 JavaThread "Common-Cleaner"             daemon [_thread_blocked, id=32752, stack(0x000000e63b200000,0x000000e63b300000) (1024K)]
  0x0000023c8ac3c3c0 JavaThread "Thread-1"                   daemon [_thread_blocked, id=15316, stack(0x000000e63bc00000,0x000000e63bd00000) (1024K)]
Total: 12

Other Threads:
  0x0000023c440502e0 VMThread "VM Thread"                           [id=17188, stack(0x000000e63a800000,0x000000e63a900000) (1024K)]
  0x0000023c44039f60 WatcherThread "VM Periodic Task Thread"        [id=16020, stack(0x000000e63a700000,0x000000e63a800000) (1024K)]
  0x0000023c265421d0 WorkerThread "GC Thread#0"                     [id=29516, stack(0x000000e63a200000,0x000000e63a300000) (1024K)]
  0x0000023c8acca820 WorkerThread "GC Thread#1"                     [id=22524, stack(0x000000e63b500000,0x000000e63b600000) (1024K)]
  0x0000023c8a81f510 WorkerThread "GC Thread#2"                     [id=20624, stack(0x000000e63b600000,0x000000e63b700000) (1024K)]
  0x0000023c8ac4c8e0 WorkerThread "GC Thread#3"                     [id=31292, stack(0x000000e63b700000,0x000000e63b800000) (1024K)]
  0x0000023c8a96ad90 WorkerThread "GC Thread#4"                     [id=30432, stack(0x000000e63b800000,0x000000e63b900000) (1024K)]
  0x0000023c8a96b140 WorkerThread "GC Thread#5"                     [id=31072, stack(0x000000e63b900000,0x000000e63ba00000) (1024K)]
  0x0000023c8a96b4f0 WorkerThread "GC Thread#6"                     [id=27728, stack(0x000000e63ba00000,0x000000e63bb00000) (1024K)]
  0x0000023c8a834570 WorkerThread "GC Thread#7"                     [id=31972, stack(0x000000e63bb00000,0x000000e63bc00000) (1024K)]
  0x0000023c2654eed0 ConcurrentGCThread "G1 Main Marker"            [id=9684, stack(0x000000e63a300000,0x000000e63a400000) (1024K)]
  0x0000023c2654f8f0 WorkerThread "G1 Conc#0"                       [id=3328, stack(0x000000e63a400000,0x000000e63a500000) (1024K)]
  0x0000023c8a7c2fd0 WorkerThread "G1 Conc#1"                       [id=7744, stack(0x000000e63bd00000,0x000000e63be00000) (1024K)]
  0x0000023c265ae1a0 ConcurrentGCThread "G1 Refine#0"               [id=29920, stack(0x000000e63a500000,0x000000e63a600000) (1024K)]
  0x0000023c265aeb30 ConcurrentGCThread "G1 Service"                [id=30028, stack(0x000000e63a600000,0x000000e63a700000) (1024K)]
Total: 15

Threads with active compile tasks:
C2 CompilerThread0  55062 11161   !   4       java.lang.ClassLoader::loadClass (121 bytes)
Total: 1

VM state: not at safepoint (normal execution)

VM Mutex/Monitor currently owned by a thread: None

Heap address: 0x0000000743a00000, size: 3014 MB, Compressed Oops mode: Zero based, Oop shift amount: 3

CDS archive(s) mapped at: [0x0000023c45000000-0x0000023c45c60000-0x0000023c45c60000), size 12976128, SharedBaseAddress: 0x0000023c45000000, ArchiveRelocationMode: 1.
Compressed class space mapped at: 0x0000023c46000000-0x0000023c86000000, reserved size: 1073741824
Narrow klass base: 0x0000023c45000000, Narrow klass shift: 0, Narrow klass range: 0x41000000

GC Precious Log:
 CardTable entry size: 512
 Card Set container configuration: InlinePtr #cards 4 size 8 Array Of Cards #cards 16 size 48 Howl #buckets 8 coarsen threshold 3686 Howl Bitmap #cards 512 size 80 coarsen threshold 460 Card regions per heap region 1 cards per card region 4096
 CPUs: 8 total, 8 available
 Memory: 12051M
 Large Page Support: Disabled
 NUMA Support: Disabled
 Compressed Oops: Enabled (Zero based)
 Heap Region Size: 2M
 Heap Min Capacity: 8M
 Heap Initial Capacity: 190M
 Heap Max Capacity: 3014M
 Pre-touch: Disabled
 Parallel Workers: 8
 Concurrent Workers: 2
 Concurrent Refinement Workers: 8
 Periodic GC: Disabled

Heap:
 garbage-first heap   total reserved 3086336K, committed 151552K, used 122573K [0x0000000743a00000, 0x0000000800000000)
  region size 2048K, 24 young (49152K), 2 survivors (4096K)
 Metaspace       used 40729K, committed 41344K, reserved 1114112K
  class space    used 4652K, committed 4928K, reserved 1048576K

Heap Regions: E=young(eden), S=young(survivor), O=old, HS=humongous(starts), HC=humongous(continues), CS=collection set, F=free, TAMS=top-at-mark-start, PB=parsable bottom
|   0|0x0000000743a00000, 0x0000000743c00000, 0x0000000743c00000|100%| O|  |TAMS 0x0000000743a00000| PB 0x0000000743a00000| Untracked |  0
|   1|0x0000000743c00000, 0x0000000743e00000, 0x0000000743e00000|100%| O|  |TAMS 0x0000000743c00000| PB 0x0000000743c00000| Untracked |  0
|   2|0x0000000743e00000, 0x0000000744000000, 0x0000000744000000|100%| O|Cm|TAMS 0x0000000743e00000| PB 0x0000000743e00000| Complete |  0
|   3|0x0000000744000000, 0x0000000744200000, 0x0000000744200000|100%| O|Cm|TAMS 0x0000000744000000| PB 0x0000000744000000| Complete |  0
|   4|0x0000000744200000, 0x0000000744400000, 0x0000000744400000|100%| O|Cm|TAMS 0x0000000744200000| PB 0x0000000744200000| Complete |  0
|   5|0x0000000744400000, 0x0000000744600000, 0x0000000744600000|100%| O|Cm|TAMS 0x0000000744400000| PB 0x0000000744400000| Complete |  0
|   6|0x0000000744600000, 0x0000000744800000, 0x0000000744800000|100%| O|Cm|TAMS 0x0000000744600000| PB 0x0000000744600000| Complete |  0
|   7|0x0000000744800000, 0x0000000744800000, 0x0000000744a00000|  0%| F|  |TAMS 0x0000000744800000| PB 0x0000000744800000| Untracked |  0
|   8|0x0000000744a00000, 0x0000000744c00000, 0x0000000744c00000|100%| O|  |TAMS 0x0000000744a00000| PB 0x0000000744a00000| Untracked |  0
|   9|0x0000000744c00000, 0x0000000744e00000, 0x0000000744e00000|100%| O|  |TAMS 0x0000000744c00000| PB 0x0000000744c00000| Untracked |  0
|  10|0x0000000744e00000, 0x0000000745000000, 0x0000000745000000|100%| O|Cm|TAMS 0x0000000744e00000| PB 0x0000000744e00000| Complete |  0
|  11|0x0000000745000000, 0x0000000745200000, 0x0000000745200000|100%| O|Cm|TAMS 0x0000000745000000| PB 0x0000000745000000| Complete |  0
|  12|0x0000000745200000, 0x0000000745400000, 0x0000000745400000|100%| O|Cm|TAMS 0x0000000745200000| PB 0x0000000745200000| Complete |  0
|  13|0x0000000745400000, 0x0000000745600000, 0x0000000745600000|100%|HS|  |TAMS 0x0000000745400000| PB 0x0000000745400000| Complete |  0
|  14|0x0000000745600000, 0x0000000745800000, 0x0000000745800000|100%| O|Cm|TAMS 0x0000000745600000| PB 0x0000000745600000| Complete |  0
|  15|0x0000000745800000, 0x0000000745a00000, 0x0000000745a00000|100%| O|  |TAMS 0x0000000745800000| PB 0x0000000745800000| Untracked |  0
|  16|0x0000000745a00000, 0x0000000745c00000, 0x0000000745c00000|100%| O|  |TAMS 0x0000000745a00000| PB 0x0000000745a00000| Untracked |  0
|  17|0x0000000745c00000, 0x0000000745e00000, 0x0000000745e00000|100%| O|  |TAMS 0x0000000745c00000| PB 0x0000000745c00000| Untracked |  0
|  18|0x0000000745e00000, 0x0000000745e86f90, 0x0000000746000000| 26%| O|  |TAMS 0x0000000745e00000| PB 0x0000000745e00000| Untracked |  0
|  19|0x0000000746000000, 0x0000000746200000, 0x0000000746200000|100%|HS|  |TAMS 0x0000000746000000| PB 0x0000000746000000| Complete |  0
|  20|0x0000000746200000, 0x0000000746400000, 0x0000000746400000|100%| O|  |TAMS 0x0000000746200000| PB 0x0000000746200000| Untracked |  0
|  21|0x0000000746400000, 0x0000000746600000, 0x0000000746600000|100%| O|  |TAMS 0x0000000746400000| PB 0x0000000746400000| Untracked |  0
|  22|0x0000000746600000, 0x0000000746800000, 0x0000000746800000|100%| O|  |TAMS 0x0000000746600000| PB 0x0000000746600000| Untracked |  0
|  23|0x0000000746800000, 0x0000000746a00000, 0x0000000746a00000|100%| O|  |TAMS 0x0000000746800000| PB 0x0000000746800000| Untracked |  0
|  24|0x0000000746a00000, 0x0000000746c00000, 0x0000000746c00000|100%| O|  |TAMS 0x0000000746a00000| PB 0x0000000746a00000| Untracked |  0
|  25|0x0000000746c00000, 0x0000000746e00000, 0x0000000746e00000|100%| O|Cm|TAMS 0x0000000746c00000| PB 0x0000000746c00000| Complete |  0
|  26|0x0000000746e00000, 0x0000000746e00000, 0x0000000747000000|  0%| F|  |TAMS 0x0000000746e00000| PB 0x0000000746e00000| Untracked |  0
|  27|0x0000000747000000, 0x0000000747000000, 0x0000000747200000|  0%| F|  |TAMS 0x0000000747000000| PB 0x0000000747000000| Untracked |  0
|  28|0x0000000747200000, 0x0000000747400000, 0x0000000747400000|100%| O|Cm|TAMS 0x0000000747200000| PB 0x0000000747200000| Complete |  0
|  29|0x0000000747400000, 0x0000000747600000, 0x0000000747600000|100%| O|Cm|TAMS 0x0000000747400000| PB 0x0000000747400000| Complete |  0
|  30|0x0000000747600000, 0x0000000747800000, 0x0000000747800000|100%| O|Cm|TAMS 0x0000000747600000| PB 0x0000000747600000| Complete |  0
|  31|0x0000000747800000, 0x0000000747a00000, 0x0000000747a00000|100%| O|Cm|TAMS 0x0000000747800000| PB 0x0000000747800000| Complete |  0
|  32|0x0000000747a00000, 0x0000000747a00000, 0x0000000747c00000|  0%| F|  |TAMS 0x0000000747a00000| PB 0x0000000747a00000| Untracked |  0
|  33|0x0000000747c00000, 0x0000000747c00000, 0x0000000747e00000|  0%| F|  |TAMS 0x0000000747c00000| PB 0x0000000747c00000| Untracked |  0
|  34|0x0000000747e00000, 0x0000000747e00000, 0x0000000748000000|  0%| F|  |TAMS 0x0000000747e00000| PB 0x0000000747e00000| Untracked |  0
|  35|0x0000000748000000, 0x0000000748000000, 0x0000000748200000|  0%| F|  |TAMS 0x0000000748000000| PB 0x0000000748000000| Untracked |  0
|  36|0x0000000748200000, 0x0000000748200000, 0x0000000748400000|  0%| F|  |TAMS 0x0000000748200000| PB 0x0000000748200000| Untracked |  0
|  37|0x0000000748400000, 0x0000000748400000, 0x0000000748600000|  0%| F|  |TAMS 0x0000000748400000| PB 0x0000000748400000| Untracked |  0
|  38|0x0000000748600000, 0x0000000748600000, 0x0000000748800000|  0%| F|  |TAMS 0x0000000748600000| PB 0x0000000748600000| Untracked |  0
|  39|0x0000000748800000, 0x0000000748800000, 0x0000000748a00000|  0%| F|  |TAMS 0x0000000748800000| PB 0x0000000748800000| Untracked |  0
|  40|0x0000000748a00000, 0x0000000748bf1108, 0x0000000748c00000| 97%| E|  |TAMS 0x0000000748a00000| PB 0x0000000748a00000| Complete |  0
|  41|0x0000000748c00000, 0x0000000748e00000, 0x0000000748e00000|100%| E|CS|TAMS 0x0000000748c00000| PB 0x0000000748c00000| Complete |  0
|  42|0x0000000748e00000, 0x0000000749000000, 0x0000000749000000|100%| E|CS|TAMS 0x0000000748e00000| PB 0x0000000748e00000| Complete |  0
|  43|0x0000000749000000, 0x0000000749200000, 0x0000000749200000|100%| E|  |TAMS 0x0000000749000000| PB 0x0000000749000000| Complete |  0
|  44|0x0000000749200000, 0x0000000749400000, 0x0000000749400000|100%| E|CS|TAMS 0x0000000749200000| PB 0x0000000749200000| Complete |  0
|  45|0x0000000749400000, 0x0000000749600000, 0x0000000749600000|100%| E|CS|TAMS 0x0000000749400000| PB 0x0000000749400000| Complete |  0
|  46|0x0000000749600000, 0x0000000749800000, 0x0000000749800000|100%| E|CS|TAMS 0x0000000749600000| PB 0x0000000749600000| Complete |  0
|  47|0x0000000749800000, 0x0000000749a00000, 0x0000000749a00000|100%| E|CS|TAMS 0x0000000749800000| PB 0x0000000749800000| Complete |  0
|  48|0x0000000749a00000, 0x0000000749c00000, 0x0000000749c00000|100%| E|CS|TAMS 0x0000000749a00000| PB 0x0000000749a00000| Complete |  0
|  49|0x0000000749c00000, 0x0000000749e00000, 0x0000000749e00000|100%| E|CS|TAMS 0x0000000749c00000| PB 0x0000000749c00000| Complete |  0
|  50|0x0000000749e00000, 0x000000074a000000, 0x000000074a000000|100%| E|CS|TAMS 0x0000000749e00000| PB 0x0000000749e00000| Complete |  0
|  51|0x000000074a000000, 0x000000074a200000, 0x000000074a200000|100%| E|CS|TAMS 0x000000074a000000| PB 0x000000074a000000| Complete |  0
|  52|0x000000074a200000, 0x000000074a32c4b0, 0x000000074a400000| 58%| S|CS|TAMS 0x000000074a200000| PB 0x000000074a200000| Complete |  0
|  53|0x000000074a400000, 0x000000074a600000, 0x000000074a600000|100%| S|CS|TAMS 0x000000074a400000| PB 0x000000074a400000| Complete |  0
|  54|0x000000074a600000, 0x000000074a800000, 0x000000074a800000|100%| E|CS|TAMS 0x000000074a600000| PB 0x000000074a600000| Complete |  0
|  55|0x000000074a800000, 0x000000074aa00000, 0x000000074aa00000|100%| E|CS|TAMS 0x000000074a800000| PB 0x000000074a800000| Complete |  0
|  56|0x000000074aa00000, 0x000000074ac00000, 0x000000074ac00000|100%| E|CS|TAMS 0x000000074aa00000| PB 0x000000074aa00000| Complete |  0
|  57|0x000000074ac00000, 0x000000074ae00000, 0x000000074ae00000|100%| E|CS|TAMS 0x000000074ac00000| PB 0x000000074ac00000| Complete |  0
|  58|0x000000074ae00000, 0x000000074b000000, 0x000000074b000000|100%| E|CS|TAMS 0x000000074ae00000| PB 0x000000074ae00000| Complete |  0
|  59|0x000000074b000000, 0x000000074b200000, 0x000000074b200000|100%| E|CS|TAMS 0x000000074b000000| PB 0x000000074b000000| Complete |  0
|  75|0x000000074d000000, 0x000000074d200000, 0x000000074d200000|100%| E|CS|TAMS 0x000000074d000000| PB 0x000000074d000000| Complete |  0
|  76|0x000000074d200000, 0x000000074d400000, 0x000000074d400000|100%| E|CS|TAMS 0x000000074d200000| PB 0x000000074d200000| Complete |  0
|  77|0x000000074d400000, 0x000000074d600000, 0x000000074d600000|100%| E|CS|TAMS 0x000000074d400000| PB 0x000000074d400000| Complete |  0
|  94|0x000000074f600000, 0x000000074f800000, 0x000000074f800000|100%| E|CS|TAMS 0x000000074f600000| PB 0x000000074f600000| Complete |  0
|1497|0x00000007fec00000, 0x00000007fee00000, 0x00000007fee00000|100%| O|  |TAMS 0x00000007fec00000| PB 0x00000007fec00000| Untracked |  0
|1498|0x00000007fee00000, 0x00000007ff000000, 0x00000007ff000000|100%| O|  |TAMS 0x00000007fee00000| PB 0x00000007fee00000| Untracked |  0
|1499|0x00000007ff000000, 0x00000007ff200000, 0x00000007ff200000|100%| O|Cm|TAMS 0x00000007ff000000| PB 0x00000007ff000000| Complete |  0
|1500|0x00000007ff200000, 0x00000007ff400000, 0x00000007ff400000|100%| O|  |TAMS 0x00000007ff200000| PB 0x00000007ff200000| Untracked |  0
|1501|0x00000007ff400000, 0x00000007ff600000, 0x00000007ff600000|100%| O|Cm|TAMS 0x00000007ff400000| PB 0x00000007ff400000| Complete |  0
|1502|0x00000007ff600000, 0x00000007ff800000, 0x00000007ff800000|100%| O|  |TAMS 0x00000007ff600000| PB 0x00000007ff600000| Untracked |  0
|1503|0x00000007ff800000, 0x00000007ffa00000, 0x00000007ffa00000|100%| O|Cm|TAMS 0x00000007ff800000| PB 0x00000007ff800000| Complete |  0
|1504|0x00000007ffa00000, 0x00000007ffc00000, 0x00000007ffc00000|100%| O|Cm|TAMS 0x00000007ffa00000| PB 0x00000007ffa00000| Complete |  0
|1505|0x00000007ffc00000, 0x00000007ffe00000, 0x00000007ffe00000|100%| O|Cm|TAMS 0x00000007ffc00000| PB 0x00000007ffc00000| Complete |  0
|1506|0x00000007ffe00000, 0x0000000800000000, 0x0000000800000000|100%| O|Cm|TAMS 0x00000007ffe00000| PB 0x00000007ffe00000| Complete |  0

Card table byte_map: [0x0000023c3e150000,0x0000023c3e740000] _byte_map_base: 0x0000023c3a733000

Marking Bits: (CMBitMap*) 0x0000023c265427f0
 Bits: [0x0000023c3e740000, 0x0000023c41658000)

Polling page: 0x0000023c24410000

Metaspace:

Usage:
  Non-class:     35.23 MB used.
      Class:      4.54 MB used.
       Both:     39.78 MB used.

Virtual space:
  Non-class space:       64.00 MB reserved,      35.56 MB ( 56%) committed,  1 nodes.
      Class space:        1.00 GB reserved,       4.81 MB ( <1%) committed,  1 nodes.
             Both:        1.06 GB reserved,      40.38 MB (  4%) committed. 

Chunk freelists:
   Non-Class:  12.21 MB
       Class:  11.13 MB
        Both:  23.34 MB

MaxMetaspaceSize: unlimited
CompressedClassSpaceSize: 1.00 GB
Initial GC threshold: 21.00 MB
Current GC threshold: 57.62 MB
CDS: on
 - commit_granule_bytes: 65536.
 - commit_granule_words: 8192.
 - virtual_space_node_default_size: 8388608.
 - enlarge_chunks_in_place: 1.
 - use_allocation_guard: 0.


Internal statistics:

num_allocs_failed_limit: 6.
num_arena_births: 660.
num_arena_deaths: 6.
num_vsnodes_births: 2.
num_vsnodes_deaths: 0.
num_space_committed: 661.
num_space_uncommitted: 8.
num_chunks_returned_to_freelist: 113.
num_chunks_taken_from_freelist: 2119.
num_chunk_merges: 21.
num_chunk_splits: 1432.
num_chunks_enlarged: 1059.
num_inconsistent_stats: 0.

CodeHeap 'non-profiled nmethods': size=120000Kb used=6722Kb max_used=7008Kb free=113277Kb
 bounds [0x0000023c36300000, 0x0000023c369e0000, 0x0000023c3d830000]
CodeHeap 'profiled nmethods': size=120000Kb used=22656Kb max_used=23559Kb free=97343Kb
 bounds [0x0000023c2e830000, 0x0000023c2ff40000, 0x0000023c35d60000]
CodeHeap 'non-nmethods': size=5760Kb used=1770Kb max_used=1816Kb free=3989Kb
 bounds [0x0000023c35d60000, 0x0000023c35fd0000, 0x0000023c36300000]
 total_blobs=10704 nmethods=10069 adapters=539
 compilation: enabled
              stopped_count=0, restarted_count=0
 full_count=0

Compilation events (20 events):
Event: 53.640 Thread 0x0000023c440a49b0 11157       3       java.lang.invoke.LambdaForm::arguments (47 bytes)
Event: 53.640 Thread 0x0000023c44081ae0 nmethod 11149 0x0000023c363e0210 code [0x0000023c363e03a0, 0x0000023c363e05c8]
Event: 53.641 Thread 0x0000023c44081ae0 11160       4       jdk.internal.util.StrongReferenceKey::equals (28 bytes)
Event: 53.641 Thread 0x0000023c440a49b0 nmethod 11157 0x0000023c2f7b9c10 code [0x0000023c2f7b9e40, 0x0000023c2f7ba6a8]
Event: 53.642 Thread 0x0000023c44081ae0 nmethod 11160 0x0000023c363df810 code [0x0000023c363df9a0, 0x0000023c363dfb08]
Event: 53.651 Thread 0x0000023c44081ae0 11161   !   4       java.lang.ClassLoader::loadClass (121 bytes)
Event: 53.655 Thread 0x0000023c440a49b0 11162       3       java.lang.ProcessEnvironment$CheckedEntry::getKey (5 bytes)
Event: 53.656 Thread 0x0000023c440a49b0 nmethod 11162 0x0000023c2ea8d610 code [0x0000023c2ea8d7c0, 0x0000023c2ea8dac8]
Event: 53.656 Thread 0x0000023c440a49b0 11163       3       java.lang.ProcessEnvironment$CheckedEntry::getKey (13 bytes)
Event: 53.656 Thread 0x0000023c440a49b0 nmethod 11163 0x0000023c2ea8cf90 code [0x0000023c2ea8d140, 0x0000023c2ea8d3f0]
Event: 53.656 Thread 0x0000023c440a49b0 11165       3       java.lang.ProcessEnvironment$CheckedEntry::getValue (5 bytes)
Event: 53.656 Thread 0x0000023c440a49b0 nmethod 11165 0x0000023c2f7b9610 code [0x0000023c2f7b97c0, 0x0000023c2f7b9ad8]
Event: 53.656 Thread 0x0000023c440a49b0 11166       3       java.lang.ProcessEnvironment$CheckedEntry::getValue (13 bytes)
Event: 53.656 Thread 0x0000023c440a49b0 nmethod 11166 0x0000023c2f7b9090 code [0x0000023c2f7b9240, 0x0000023c2f7b94f0]
Event: 53.656 Thread 0x0000023c440a49b0 11164       3       java.lang.ProcessEnvironment$EntryComparator::compare (13 bytes)
Event: 53.656 Thread 0x0000023c440a49b0 nmethod 11164 0x0000023c2f7b8610 code [0x0000023c2f7b8800, 0x0000023c2f7b8ed8]
Event: 53.670 Thread 0x0000023c440a49b0 11170   !   3       java.lang.invoke.LambdaForm::compileToBytecode (164 bytes)
Event: 53.671 Thread 0x0000023c440a49b0 nmethod 11170 0x0000023c2f7b7710 code [0x0000023c2f7b7980, 0x0000023c2f7b82c8]
Event: 53.691 Thread 0x0000023c440a49b0 11172   !   3       java.util.ArrayList$Itr::remove (68 bytes)
Event: 53.692 Thread 0x0000023c440a49b0 nmethod 11172 0x0000023c2f7b6d10 code [0x0000023c2f7b6f20, 0x0000023c2f7b74a0]

GC Heap History (20 events):
Event: 6.737 GC heap before
{Heap before GC invocations=3 (full 0):
 garbage-first heap   total reserved 3086336K, committed 194560K, used 85699K [0x0000000743a00000, 0x0000000800000000)
  region size 2048K, 23 young (47104K), 6 survivors (12288K)
 Metaspace       used 21187K, committed 21504K, reserved 1114112K
  class space    used 2513K, committed 2688K, reserved 1048576K
}
Event: 6.750 GC heap after
{Heap after GC invocations=4 (full 0):
 garbage-first heap   total reserved 3086336K, committed 194560K, used 25333K [0x0000000743a00000, 0x0000000800000000)
  region size 2048K, 3 young (6144K), 3 survivors (6144K)
 Metaspace       used 21187K, committed 21504K, reserved 1114112K
  class space    used 2513K, committed 2688K, reserved 1048576K
}
Event: 8.029 GC heap before
{Heap before GC invocations=5 (full 0):
 garbage-first heap   total reserved 3086336K, committed 90112K, used 86773K [0x0000000743a00000, 0x0000000800000000)
  region size 2048K, 34 young (69632K), 3 survivors (6144K)
 Metaspace       used 26398K, committed 26752K, reserved 1114112K
  class space    used 3062K, committed 3200K, reserved 1048576K
}
Event: 8.048 GC heap after
{Heap after GC invocations=6 (full 0):
 garbage-first heap   total reserved 3086336K, committed 116736K, used 43088K [0x0000000743a00000, 0x0000000800000000)
  region size 2048K, 8 young (16384K), 8 survivors (16384K)
 Metaspace       used 26398K, committed 26752K, reserved 1114112K
  class space    used 3062K, committed 3200K, reserved 1048576K
}
Event: 8.949 GC heap before
{Heap before GC invocations=6 (full 0):
 garbage-first heap   total reserved 3086336K, committed 116736K, used 90192K [0x0000000743a00000, 0x0000000800000000)
  region size 2048K, 31 young (63488K), 8 survivors (16384K)
 Metaspace       used 28485K, committed 28864K, reserved 1114112K
  class space    used 3283K, committed 3456K, reserved 1048576K
}
Event: 8.970 GC heap after
{Heap after GC invocations=7 (full 0):
 garbage-first heap   total reserved 3086336K, committed 116736K, used 49152K [0x0000000743a00000, 0x0000000800000000)
  region size 2048K, 2 young (4096K), 2 survivors (4096K)
 Metaspace       used 28485K, committed 28864K, reserved 1114112K
  class space    used 3283K, committed 3456K, reserved 1048576K
}
Event: 9.554 GC heap before
{Heap before GC invocations=7 (full 0):
 garbage-first heap   total reserved 3086336K, committed 116736K, used 96256K [0x0000000743a00000, 0x0000000800000000)
  region size 2048K, 25 young (51200K), 2 survivors (4096K)
 Metaspace       used 29413K, committed 29888K, reserved 1114112K
  class space    used 3392K, committed 3584K, reserved 1048576K
}
Event: 9.564 GC heap after
{Heap after GC invocations=8 (full 0):
 garbage-first heap   total reserved 3086336K, committed 116736K, used 50175K [0x0000000743a00000, 0x0000000800000000)
  region size 2048K, 3 young (6144K), 3 survivors (6144K)
 Metaspace       used 29413K, committed 29888K, reserved 1114112K
  class space    used 3392K, committed 3584K, reserved 1048576K
}
Event: 9.851 GC heap before
{Heap before GC invocations=8 (full 0):
 garbage-first heap   total reserved 3086336K, committed 116736K, used 99327K [0x0000000743a00000, 0x0000000800000000)
  region size 2048K, 27 young (55296K), 3 survivors (6144K)
 Metaspace       used 29615K, committed 30080K, reserved 1114112K
  class space    used 3405K, committed 3584K, reserved 1048576K
}
Event: 9.863 GC heap after
{Heap after GC invocations=9 (full 0):
 garbage-first heap   total reserved 3086336K, committed 116736K, used 51832K [0x0000000743a00000, 0x0000000800000000)
  region size 2048K, 2 young (4096K), 2 survivors (4096K)
 Metaspace       used 29615K, committed 30080K, reserved 1114112K
  class space    used 3405K, committed 3584K, reserved 1048576K
}
Event: 10.205 GC heap before
{Heap before GC invocations=9 (full 0):
 garbage-first heap   total reserved 3086336K, committed 116736K, used 100984K [0x0000000743a00000, 0x0000000800000000)
  region size 2048K, 26 young (53248K), 2 survivors (4096K)
 Metaspace       used 29709K, committed 30208K, reserved 1114112K
  class space    used 3405K, committed 3648K, reserved 1048576K
}
Event: 10.212 GC heap after
{Heap after GC invocations=10 (full 0):
 garbage-first heap   total reserved 3086336K, committed 141312K, used 51894K [0x0000000743a00000, 0x0000000800000000)
  region size 2048K, 2 young (4096K), 2 survivors (4096K)
 Metaspace       used 29709K, committed 30208K, reserved 1114112K
  class space    used 3405K, committed 3648K, reserved 1048576K
}
Event: 11.273 GC heap before
{Heap before GC invocations=10 (full 0):
 garbage-first heap   total reserved 3086336K, committed 141312K, used 121526K [0x0000000743a00000, 0x0000000800000000)
  region size 2048K, 36 young (73728K), 2 survivors (4096K)
 Metaspace       used 31874K, committed 32320K, reserved 1114112K
  class space    used 3642K, committed 3840K, reserved 1048576K
}
Event: 11.281 GC heap after
{Heap after GC invocations=11 (full 0):
 garbage-first heap   total reserved 3086336K, committed 141312K, used 53802K [0x0000000743a00000, 0x0000000800000000)
  region size 2048K, 3 young (6144K), 3 survivors (6144K)
 Metaspace       used 31874K, committed 32320K, reserved 1114112K
  class space    used 3642K, committed 3840K, reserved 1048576K
}
Event: 13.048 GC heap before
{Heap before GC invocations=11 (full 0):
 garbage-first heap   total reserved 3086336K, committed 141312K, used 123434K [0x0000000743a00000, 0x0000000800000000)
  region size 2048K, 37 young (75776K), 3 survivors (6144K)
 Metaspace       used 32345K, committed 32896K, reserved 1114112K
  class space    used 3680K, committed 3904K, reserved 1048576K
}
Event: 13.070 GC heap after
{Heap after GC invocations=12 (full 0):
 garbage-first heap   total reserved 3086336K, committed 151552K, used 75381K [0x0000000743a00000, 0x0000000800000000)
  region size 2048K, 5 young (10240K), 5 survivors (10240K)
 Metaspace       used 32345K, committed 32896K, reserved 1114112K
  class space    used 3680K, committed 3904K, reserved 1048576K
}
Event: 13.974 GC heap before
{Heap before GC invocations=12 (full 0):
 garbage-first heap   total reserved 3086336K, committed 151552K, used 124533K [0x0000000743a00000, 0x0000000800000000)
  region size 2048K, 29 young (59392K), 5 survivors (10240K)
 Metaspace       used 33672K, committed 34240K, reserved 1114112K
  class space    used 3842K, committed 4096K, reserved 1048576K
}
Event: 13.983 GC heap after
{Heap after GC invocations=13 (full 0):
 garbage-first heap   total reserved 3086336K, committed 151552K, used 82023K [0x0000000743a00000, 0x0000000800000000)
  region size 2048K, 4 young (8192K), 4 survivors (8192K)
 Metaspace       used 33672K, committed 34240K, reserved 1114112K
  class space    used 3842K, committed 4096K, reserved 1048576K
}
Event: 16.351 GC heap before
{Heap before GC invocations=13 (full 0):
 garbage-first heap   total reserved 3086336K, committed 151552K, used 98407K [0x0000000743a00000, 0x0000000800000000)
  region size 2048K, 14 young (28672K), 4 survivors (8192K)
 Metaspace       used 35767K, committed 36288K, reserved 1114112K
  class space    used 4045K, committed 4288K, reserved 1048576K
}
Event: 16.356 GC heap after
{Heap after GC invocations=14 (full 0):
 garbage-first heap   total reserved 3086336K, committed 151552K, used 83661K [0x0000000743a00000, 0x0000000800000000)
  region size 2048K, 2 young (4096K), 2 survivors (4096K)
 Metaspace       used 35767K, committed 36288K, reserved 1114112K
  class space    used 4045K, committed 4288K, reserved 1048576K
}

Dll operation events (10 events):
Event: 0.012 Loaded shared library C:\Program Files\Java\jdk-22\bin\java.dll
Event: 0.049 Loaded shared library C:\Program Files\Java\jdk-22\bin\jsvml.dll
Event: 0.068 Loaded shared library C:\Program Files\Java\jdk-22\bin\net.dll
Event: 0.071 Loaded shared library C:\Program Files\Java\jdk-22\bin\nio.dll
Event: 0.075 Loaded shared library C:\Program Files\Java\jdk-22\bin\zip.dll
Event: 0.219 Loaded shared library C:\Program Files\Java\jdk-22\bin\jimage.dll
Event: 0.222 Loaded shared library C:\Users\23765\.m2\wrapper\dists\apache-maven-3.9.9\977a63e90f436cd6ade95b4c0e10c20c\lib\jansi-native\Windows\x86_64\jansi.dll
Event: 0.244 Loaded shared library C:\Program Files\Java\jdk-22\bin\verify.dll
Event: 17.849 Loaded shared library C:\Program Files\Java\jdk-22\bin\extnet.dll
Event: 18.076 Loaded shared library C:\Program Files\Java\jdk-22\bin\sunmscapi.dll

Deoptimization events (20 events):
Event: 53.255 Thread 0x0000023c24170db0 Uncommon trap: trap_request=0xffffff45 fr.pc=0x0000023c36412dc8 relative=0x0000000000000f88
Event: 53.255 Thread 0x0000023c24170db0 Uncommon trap: reason=unstable_if action=reinterpret pc=0x0000023c36412dc8 method=com.google.inject.internal.MoreTypes.canonicalize(Ljava/lang/reflect/Type;)Ljava/lang/reflect/Type; @ 16 c2
Event: 53.255 Thread 0x0000023c24170db0 DEOPT PACKING pc=0x0000023c36412dc8 sp=0x000000e63a1fde20
Event: 53.255 Thread 0x0000023c24170db0 DEOPT UNPACKING pc=0x0000023c35db7da2 sp=0x000000e63a1fdda0 mode 2
Event: 53.255 Thread 0x0000023c24170db0 Uncommon trap: trap_request=0xffffffde fr.pc=0x0000023c36402bd8 relative=0x0000000000000098
Event: 53.255 Thread 0x0000023c24170db0 Uncommon trap: reason=class_check action=maybe_recompile pc=0x0000023c36402bd8 method=com.google.inject.internal.MoreTypes.getRawType(Ljava/lang/reflect/Type;)Ljava/lang/Class; @ 13 c2
Event: 53.255 Thread 0x0000023c24170db0 DEOPT PACKING pc=0x0000023c36402bd8 sp=0x000000e63a1fde00
Event: 53.255 Thread 0x0000023c24170db0 DEOPT UNPACKING pc=0x0000023c35db7da2 sp=0x000000e63a1fdd90 mode 2
Event: 53.256 Thread 0x0000023c24170db0 Uncommon trap: trap_request=0xffffff45 fr.pc=0x0000023c36410c24 relative=0x0000000000000ae4
Event: 53.256 Thread 0x0000023c24170db0 Uncommon trap: reason=unstable_if action=reinterpret pc=0x0000023c36410c24 method=com.google.inject.internal.MoreTypes.canonicalize(Ljava/lang/reflect/Type;)Ljava/lang/reflect/Type; @ 16 c2
Event: 53.256 Thread 0x0000023c24170db0 DEOPT PACKING pc=0x0000023c36410c24 sp=0x000000e63a1fddc0
Event: 53.256 Thread 0x0000023c24170db0 DEOPT UNPACKING pc=0x0000023c35db7da2 sp=0x000000e63a1fdd98 mode 2
Event: 53.256 Thread 0x0000023c24170db0 Uncommon trap: trap_request=0xffffffde fr.pc=0x0000023c36402bd8 relative=0x0000000000000098
Event: 53.256 Thread 0x0000023c24170db0 Uncommon trap: reason=class_check action=maybe_recompile pc=0x0000023c36402bd8 method=com.google.inject.internal.MoreTypes.getRawType(Ljava/lang/reflect/Type;)Ljava/lang/Class; @ 13 c2
Event: 53.256 Thread 0x0000023c24170db0 DEOPT PACKING pc=0x0000023c36402bd8 sp=0x000000e63a1fde00
Event: 53.256 Thread 0x0000023c24170db0 DEOPT UNPACKING pc=0x0000023c35db7da2 sp=0x000000e63a1fdd90 mode 2
Event: 53.259 Thread 0x0000023c24170db0 Uncommon trap: trap_request=0xffffffde fr.pc=0x0000023c36402bd8 relative=0x0000000000000098
Event: 53.259 Thread 0x0000023c24170db0 Uncommon trap: reason=class_check action=maybe_recompile pc=0x0000023c36402bd8 method=com.google.inject.internal.MoreTypes.getRawType(Ljava/lang/reflect/Type;)Ljava/lang/Class; @ 13 c2
Event: 53.259 Thread 0x0000023c24170db0 DEOPT PACKING pc=0x0000023c36402bd8 sp=0x000000e63a1fde00
Event: 53.259 Thread 0x0000023c24170db0 DEOPT UNPACKING pc=0x0000023c35db7da2 sp=0x000000e63a1fdd90 mode 2

Classes loaded (20 events):
Event: 53.673 Loading class java/util/concurrent/LinkedTransferQueue done
Event: 53.673 Loading class java/util/concurrent/SynchronousQueue$Transferer done
Event: 53.673 Loading class java/util/concurrent/LinkedTransferQueue$DualNode
Event: 53.673 Loading class java/util/concurrent/LinkedTransferQueue$DualNode done
Event: 53.675 Loading class java/lang/ProcessImpl$2
Event: 53.675 Loading class java/lang/ProcessImpl$2 done
Event: 53.675 Loading class java/lang/ProcessBuilder$NullOutputStream
Event: 53.675 Loading class java/lang/ProcessBuilder$NullOutputStream done
Event: 53.675 Loading class java/lang/ProcessBuilder$NullInputStream
Event: 53.675 Loading class java/lang/ProcessBuilder$NullInputStream done
Event: 53.675 Loading class jdk/internal/event/ProcessStartEvent
Event: 53.691 Loading class jdk/internal/event/ProcessStartEvent done
Event: 53.693 Loading class sun/misc/Signal
Event: 53.693 Loading class sun/misc/Signal done
Event: 53.693 Loading class sun/misc/SignalHandler
Event: 53.693 Loading class sun/misc/SignalHandler done
Event: 53.693 Loading class sun/misc/Signal$InternalMiscHandler
Event: 53.695 Loading class sun/misc/Signal$InternalMiscHandler done
Event: 53.695 Loading class sun/misc/Signal$SunMiscHandler
Event: 53.695 Loading class sun/misc/Signal$SunMiscHandler done

Classes unloaded (20 events):
Event: 16.432 Thread 0x0000023c440502e0 Unloading class 0x0000023c4633a7e8 'lombok/javac/apt/MessagerDiagnosticsReceiver'
Event: 16.432 Thread 0x0000023c440502e0 Unloading class 0x0000023c4633a420 'lombok/javac/apt/InterceptingJavaFileManager'
Event: 16.432 Thread 0x0000023c440502e0 Unloading class 0x0000023c4633a218 'lombok/permit/dummy/Parent'
Event: 16.432 Thread 0x0000023c440502e0 Unloading class 0x0000023c4633a000 'lombok/core/CleanupRegistry'
Event: 16.432 Thread 0x0000023c440502e0 Unloading class 0x0000023c46339de8 'lombok/permit/Permit$Fake'
Event: 16.432 Thread 0x0000023c440502e0 Unloading class 0x0000023c46339be8 'lombok/permit/Permit'
Event: 16.432 Thread 0x0000023c440502e0 Unloading class 0x0000023c463398f8 'lombok/javac/apt/LombokProcessor$1'
Event: 16.432 Thread 0x0000023c440502e0 Unloading class 0x0000023c46339700 'lombok/core/DiagnosticsReceiver'
Event: 16.432 Thread 0x0000023c440502e0 Unloading class 0x0000023c46339468 'lombok/javac/apt/LombokProcessor'
Event: 16.432 Thread 0x0000023c440502e0 Unloading class 0x0000023c46339238 'lombok/core/AnnotationProcessor$EcjDescriptor'
Event: 16.432 Thread 0x0000023c440502e0 Unloading class 0x0000023c46339000 'lombok/core/AnnotationProcessor$JavacDescriptor'
Event: 16.432 Thread 0x0000023c440502e0 Unloading class 0x0000023c46338a80 'lombok/core/AnnotationProcessor$ProcessorDescriptor'
Event: 16.432 Thread 0x0000023c440502e0 Unloading class 0x0000023c46338800 'lombok/core/AnnotationProcessor'
Event: 16.432 Thread 0x0000023c440502e0 Unloading class 0x0000023c4638e000 'lombok/launch/AnnotationProcessorHider$ClaimingProcessor'
Event: 16.432 Thread 0x0000023c440502e0 Unloading class 0x0000023c46338498 'lombok/launch/AnnotationProcessorHider$AstModificationNotifierData'
Event: 16.432 Thread 0x0000023c440502e0 Unloading class 0x0000023c46338218 'lombok/launch/ClassFileMetaData'
Event: 16.432 Thread 0x0000023c440502e0 Unloading class 0x0000023c46338000 'lombok/launch/PackageShader'
Event: 16.432 Thread 0x0000023c440502e0 Unloading class 0x0000023c4630c480 'lombok/launch/ShadowClassLoader'
Event: 16.432 Thread 0x0000023c440502e0 Unloading class 0x0000023c4630c280 'lombok/launch/Main'
Event: 16.432 Thread 0x0000023c440502e0 Unloading class 0x0000023c4630c000 'lombok/launch/AnnotationProcessorHider$AnnotationProcessor'

Classes redefined (0 events):
No events

Internal exceptions (20 events):
Event: 50.426 Thread 0x0000023c8f829660 Exception <a 'sun/nio/fs/WindowsException'{0x000000074a1ae300}> (0x000000074a1ae300) 
thrown [s\open\src\hotspot\share\prims\jni.cpp, line 520]
Event: 52.756 Thread 0x0000023c8f829cf0 Exception <a 'sun/nio/fs/WindowsException'{0x0000000749f1b2a8}> (0x0000000749f1b2a8) 
thrown [s\open\src\hotspot\share\prims\jni.cpp, line 520]
Event: 52.766 Thread 0x0000023c24170db0 Exception <a 'sun/nio/fs/WindowsException'{0x000000074aaab950}> (0x000000074aaab950) 
thrown [s\open\src\hotspot\share\prims\jni.cpp, line 520]
Event: 52.785 Thread 0x0000023c24170db0 Exception <a 'sun/nio/fs/WindowsException'{0x0000000749f8cc70}> (0x0000000749f8cc70) 
thrown [s\open\src\hotspot\share\prims\jni.cpp, line 520]
Event: 52.787 Thread 0x0000023c24170db0 Exception <a 'sun/nio/fs/WindowsException'{0x0000000749f93a78}> (0x0000000749f93a78) 
thrown [s\open\src\hotspot\share\prims\jni.cpp, line 520]
Event: 52.792 Thread 0x0000023c24170db0 Exception <a 'sun/nio/fs/WindowsException'{0x0000000749f9d9f8}> (0x0000000749f9d9f8) 
thrown [s\open\src\hotspot\share\prims\jni.cpp, line 520]
Event: 52.796 Thread 0x0000023c24170db0 Exception <a 'sun/nio/fs/WindowsException'{0x0000000749fa4780}> (0x0000000749fa4780) 
thrown [s\open\src\hotspot\share\prims\jni.cpp, line 520]
Event: 52.799 Thread 0x0000023c24170db0 Exception <a 'sun/nio/fs/WindowsException'{0x0000000749fae6a8}> (0x0000000749fae6a8) 
thrown [s\open\src\hotspot\share\prims\jni.cpp, line 520]
Event: 52.802 Thread 0x0000023c24170db0 Exception <a 'sun/nio/fs/WindowsException'{0x0000000749fb5448}> (0x0000000749fb5448) 
thrown [s\open\src\hotspot\share\prims\jni.cpp, line 520]
Event: 52.805 Thread 0x0000023c24170db0 Exception <a 'sun/nio/fs/WindowsException'{0x0000000749fbf3a0}> (0x0000000749fbf3a0) 
thrown [s\open\src\hotspot\share\prims\jni.cpp, line 520]
Event: 52.807 Thread 0x0000023c24170db0 Exception <a 'sun/nio/fs/WindowsException'{0x0000000749fc6258}> (0x0000000749fc6258) 
thrown [s\open\src\hotspot\share\prims\jni.cpp, line 520]
Event: 52.811 Thread 0x0000023c24170db0 Exception <a 'sun/nio/fs/WindowsException'{0x0000000749fd0408}> (0x0000000749fd0408) 
thrown [s\open\src\hotspot\share\prims\jni.cpp, line 520]
Event: 52.815 Thread 0x0000023c24170db0 Exception <a 'sun/nio/fs/WindowsException'{0x0000000749fd7228}> (0x0000000749fd7228) 
thrown [s\open\src\hotspot\share\prims\jni.cpp, line 520]
Event: 52.817 Thread 0x0000023c24170db0 Exception <a 'sun/nio/fs/WindowsException'{0x0000000749fe1318}> (0x0000000749fe1318) 
thrown [s\open\src\hotspot\share\prims\jni.cpp, line 520]
Event: 52.820 Thread 0x0000023c24170db0 Exception <a 'sun/nio/fs/WindowsException'{0x0000000749fe80a0}> (0x0000000749fe80a0) 
thrown [s\open\src\hotspot\share\prims\jni.cpp, line 520]
Event: 52.822 Thread 0x0000023c24170db0 Exception <a 'sun/nio/fs/WindowsException'{0x0000000749ff20c0}> (0x0000000749ff20c0) 
thrown [s\open\src\hotspot\share\prims\jni.cpp, line 520]
Event: 53.664 Thread 0x0000023c24170db0 Exception <a 'java/lang/NoSuchMethodError'{0x0000000748b2bac0}: 'void java.lang.invoke.DirectMethodHandle$Holder.invokeStatic(java.lang.Object, long)'> (0x0000000748b2bac0) 
thrown [s\open\src\hotspot\share\interpreter\linkResolver.cpp, line 774]
Event: 53.665 Thread 0x0000023c24170db0 Exception <a 'java/lang/NoSuchMethodError'{0x0000000748b30928}: 'java.lang.Object java.lang.invoke.DirectMethodHandle$Holder.newInvokeSpecial(java.lang.Object, long)'> (0x0000000748b30928) 
thrown [s\open\src\hotspot\share\interpreter\linkResolver.cpp, line 774]
Event: 53.669 Thread 0x0000023c24170db0 Exception <a 'java/lang/NoSuchMethodError'{0x0000000748b36e40}: 'java.lang.Object java.lang.invoke.DirectMethodHandle$Holder.invokeStatic(java.lang.Object, long, java.lang.Object)'> (0x0000000748b36e40) 
thrown [s\open\src\hotspot\share\interpreter\linkResolver.cpp, line 774]
Event: 53.670 Thread 0x0000023c24170db0 Exception <a 'java/lang/NoSuchMethodError'{0x0000000748b3a4c8}: 'java.lang.Object java.lang.invoke.DirectMethodHandle$Holder.invokeStaticInit(java.lang.Object, long, java.lang.Object)'> (0x0000000748b3a4c8) 
thrown [s\open\src\hotspot\share\interpreter\linkResolver.cpp, line 774]

ZGC Phase Switch (0 events):
No events

VM Operations (20 events):
Event: 35.535 Executing VM operation: Cleanup
Event: 35.535 Executing VM operation: Cleanup done
Event: 36.547 Executing VM operation: Cleanup
Event: 36.547 Executing VM operation: Cleanup done
Event: 39.574 Executing VM operation: Cleanup
Event: 39.574 Executing VM operation: Cleanup done
Event: 40.579 Executing VM operation: Cleanup
Event: 40.579 Executing VM operation: Cleanup done
Event: 41.583 Executing VM operation: Cleanup
Event: 41.583 Executing VM operation: Cleanup done
Event: 50.683 Executing VM operation: Cleanup
Event: 50.683 Executing VM operation: Cleanup done
Event: 53.216 Executing VM operation: HandshakeAllThreads (Deoptimize)
Event: 53.216 Executing VM operation: HandshakeAllThreads (Deoptimize) done
Event: 53.216 Executing VM operation: Cleanup
Event: 53.216 Executing VM operation: Cleanup done
Event: 53.675 Executing VM operation: HandshakeAllThreads (Deoptimize)
Event: 53.675 Executing VM operation: HandshakeAllThreads (Deoptimize) done
Event: 54.687 Executing VM operation: Cleanup
Event: 54.687 Executing VM operation: Cleanup done

Events (20 events):
Event: 20.132 Thread 0x0000023c449a6c50 Thread exited: 0x0000023c449a6c50
Event: 20.132 Thread 0x0000023c449a8790 Thread exited: 0x0000023c449a8790
Event: 24.060 Thread 0x0000023c8f829660 Thread added: 0x0000023c8f829660
Event: 24.060 Thread 0x0000023c8f829cf0 Thread added: 0x0000023c8f829cf0
Event: 24.060 Thread 0x0000023c8f82a380 Thread added: 0x0000023c8f82a380
Event: 24.060 Thread 0x0000023c8f82aa10 Thread added: 0x0000023c8f82aa10
Event: 24.061 Thread 0x0000023c8f82b0a0 Thread added: 0x0000023c8f82b0a0
Event: 24.130 Thread 0x0000023c8abe0170 Thread added: 0x0000023c8abe0170
Event: 24.134 Thread 0x0000023c8abded00 Thread added: 0x0000023c8abded00
Event: 24.350 Thread 0x0000023c8abded00 Thread exited: 0x0000023c8abded00
Event: 24.350 Thread 0x0000023c8abe0170 Thread exited: 0x0000023c8abe0170
Event: 52.765 Thread 0x0000023c8f82a380 Thread exited: 0x0000023c8f82a380
Event: 52.765 Thread 0x0000023c8f82aa10 Thread exited: 0x0000023c8f82aa10
Event: 52.765 Thread 0x0000023c8f829cf0 Thread exited: 0x0000023c8f829cf0
Event: 52.766 Thread 0x0000023c8f82b0a0 Thread exited: 0x0000023c8f82b0a0
Event: 52.766 Thread 0x0000023c8f829660 Thread exited: 0x0000023c8f829660
Event: 52.943 Thread 0x0000023c8abdf3d0 Thread added: 0x0000023c8abdf3d0
Event: 52.943 Thread 0x0000023c8abdd1c0 Thread added: 0x0000023c8abdd1c0
Event: 53.617 Thread 0x0000023c8abdd1c0 Thread exited: 0x0000023c8abdd1c0
Event: 53.631 Thread 0x0000023c8abdf3d0 Thread exited: 0x0000023c8abdf3d0


Dynamic libraries:
0x00007ff7cf9c0000 - 0x00007ff7cf9d0000 	C:\Program Files\Java\jdk-22\bin\java.exe
0x00007ffb05770000 - 0x00007ffb05987000 	C:\WINDOWS\SYSTEM32\ntdll.dll
0x00007ffb03b60000 - 0x00007ffb03c24000 	C:\WINDOWS\System32\KERNEL32.DLL
0x00007ffb02dc0000 - 0x00007ffb03192000 	C:\WINDOWS\System32\KERNELBASE.dll
0x00007ffb02a80000 - 0x00007ffb02b91000 	C:\WINDOWS\System32\ucrtbase.dll
0x00007ffaf3aa0000 - 0x00007ffaf3ab7000 	C:\Program Files\Java\jdk-22\bin\jli.dll
0x00007ffaf5630000 - 0x00007ffaf564b000 	C:\Program Files\Java\jdk-22\bin\VCRUNTIME140.dll
0x00007ffb038d0000 - 0x00007ffb03981000 	C:\WINDOWS\System32\ADVAPI32.dll
0x00007ffb03710000 - 0x00007ffb037b7000 	C:\WINDOWS\System32\msvcrt.dll
0x00007ffb04020000 - 0x00007ffb040c8000 	C:\WINDOWS\System32\sechost.dll
0x00007ffb02c60000 - 0x00007ffb02c88000 	C:\WINDOWS\System32\bcrypt.dll
0x00007ffb047b0000 - 0x00007ffb048c4000 	C:\WINDOWS\System32\RPCRT4.dll
0x00007ffb05420000 - 0x00007ffb055d1000 	C:\WINDOWS\System32\USER32.dll
0x00007ffaefd80000 - 0x00007ffaf001b000 	C:\WINDOWS\WinSxS\amd64_microsoft.windows.common-controls_6595b64144ccf1df_6.0.22621.5415_none_270d77d17387d7da\COMCTL32.dll
0x00007ffb02860000 - 0x00007ffb02886000 	C:\WINDOWS\System32\win32u.dll
0x00007ffb03400000 - 0x00007ffb03429000 	C:\WINDOWS\System32\GDI32.dll
0x00007ffb02c90000 - 0x00007ffb02db3000 	C:\WINDOWS\System32\gdi32full.dll
0x00007ffb031a0000 - 0x00007ffb0323a000 	C:\WINDOWS\System32\msvcp_win.dll
0x00007ffaf46f0000 - 0x00007ffaf46fa000 	C:\WINDOWS\SYSTEM32\VERSION.dll
0x00007ffb056f0000 - 0x00007ffb05721000 	C:\WINDOWS\System32\IMM32.DLL
0x00007ffaf3c30000 - 0x00007ffaf3c3c000 	C:\Program Files\Java\jdk-22\bin\vcruntime140_1.dll
0x00007ffae4320000 - 0x00007ffae43ae000 	C:\Program Files\Java\jdk-22\bin\msvcp140.dll
0x00007ffaa0d80000 - 0x00007ffaa1ac7000 	C:\Program Files\Java\jdk-22\bin\server\jvm.dll
0x00007ffb04a40000 - 0x00007ffb04ab1000 	C:\WINDOWS\System32\WS2_32.dll
0x00007ffaf48d0000 - 0x00007ffaf4904000 	C:\WINDOWS\SYSTEM32\WINMM.dll
0x00007ffb02730000 - 0x00007ffb0277d000 	C:\WINDOWS\SYSTEM32\POWRPROF.dll
0x00007ffb02710000 - 0x00007ffb02723000 	C:\WINDOWS\SYSTEM32\UMPDC.dll
0x00007ffb01890000 - 0x00007ffb018a8000 	C:\WINDOWS\SYSTEM32\kernel.appcore.dll
0x00007ffaf3a90000 - 0x00007ffaf3a9a000 	C:\Program Files\Java\jdk-22\bin\jimage.dll
0x00007ffb001d0000 - 0x00007ffb00403000 	C:\WINDOWS\SYSTEM32\DBGHELP.DLL
0x00007ffb03c30000 - 0x00007ffb03fc3000 	C:\WINDOWS\System32\combase.dll
0x00007ffb04170000 - 0x00007ffb04247000 	C:\WINDOWS\System32\OLEAUT32.dll
0x00007ffae7e50000 - 0x00007ffae7e82000 	C:\WINDOWS\SYSTEM32\dbgcore.DLL
0x00007ffb02a00000 - 0x00007ffb02a7b000 	C:\WINDOWS\System32\bcryptPrimitives.dll
0x00007ffaf3710000 - 0x00007ffaf372e000 	C:\Program Files\Java\jdk-22\bin\java.dll
0x00007ffb04b70000 - 0x00007ffb05412000 	C:\WINDOWS\System32\SHELL32.dll
0x00007ffb032c0000 - 0x00007ffb033ff000 	C:\WINDOWS\System32\wintypes.dll
0x00007ffb03550000 - 0x00007ffb036f0000 	C:\WINDOWS\System32\ole32.dll
0x00007ffb00790000 - 0x00007ffb010ae000 	C:\WINDOWS\SYSTEM32\windows.storage.dll
0x00007ffb03440000 - 0x00007ffb0354b000 	C:\WINDOWS\System32\SHCORE.dll
0x00007ffb04740000 - 0x00007ffb047a9000 	C:\WINDOWS\System32\shlwapi.dll
0x00007ffb02790000 - 0x00007ffb027bb000 	C:\WINDOWS\SYSTEM32\profapi.dll
0x00007ffac98d0000 - 0x00007ffac99a7000 	C:\Program Files\Java\jdk-22\bin\jsvml.dll
0x00007ffaf3a40000 - 0x00007ffaf3a50000 	C:\Program Files\Java\jdk-22\bin\net.dll
0x00007ffb01d10000 - 0x00007ffb01d79000 	C:\WINDOWS\system32\mswsock.dll
0x00007ffaf1b30000 - 0x00007ffaf1b46000 	C:\Program Files\Java\jdk-22\bin\nio.dll
0x00007ffaf00c0000 - 0x00007ffaf00d7000 	C:\Program Files\Java\jdk-22\bin\zip.dll
0x00007ffaeebb0000 - 0x00007ffaeebd4000 	C:\Users\23765\.m2\wrapper\dists\apache-maven-3.9.9\977a63e90f436cd6ade95b4c0e10c20c\lib\jansi-native\Windows\x86_64\jansi.dll
0x00007ffaf3910000 - 0x00007ffaf3920000 	C:\Program Files\Java\jdk-22\bin\verify.dll
0x00007ffb01f60000 - 0x00007ffb01f7b000 	C:\WINDOWS\SYSTEM32\CRYPTSP.dll
0x00007ffb017f0000 - 0x00007ffb01827000 	C:\WINDOWS\system32\rsaenh.dll
0x00007ffb01e00000 - 0x00007ffb01e28000 	C:\WINDOWS\SYSTEM32\USERENV.dll
0x00007ffb01f80000 - 0x00007ffb01f8c000 	C:\WINDOWS\SYSTEM32\CRYPTBASE.dll
0x00007ffb01350000 - 0x00007ffb0137d000 	C:\WINDOWS\SYSTEM32\IPHLPAPI.DLL
0x00007ffb04150000 - 0x00007ffb04159000 	C:\WINDOWS\System32\NSI.dll
0x00007ffb01380000 - 0x00007ffb01478000 	C:\WINDOWS\SYSTEM32\DNSAPI.dll
0x00007ffaf4830000 - 0x00007ffaf483a000 	C:\Windows\System32\rasadhlp.dll
0x00007ffaf56e0000 - 0x00007ffaf5764000 	C:\WINDOWS\System32\fwpuclnt.dll
0x00007ffaf3700000 - 0x00007ffaf3709000 	C:\Program Files\Java\jdk-22\bin\extnet.dll
0x00007ffaf00b0000 - 0x00007ffaf00be000 	C:\Program Files\Java\jdk-22\bin\sunmscapi.dll
0x00007ffb02890000 - 0x00007ffb029f7000 	C:\WINDOWS\System32\CRYPT32.dll
0x00007ffb02100000 - 0x00007ffb0212d000 	C:\WINDOWS\SYSTEM32\ncrypt.dll
0x00007ffb020c0000 - 0x00007ffb020f7000 	C:\WINDOWS\SYSTEM32\NTASN1.dll

dbghelp: loaded successfully - version: 4.0.5 - missing functions: none
symbol engine: initialized successfully - sym options: 0x614 - pdb path: .;C:\Program Files\Java\jdk-22\bin;C:\WINDOWS\SYSTEM32;C:\WINDOWS\WinSxS\amd64_microsoft.windows.common-controls_6595b64144ccf1df_6.0.22621.5415_none_270d77d17387d7da;C:\Program Files\Java\jdk-22\bin\server;C:\Users\23765\.m2\wrapper\dists\apache-maven-3.9.9\977a63e90f436cd6ade95b4c0e10c20c\lib\jansi-native\Windows\x86_64

VM Arguments:
jvm_args: -Dclassworlds.conf=C:\Users\23765\.m2\wrapper\dists\apache-maven-3.9.9\977a63e90f436cd6ade95b4c0e10c20c\bin\m2.conf -Dmaven.home=C:\Users\23765\.m2\wrapper\dists\apache-maven-3.9.9\977a63e90f436cd6ade95b4c0e10c20c -Dlibrary.jansi.path=C:\Users\23765\.m2\wrapper\dists\apache-maven-3.9.9\977a63e90f436cd6ade95b4c0e10c20c\lib\jansi-native -Dmaven.multiModuleProjectDirectory=D:\Institut saint Jean cours\Licence3\Soutenance\Projet\Backend\EasayHelp 
java_command: org.codehaus.plexus.classworlds.launcher.Launcher spring-boot:run -DjvmArguments=-Xms256m -Xmx512m
java_class_path (initial): C:\Users\23765\.m2\wrapper\dists\apache-maven-3.9.9\977a63e90f436cd6ade95b4c0e10c20c\boot\plexus-classworlds-2.8.0.jar
Launcher Type: SUN_STANDARD

[Global flags]
     intx CICompilerCount                          = 4                                         {product} {ergonomic}
     uint ConcGCThreads                            = 2                                         {product} {ergonomic}
     uint G1ConcRefinementThreads                  = 8                                         {product} {ergonomic}
   size_t G1HeapRegionSize                         = 2097152                                   {product} {ergonomic}
   size_t InitialHeapSize                          = 199229440                                 {product} {ergonomic}
   size_t MarkStackSize                            = 4194304                                   {product} {ergonomic}
   size_t MaxHeapSize                              = 3160408064                                {product} {ergonomic}
   size_t MaxNewSize                               = 1895825408                                {product} {ergonomic}
   size_t MinHeapDeltaBytes                        = 2097152                                   {product} {ergonomic}
   size_t MinHeapSize                              = 8388608                                   {product} {ergonomic}
    uintx NonNMethodCodeHeapSize                   = 5839372                                {pd product} {ergonomic}
    uintx NonProfiledCodeHeapSize                  = 122909434                              {pd product} {ergonomic}
    uintx ProfiledCodeHeapSize                     = 122909434                              {pd product} {ergonomic}
    uintx ReservedCodeCacheSize                    = 251658240                              {pd product} {ergonomic}
     bool SegmentedCodeCache                       = true                                      {product} {ergonomic}
   size_t SoftMaxHeapSize                          = 3160408064                             {manageable} {ergonomic}
     bool UseCompressedOops                        = true                           {product lp64_product} {ergonomic}
     bool UseG1GC                                  = true                                      {product} {ergonomic}
     bool UseLargePagesIndividualAllocation        = false                                  {pd product} {ergonomic}

Logging:
Log output configuration:
 #0: stdout all=warning uptime,level,tags foldmultilines=false
 #1: stderr all=off uptime,level,tags foldmultilines=false

Environment Variables:
JAVA_HOME=C:\Program Files\Java\jdk-22
PATH=C:\ProgramData\Oracle\Java\javapath;C:\Program Files\Common Files\Oracle\Java\javapath;C:\Program Files (x86)\Common Files\Oracle\Java\java8path;C:\Program Files (x86)\Common Files\Oracle\Java\javapath;C:\Program Files (x86)\Mail Enable\BIN;C:\WINDOWS\system32;C:\WINDOWS;C:\WINDOWS\System32\Wbem;C:\WINDOWS\System32\WindowsPowerShell\v1.0\;C:\WINDOWS\System32\OpenSSH\;C:\Program Files\Java\jdk1.8.0_202\bin;C:\Program Files\dotnet\;C:\Program Files (x86)\Mail Enable\BIN64;c:\users\23765\appdata\local\programs\python\python311\scripts\;C:\Windows\System32;C:\Program Files\Php;C:\ProgramData\Microsoft\Windows\Start Menu\Programs\Node.js;C:\wamp64\bin\php\php5.6.40;C:\Program Files (x86)\Windows Kits\10\Windows Performance Toolkit\;C:\Program Files (x86)\Microsoft SQL Server\160\DTS\Binn\;C:\Program Files (x86)\Microsoft SQL Server\160\Tools\Binn\;C:\Program Files\Microsoft SQL Server\160\Tools\Binn\;C:\Program Files\Microsoft SQL Server\Client SDK\ODBC\170\Tools\Binn\;C:\Program Files\Microsoft SQL Server\160\DTS\Binn\;C:\Program Files\Microsoft SQL Server\150\Tools\Binn\;C:\Program Files\Git\cmd;C:\Program Files\Git\mingw64\bin;C:\Program Files\Git\usr\bin;C:\Program Files\nodejs\;C:\Spark\spark-3.5.3-bin-hadoop3\bin;C:\Hadoop;C:\Program Files\Java\jdk1.8.0_202;C:\Users\23765\AppData\Local\Programs\Python\Python311\Scripts\;C:\Users\23765\AppData\Local\Programs\Python\Python311\;C:\Users\23765\AppData\Local\Microsoft\WindowsApps;C:\Users\23765\AppData\Local\Programs\Microsoft VS Code\bin;C:\wamp64\bin\mysql\mysql8.0.27\bin;C:\Users\23765\AppData\Roaming\Microsoft\Windows\Start Menu\Programs\Python 3.11;c:\users\23765\appdata\local\programs\python\python311\scripts;C:\Windows\System32;C:\ProgramData\Microsoft\Windows\Start Menu\Programs\Node.js;C:\Users\23765\.dotnet\tools;C:\Users\23765\AppData\Roaming\npm;C:\Hadoop;C:\Spark\spark-3.5.3-bin-hadoop3\bin;D:\Institut saint Jean cours\Licence3\tutor\IntelliJ IDEA 2022.2.5\bin;
USERNAME=DELL
OS=Windows_NT
PROCESSOR_IDENTIFIER=Intel64 Family 6 Model 126 Stepping 5, GenuineIntel
TMP=C:\Users\23765\AppData\Local\Temp
TEMP=C:\Users\23765\AppData\Local\Temp




Periodic native trim disabled

---------------  S Y S T E M  ---------------

OS:
 Windows 11 , 64 bit Build 22621 (10.0.22621.5415)
OS uptime: 1 days 22:26 hours

CPU: total 8 (initial active 8) (4 cores per cpu, 2 threads per core) family 6 model 126 stepping 5 microcode 0xc6, cx8, cmov, fxsr, ht, mmx, 3dnowpref, sse, sse2, sse3, ssse3, sse4.1, sse4.2, popcnt, lzcnt, tsc, tscinvbit, avx, avx2, aes, erms, clmul, bmi1, bmi2, adx, avx512f, avx512dq, avx512cd, avx512bw, avx512vl, sha, fma, vzeroupper, avx512_vpopcntdq, avx512_vpclmulqdq, avx512_vaes, avx512_vnni, clflush, clflushopt, avx512_vbmi2, avx512_vbmi, rdtscp, rdpid, fsrm, gfni, avx512_bitalg, f16c, pku, avx512_ifma
Processor Information for all 8 processors :
  Max Mhz: 1190, Current Mhz: 991, Mhz Limit: 987

Memory: 4k page, system-wide physical 12051M (1546M free)
TotalPageFile size 32436M (AvailPageFile size 13M)
current process WorkingSet (physical memory assigned to process): 381M, peak: 381M
current process commit charge ("private bytes"): 412M, peak: 412M

vm_info: Java HotSpot(TM) 64-Bit Server VM (22.0.1+8-16) for windows-amd64 JRE (22.0.1+8-16), built on 2024-03-12T10:33:16Z by "mach5one" with MS VC++ 17.6 (VS2022)

END.
