#
# There is insufficient memory for the Java Runtime Environment to continue.
# Native memory allocation (malloc) failed to allocate 147056 bytes. Error detail: Chunk::new
# Possible reasons:
#   The system is out of physical RAM or swap space
#   This process is running with CompressedOops enabled, and the Java Heap may be blocking the growth of the native heap
# Possible solutions:
#   Reduce memory load on the system
#   Increase physical memory or swap space
#   Check if swap backing store is full
#   Decrease Java heap size (-Xmx/-Xms)
#   Decrease number of Java threads
#   Decrease Java thread stack sizes (-Xss)
#   Set larger code cache with -XX:ReservedCodeCacheSize=
#   JVM is running with Zero Based Compressed Oops mode in which the Java heap is
#     placed in the first 32GB address space. The Java Heap base address is the
#     maximum limit for the native heap growth. Please use -XX:HeapBaseMinAddress
#     to set the Java Heap base and to place the Java Heap above 32GB virtual address.
# This output file may be truncated or incomplete.
#
#  Out of Memory Error (arena.cpp:149), pid=23128, tid=31228
#
# JRE version: OpenJDK Runtime Environment (23.0.2+7) (build 23.0.2+7-58)
# Java VM: OpenJDK 64-Bit Server VM (23.0.2+7-58, mixed mode, sharing, tiered, compressed oops, compressed class ptrs, g1 gc, windows-amd64)
# No core dump will be written. Minidumps are not enabled by default on client versions of Windows
#

---------------  S U M M A R Y ------------

Command Line: -Dsocket.server.port=33833 -javaagent:C:\Program Files\JetBrains\IntelliJ IDEA Community Edition 2024.3\lib\idea_rt.jar=59154:C:\Program Files\JetBrains\IntelliJ IDEA Community Edition 2024.3\bin -Dfile.encoding=UTF-8 -Dsun.stdout.encoding=UTF-8 -Dsun.stderr.encoding=UTF-8 com.EasayHelp.EasayHelp.EasayHelpApplication

Host: Intel(R) Core(TM) i5-1035G1 CPU @ 1.00GHz, 8 cores, 11G,  Windows 11 , 64 bit Build 22621 (10.0.22621.5415)
Time: Tue Jun 24 14:33:19 2025 Afr. centrale Ouest elapsed time: 21.429023 seconds (0d 0h 0m 21s)

---------------  T H R E A D  ---------------

Current thread (0x0000029de002fe00):  JavaThread "C2 CompilerThread1" daemon [_thread_in_native, id=31228, stack(0x000000e31df00000,0x000000e31e000000) (1024K)]


Current CompileTask:
C2:21429 7929       4       org.springframework.util.StreamUtils$NonClosingOutputStream::write (11 bytes)

Stack: [0x000000e31df00000,0x000000e31e000000]
Native frames: (J=compiled Java code, j=interpreted, Vv=VM code, C=native code)
V  [jvm.dll+0x6e0b99]  (no source info available)
V  [jvm.dll+0x87e2b3]  (no source info available)
V  [jvm.dll+0x88073e]  (no source info available)
V  [jvm.dll+0x880e13]  (no source info available)
V  [jvm.dll+0x27b006]  (no source info available)
V  [jvm.dll+0xbc06f]  (no source info available)
V  [jvm.dll+0xbc2cb]  (no source info available)
V  [jvm.dll+0x5e7c49]  (no source info available)
V  [jvm.dll+0x38a58a]  (no source info available)
V  [jvm.dll+0x3899ca]  (no source info available)
V  [jvm.dll+0x244ba1]  (no source info available)
V  [jvm.dll+0x243eff]  (no source info available)
V  [jvm.dll+0x1c34b0]  (no source info available)
V  [jvm.dll+0x253df1]  (no source info available)
V  [jvm.dll+0x2520aa]  (no source info available)
V  [jvm.dll+0x3ee226]  (no source info available)
V  [jvm.dll+0x8254cb]  (no source info available)
V  [jvm.dll+0x6df345]  (no source info available)
C  [ucrtbase.dll+0x29333]  (no source info available)
C  [KERNEL32.DLL+0x1259d]  (no source info available)
C  [ntdll.dll+0x5af78]  (no source info available)

Lock stack of current Java thread (top to bottom):


---------------  P R O C E S S  ---------------

Threads class SMR info:
_java_thread_list=0x0000029de03d1e10, length=31, elements={
0x0000029dffeeed40, 0x0000029dffef2370, 0x0000029dffef4f80, 0x0000029dffef7ae0,
0x0000029dffef9640, 0x0000029dffefaae0, 0x0000029dfff09430, 0x0000029dfff0b110,
0x0000029d97739be0, 0x0000029d9773a270, 0x0000029d97739550, 0x0000029dded61480,
0x0000029dded5e000, 0x0000029ddfd11760, 0x0000029ddfd12480, 0x0000029ddfd11df0,
0x0000029ddfd10a40, 0x0000029ddfd110d0, 0x0000029dded5fa40, 0x0000029de2e44900,
0x0000029de2e46340, 0x0000029de2e45cb0, 0x0000029de2e44f90, 0x0000029de2e476f0,
0x0000029de2e45620, 0x0000029de2e47060, 0x0000029de2e469d0, 0x0000029de2e47d80,
0x0000029ddf7dc0d0, 0x0000029ddf7dba40, 0x0000029de002fe00
}

Java Threads: ( => current thread )
  0x0000029dffeeed40 JavaThread "Reference Handler"          daemon [_thread_blocked, id=17468, stack(0x000000e31d400000,0x000000e31d500000) (1024K)]
  0x0000029dffef2370 JavaThread "Finalizer"                  daemon [_thread_blocked, id=12112, stack(0x000000e31d500000,0x000000e31d600000) (1024K)]
  0x0000029dffef4f80 JavaThread "Signal Dispatcher"          daemon [_thread_blocked, id=2192, stack(0x000000e31d600000,0x000000e31d700000) (1024K)]
  0x0000029dffef7ae0 JavaThread "Attach Listener"            daemon [_thread_blocked, id=21800, stack(0x000000e31d700000,0x000000e31d800000) (1024K)]
  0x0000029dffef9640 JavaThread "Service Thread"             daemon [_thread_blocked, id=25180, stack(0x000000e31d800000,0x000000e31d900000) (1024K)]
  0x0000029dffefaae0 JavaThread "Monitor Deflation Thread"   daemon [_thread_blocked, id=28992, stack(0x000000e31d900000,0x000000e31da00000) (1024K)]
  0x0000029dfff09430 JavaThread "C2 CompilerThread0"         daemon [_thread_in_native, id=32720, stack(0x000000e31da00000,0x000000e31db00000) (1024K)]
  0x0000029dfff0b110 JavaThread "C1 CompilerThread0"         daemon [_thread_blocked, id=2360, stack(0x000000e31db00000,0x000000e31dc00000) (1024K)]
  0x0000029d97739be0 JavaThread "Common-Cleaner"             daemon [_thread_blocked, id=3428, stack(0x000000e31dc00000,0x000000e31dd00000) (1024K)]
  0x0000029d9773a270 JavaThread "Monitor Ctrl-Break"         daemon [_thread_in_native, id=29516, stack(0x000000e31dd00000,0x000000e31de00000) (1024K)]
  0x0000029d97739550 JavaThread "Notification Thread"        daemon [_thread_blocked, id=9684, stack(0x000000e31de00000,0x000000e31df00000) (1024K)]
  0x0000029dded61480 JavaThread "mysql-cj-abandoned-connection-cleanup" daemon [_thread_blocked, id=3456, stack(0x000000e31e500000,0x000000e31e600000) (1024K)]
  0x0000029dded5e000 JavaThread "HikariPool-1 housekeeper"   daemon [_thread_blocked, id=17652, stack(0x000000e31eb00000,0x000000e31ec00000) (1024K)]
  0x0000029ddfd11760 JavaThread "Catalina-utility-1"                [_thread_blocked, id=31492, stack(0x000000e31ed00000,0x000000e31ee00000) (1024K)]
  0x0000029ddfd12480 JavaThread "Catalina-utility-2"                [_thread_blocked, id=25476, stack(0x000000e31ee00000,0x000000e31ef00000) (1024K)]
  0x0000029ddfd11df0 JavaThread "container-0"                       [_thread_blocked, id=21664, stack(0x000000e31ef00000,0x000000e31f000000) (1024K)]
  0x0000029ddfd10a40 JavaThread "http-nio-8081-exec-1"       daemon [_thread_blocked, id=14628, stack(0x000000e31f000000,0x000000e31f100000) (1024K)]
  0x0000029ddfd110d0 JavaThread "http-nio-8081-exec-2"       daemon [_thread_blocked, id=14852, stack(0x000000e31f100000,0x000000e31f200000) (1024K)]
  0x0000029dded5fa40 JavaThread "http-nio-8081-exec-3"       daemon [_thread_blocked, id=19224, stack(0x000000e31f200000,0x000000e31f300000) (1024K)]
  0x0000029de2e44900 JavaThread "http-nio-8081-exec-4"       daemon [_thread_blocked, id=19460, stack(0x000000e31f300000,0x000000e31f400000) (1024K)]
  0x0000029de2e46340 JavaThread "http-nio-8081-exec-5"       daemon [_thread_blocked, id=28288, stack(0x000000e31f400000,0x000000e31f500000) (1024K)]
  0x0000029de2e45cb0 JavaThread "http-nio-8081-exec-6"       daemon [_thread_blocked, id=18636, stack(0x000000e31f500000,0x000000e31f600000) (1024K)]
  0x0000029de2e44f90 JavaThread "http-nio-8081-exec-7"       daemon [_thread_blocked, id=1228, stack(0x000000e31f600000,0x000000e31f700000) (1024K)]
  0x0000029de2e476f0 JavaThread "http-nio-8081-exec-8"       daemon [_thread_blocked, id=18380, stack(0x000000e31f700000,0x000000e31f800000) (1024K)]
  0x0000029de2e45620 JavaThread "http-nio-8081-exec-9"       daemon [_thread_blocked, id=15448, stack(0x000000e31f800000,0x000000e31f900000) (1024K)]
  0x0000029de2e47060 JavaThread "http-nio-8081-exec-10"      daemon [_thread_blocked, id=22704, stack(0x000000e31f900000,0x000000e31fa00000) (1024K)]
  0x0000029de2e469d0 JavaThread "http-nio-8081-Poller"       daemon [_thread_in_native, id=28852, stack(0x000000e31fa00000,0x000000e31fb00000) (1024K)]
  0x0000029de2e47d80 JavaThread "http-nio-8081-Acceptor"     daemon [_thread_in_native, id=31480, stack(0x000000e31fb00000,0x000000e31fc00000) (1024K)]
  0x0000029ddf7dc0d0 JavaThread "DestroyJavaVM"                     [_thread_blocked, id=32136, stack(0x000000e31cc00000,0x000000e31cd00000) (1024K)]
  0x0000029ddf7dba40 JavaThread "HikariPool-1 connection adder" daemon [_thread_blocked, id=32308, stack(0x000000e31e800000,0x000000e31e900000) (1024K)]
=>0x0000029de002fe00 JavaThread "C2 CompilerThread1"         daemon [_thread_in_native, id=31228, stack(0x000000e31df00000,0x000000e31e000000) (1024K)]
Total: 31

Other Threads:
  0x0000029dffeda0a0 VMThread "VM Thread"                           [id=25208, stack(0x000000e31d300000,0x000000e31d400000) (1024K)]
  0x0000029dffec6c20 WatcherThread "VM Periodic Task Thread"        [id=1904, stack(0x000000e31d200000,0x000000e31d300000) (1024K)]
  0x0000029df94d06b0 WorkerThread "GC Thread#0"                     [id=28416, stack(0x000000e31cd00000,0x000000e31ce00000) (1024K)]
  0x0000029ddda5d9d0 WorkerThread "GC Thread#1"                     [id=16020, stack(0x000000e31e000000,0x000000e31e100000) (1024K)]
  0x0000029ddd94ed80 WorkerThread "GC Thread#2"                     [id=17188, stack(0x000000e31e100000,0x000000e31e200000) (1024K)]
  0x0000029ddd94f130 WorkerThread "GC Thread#3"                     [id=28860, stack(0x000000e31e200000,0x000000e31e300000) (1024K)]
  0x0000029ddd977100 WorkerThread "GC Thread#4"                     [id=21732, stack(0x000000e31e300000,0x000000e31e400000) (1024K)]
  0x0000029ddd9778c0 WorkerThread "GC Thread#5"                     [id=11908, stack(0x000000e31e400000,0x000000e31e500000) (1024K)]
  0x0000029dddeb8ea0 WorkerThread "GC Thread#6"                     [id=22524, stack(0x000000e31e600000,0x000000e31e700000) (1024K)]
  0x0000029dddb3f910 WorkerThread "GC Thread#7"                     [id=20624, stack(0x000000e31e700000,0x000000e31e800000) (1024K)]
  0x0000029df94e0260 ConcurrentGCThread "G1 Main Marker"            [id=32096, stack(0x000000e31ce00000,0x000000e31cf00000) (1024K)]
  0x0000029df94e0f20 WorkerThread "G1 Conc#0"                       [id=11192, stack(0x000000e31cf00000,0x000000e31d000000) (1024K)]
  0x0000029dddcc0a40 WorkerThread "G1 Conc#1"                       [id=23800, stack(0x000000e31e900000,0x000000e31ea00000) (1024K)]
  0x0000029dffd9b520 ConcurrentGCThread "G1 Refine#0"               [id=6112, stack(0x000000e31d000000,0x000000e31d100000) (1024K)]
  0x0000029dffd9c0a0 ConcurrentGCThread "G1 Service"                [id=25800, stack(0x000000e31d100000,0x000000e31d200000) (1024K)]
Total: 15

Threads with active compile tasks:
C2 CompilerThread0  21522 7930   !   4       org.apache.catalina.connector.CoyoteOutputStream::write (37 bytes)
C2 CompilerThread1  21522 7929       4       org.springframework.util.StreamUtils$NonClosingOutputStream::write (11 bytes)
Total: 2

VM state: not at safepoint (normal execution)

VM Mutex/Monitor currently owned by a thread: None

Heap address: 0x0000000743a00000, size: 3014 MB, Compressed Oops mode: Zero based, Oop shift amount: 3

CDS archive(s) mapped at: [0x0000029d98000000-0x0000029d98d70000-0x0000029d98d70000), size 14090240, SharedBaseAddress: 0x0000029d98000000, ArchiveRelocationMode: 1.
Compressed class space mapped at: 0x0000029d99000000-0x0000029dd9000000, reserved size: 1073741824
Narrow klass base: 0x0000029d98000000, Narrow klass shift: 0, Narrow klass range: 0x41000000

GC Precious Log:
 CardTable entry size: 512
 Card Set container configuration: InlinePtr #cards 4 size 8 Array Of Cards #cards 16 size 48 Howl #buckets 8 coarsen threshold 3686 Howl Bitmap #cards 512 size 80 coarsen threshold 460 Card regions per heap region 1 cards per card region 4096
 CPUs: 8 total, 8 available
 Memory: 12051M
 Large Page Support: Disabled
 NUMA Support: Disabled
 Compressed Oops: Enabled (Zero based)
 Heap Region Size: 2M
 Heap Min Capacity: 8M
 Heap Initial Capacity: 190M
 Heap Max Capacity: 3014M
 Pre-touch: Disabled
 Parallel Workers: 8
 Concurrent Workers: 2
 Concurrent Refinement Workers: 8
 Periodic GC: Disabled

Heap:
 garbage-first heap   total reserved 3086336K, committed 247808K, used 230648K [0x0000000743a00000, 0x0000000800000000)
  region size 2048K, 3 young (6144K), 1 survivors (2048K)
 Metaspace       used 77509K, committed 78272K, reserved 1179648K
  class space    used 10799K, committed 11136K, reserved 1048576K

Heap Regions: E=young(eden), S=young(survivor), O=old, HS=humongous(starts), HC=humongous(continues), CS=collection set, F=free, TAMS=top-at-mark-start, PB=parsable bottom
|   0|0x0000000743a00000, 0x0000000743c00000, 0x0000000743c00000|100%| O|  |TAMS 0x0000000743a00000| PB 0x0000000743a00000| Untracked |  0
|   1|0x0000000743c00000, 0x0000000743e00000, 0x0000000743e00000|100%| O|  |TAMS 0x0000000743c00000| PB 0x0000000743c00000| Untracked |  0
|   2|0x0000000743e00000, 0x0000000744000000, 0x0000000744000000|100%| O|  |TAMS 0x0000000743e00000| PB 0x0000000743e00000| Untracked |  0
|   3|0x0000000744000000, 0x0000000744200000, 0x0000000744200000|100%| O|  |TAMS 0x0000000744000000| PB 0x0000000744000000| Untracked |  0
|   4|0x0000000744200000, 0x0000000744400000, 0x0000000744400000|100%| O|  |TAMS 0x0000000744200000| PB 0x0000000744200000| Untracked |  0
|   5|0x0000000744400000, 0x0000000744600000, 0x0000000744600000|100%| O|  |TAMS 0x0000000744400000| PB 0x0000000744400000| Untracked |  0
|   6|0x0000000744600000, 0x0000000744800000, 0x0000000744800000|100%| O|  |TAMS 0x0000000744600000| PB 0x0000000744600000| Untracked |  0
|   7|0x0000000744800000, 0x0000000744a00000, 0x0000000744a00000|100%| O|  |TAMS 0x0000000744800000| PB 0x0000000744800000| Untracked |  0
|   8|0x0000000744a00000, 0x0000000744c00000, 0x0000000744c00000|100%| O|  |TAMS 0x0000000744a00000| PB 0x0000000744a00000| Untracked |  0
|   9|0x0000000744c00000, 0x0000000744e00000, 0x0000000744e00000|100%| O|Cm|TAMS 0x0000000744c00000| PB 0x0000000744c00000| Complete |  0
|  10|0x0000000744e00000, 0x0000000745000000, 0x0000000745000000|100%| O|  |TAMS 0x0000000744e00000| PB 0x0000000744e00000| Untracked |  0
|  11|0x0000000745000000, 0x0000000745200000, 0x0000000745200000|100%| O|  |TAMS 0x0000000745000000| PB 0x0000000745000000| Untracked |  0
|  12|0x0000000745200000, 0x0000000745400000, 0x0000000745400000|100%| O|  |TAMS 0x0000000745200000| PB 0x0000000745200000| Untracked |  0
|  13|0x0000000745400000, 0x0000000745600000, 0x0000000745600000|100%| O|  |TAMS 0x0000000745400000| PB 0x0000000745400000| Untracked |  0
|  14|0x0000000745600000, 0x0000000745800000, 0x0000000745800000|100%| O|  |TAMS 0x0000000745600000| PB 0x0000000745600000| Untracked |  0
|  15|0x0000000745800000, 0x0000000745a00000, 0x0000000745a00000|100%| O|  |TAMS 0x0000000745800000| PB 0x0000000745800000| Untracked |  0
|  16|0x0000000745a00000, 0x0000000745acae40, 0x0000000745c00000| 39%| O|  |TAMS 0x0000000745a00000| PB 0x0000000745a00000| Untracked |  0
|  17|0x0000000745c00000, 0x0000000745e00000, 0x0000000745e00000|100%| O|  |TAMS 0x0000000745c00000| PB 0x0000000745c00000| Untracked |  0
|  18|0x0000000745e00000, 0x0000000746000000, 0x0000000746000000|100%|HS|  |TAMS 0x0000000745e00000| PB 0x0000000745e00000| Complete |  0
|  19|0x0000000746000000, 0x0000000746200000, 0x0000000746200000|100%|HC|  |TAMS 0x0000000746000000| PB 0x0000000746000000| Complete |  0
|  20|0x0000000746200000, 0x0000000746400000, 0x0000000746400000|100%|HC|  |TAMS 0x0000000746200000| PB 0x0000000746200000| Complete |  0
|  21|0x0000000746400000, 0x0000000746600000, 0x0000000746600000|100%|HC|  |TAMS 0x0000000746400000| PB 0x0000000746400000| Complete |  0
|  22|0x0000000746600000, 0x0000000746800000, 0x0000000746800000|100%|HC|  |TAMS 0x0000000746600000| PB 0x0000000746600000| Complete |  0
|  23|0x0000000746800000, 0x0000000746a00000, 0x0000000746a00000|100%|HS|  |TAMS 0x0000000746800000| PB 0x0000000746800000| Complete |  0
|  24|0x0000000746a00000, 0x0000000746c00000, 0x0000000746c00000|100%|HC|  |TAMS 0x0000000746a00000| PB 0x0000000746a00000| Complete |  0
|  25|0x0000000746c00000, 0x0000000746e00000, 0x0000000746e00000|100%|HC|  |TAMS 0x0000000746c00000| PB 0x0000000746c00000| Complete |  0
|  26|0x0000000746e00000, 0x0000000747000000, 0x0000000747000000|100%|HC|  |TAMS 0x0000000746e00000| PB 0x0000000746e00000| Complete |  0
|  27|0x0000000747000000, 0x0000000747200000, 0x0000000747200000|100%|HC|  |TAMS 0x0000000747000000| PB 0x0000000747000000| Complete |  0
|  28|0x0000000747200000, 0x0000000747400000, 0x0000000747400000|100%|HC|  |TAMS 0x0000000747200000| PB 0x0000000747200000| Complete |  0
|  29|0x0000000747400000, 0x0000000747600000, 0x0000000747600000|100%|HS|  |TAMS 0x0000000747400000| PB 0x0000000747400000| Complete |  0
|  30|0x0000000747600000, 0x0000000747800000, 0x0000000747800000|100%|HC|  |TAMS 0x0000000747600000| PB 0x0000000747600000| Complete |  0
|  31|0x0000000747800000, 0x0000000747a00000, 0x0000000747a00000|100%|HC|  |TAMS 0x0000000747800000| PB 0x0000000747800000| Complete |  0
|  32|0x0000000747a00000, 0x0000000747c00000, 0x0000000747c00000|100%|HC|  |TAMS 0x0000000747a00000| PB 0x0000000747a00000| Complete |  0
|  33|0x0000000747c00000, 0x0000000747e00000, 0x0000000747e00000|100%|HC|  |TAMS 0x0000000747c00000| PB 0x0000000747c00000| Complete |  0
|  34|0x0000000747e00000, 0x0000000748000000, 0x0000000748000000|100%|HS|  |TAMS 0x0000000747e00000| PB 0x0000000747e00000| Complete |  0
|  35|0x0000000748000000, 0x0000000748200000, 0x0000000748200000|100%|HS|  |TAMS 0x0000000748000000| PB 0x0000000748000000| Complete |  0
|  36|0x0000000748200000, 0x0000000748400000, 0x0000000748400000|100%|HC|  |TAMS 0x0000000748200000| PB 0x0000000748200000| Complete |  0
|  37|0x0000000748400000, 0x0000000748600000, 0x0000000748600000|100%|HS|  |TAMS 0x0000000748400000| PB 0x0000000748400000| Complete |  0
|  38|0x0000000748600000, 0x0000000748800000, 0x0000000748800000|100%|HC|  |TAMS 0x0000000748600000| PB 0x0000000748600000| Complete |  0
|  39|0x0000000748800000, 0x0000000748a00000, 0x0000000748a00000|100%|HC|  |TAMS 0x0000000748800000| PB 0x0000000748800000| Complete |  0
|  40|0x0000000748a00000, 0x0000000748c00000, 0x0000000748c00000|100%|HS|  |TAMS 0x0000000748a00000| PB 0x0000000748a00000| Complete |  0
|  41|0x0000000748c00000, 0x0000000748e00000, 0x0000000748e00000|100%|HC|  |TAMS 0x0000000748c00000| PB 0x0000000748c00000| Complete |  0
|  42|0x0000000748e00000, 0x0000000749000000, 0x0000000749000000|100%|HC|  |TAMS 0x0000000748e00000| PB 0x0000000748e00000| Complete |  0
|  43|0x0000000749000000, 0x0000000749200000, 0x0000000749200000|100%|HC|  |TAMS 0x0000000749000000| PB 0x0000000749000000| Complete |  0
|  44|0x0000000749200000, 0x0000000749400000, 0x0000000749400000|100%|HC|  |TAMS 0x0000000749200000| PB 0x0000000749200000| Complete |  0
|  45|0x0000000749400000, 0x0000000749600000, 0x0000000749600000|100%|HS|  |TAMS 0x0000000749400000| PB 0x0000000749400000| Complete |  0
|  46|0x0000000749600000, 0x0000000749800000, 0x0000000749800000|100%|HC|  |TAMS 0x0000000749600000| PB 0x0000000749600000| Complete |  0
|  47|0x0000000749800000, 0x0000000749a00000, 0x0000000749a00000|100%|HC|  |TAMS 0x0000000749800000| PB 0x0000000749800000| Complete |  0
|  48|0x0000000749a00000, 0x0000000749c00000, 0x0000000749c00000|100%|HC|  |TAMS 0x0000000749a00000| PB 0x0000000749a00000| Complete |  0
|  49|0x0000000749c00000, 0x0000000749e00000, 0x0000000749e00000|100%|HC|  |TAMS 0x0000000749c00000| PB 0x0000000749c00000| Complete |  0
|  50|0x0000000749e00000, 0x000000074a000000, 0x000000074a000000|100%|HS|  |TAMS 0x0000000749e00000| PB 0x0000000749e00000| Complete |  0
|  51|0x000000074a000000, 0x000000074a200000, 0x000000074a200000|100%|HS|  |TAMS 0x000000074a000000| PB 0x000000074a000000| Complete |  0
|  52|0x000000074a200000, 0x000000074a400000, 0x000000074a400000|100%|HC|  |TAMS 0x000000074a200000| PB 0x000000074a200000| Complete |  0
|  53|0x000000074a400000, 0x000000074a600000, 0x000000074a600000|100%|HS|  |TAMS 0x000000074a400000| PB 0x000000074a400000| Complete |  0
|  54|0x000000074a600000, 0x000000074a800000, 0x000000074a800000|100%|HC|  |TAMS 0x000000074a600000| PB 0x000000074a600000| Complete |  0
|  55|0x000000074a800000, 0x000000074aa00000, 0x000000074aa00000|100%|HC|  |TAMS 0x000000074a800000| PB 0x000000074a800000| Complete |  0
|  56|0x000000074aa00000, 0x000000074ac00000, 0x000000074ac00000|100%|HC|  |TAMS 0x000000074aa00000| PB 0x000000074aa00000| Complete |  0
|  57|0x000000074ac00000, 0x000000074ae00000, 0x000000074ae00000|100%|HC|  |TAMS 0x000000074ac00000| PB 0x000000074ac00000| Complete |  0
|  58|0x000000074ae00000, 0x000000074b000000, 0x000000074b000000|100%|HS|  |TAMS 0x000000074ae00000| PB 0x000000074ae00000| Complete |  0
|  59|0x000000074b000000, 0x000000074b200000, 0x000000074b200000|100%|HC|  |TAMS 0x000000074b000000| PB 0x000000074b000000| Complete |  0
|  60|0x000000074b200000, 0x000000074b400000, 0x000000074b400000|100%|HC|  |TAMS 0x000000074b200000| PB 0x000000074b200000| Complete |  0
|  61|0x000000074b400000, 0x000000074b600000, 0x000000074b600000|100%|HC|  |TAMS 0x000000074b400000| PB 0x000000074b400000| Complete |  0
|  62|0x000000074b600000, 0x000000074b800000, 0x000000074b800000|100%|HC|  |TAMS 0x000000074b600000| PB 0x000000074b600000| Complete |  0
|  63|0x000000074b800000, 0x000000074ba00000, 0x000000074ba00000|100%|HC|  |TAMS 0x000000074b800000| PB 0x000000074b800000| Complete |  0
|  64|0x000000074ba00000, 0x000000074bc00000, 0x000000074bc00000|100%|HC|  |TAMS 0x000000074ba00000| PB 0x000000074ba00000| Complete |  0
|  65|0x000000074bc00000, 0x000000074be00000, 0x000000074be00000|100%|HC|  |TAMS 0x000000074bc00000| PB 0x000000074bc00000| Complete |  0
|  66|0x000000074be00000, 0x000000074c000000, 0x000000074c000000|100%|HC|  |TAMS 0x000000074be00000| PB 0x000000074be00000| Complete |  0
|  67|0x000000074c000000, 0x000000074c200000, 0x000000074c200000|100%|HS|  |TAMS 0x000000074c000000| PB 0x000000074c000000| Complete |  0
|  68|0x000000074c200000, 0x000000074c400000, 0x000000074c400000|100%|HC|  |TAMS 0x000000074c200000| PB 0x000000074c200000| Complete |  0
|  69|0x000000074c400000, 0x000000074c600000, 0x000000074c600000|100%|HC|  |TAMS 0x000000074c400000| PB 0x000000074c400000| Complete |  0
|  70|0x000000074c600000, 0x000000074c800000, 0x000000074c800000|100%|HC|  |TAMS 0x000000074c600000| PB 0x000000074c600000| Complete |  0
|  71|0x000000074c800000, 0x000000074ca00000, 0x000000074ca00000|100%|HC|  |TAMS 0x000000074c800000| PB 0x000000074c800000| Complete |  0
|  72|0x000000074ca00000, 0x000000074cc00000, 0x000000074cc00000|100%|HS|  |TAMS 0x000000074ca00000| PB 0x000000074ca00000| Complete |  0
|  73|0x000000074cc00000, 0x000000074ce00000, 0x000000074ce00000|100%|HC|  |TAMS 0x000000074cc00000| PB 0x000000074cc00000| Complete |  0
|  74|0x000000074ce00000, 0x000000074d000000, 0x000000074d000000|100%|HC|  |TAMS 0x000000074ce00000| PB 0x000000074ce00000| Complete |  0
|  75|0x000000074d000000, 0x000000074d200000, 0x000000074d200000|100%|HC|  |TAMS 0x000000074d000000| PB 0x000000074d000000| Complete |  0
|  76|0x000000074d200000, 0x000000074d400000, 0x000000074d400000|100%|HC|  |TAMS 0x000000074d200000| PB 0x000000074d200000| Complete |  0
|  77|0x000000074d400000, 0x000000074d600000, 0x000000074d600000|100%|HC|  |TAMS 0x000000074d400000| PB 0x000000074d400000| Complete |  0
|  78|0x000000074d600000, 0x000000074d800000, 0x000000074d800000|100%|HS|  |TAMS 0x000000074d600000| PB 0x000000074d600000| Complete |  0
|  79|0x000000074d800000, 0x000000074da00000, 0x000000074da00000|100%|HC|  |TAMS 0x000000074d800000| PB 0x000000074d800000| Complete |  0
|  80|0x000000074da00000, 0x000000074dc00000, 0x000000074dc00000|100%|HC|  |TAMS 0x000000074da00000| PB 0x000000074da00000| Complete |  0
|  81|0x000000074dc00000, 0x000000074de00000, 0x000000074de00000|100%|HS|  |TAMS 0x000000074dc00000| PB 0x000000074dc00000| Complete |  0
|  82|0x000000074de00000, 0x000000074e000000, 0x000000074e000000|100%|HC|  |TAMS 0x000000074de00000| PB 0x000000074de00000| Complete |  0
|  83|0x000000074e000000, 0x000000074e200000, 0x000000074e200000|100%|HC|  |TAMS 0x000000074e000000| PB 0x000000074e000000| Complete |  0
|  84|0x000000074e200000, 0x000000074e400000, 0x000000074e400000|100%|HC|  |TAMS 0x000000074e200000| PB 0x000000074e200000| Complete |  0
|  85|0x000000074e400000, 0x000000074e600000, 0x000000074e600000|100%|HC|  |TAMS 0x000000074e400000| PB 0x000000074e400000| Complete |  0
|  86|0x000000074e600000, 0x000000074e800000, 0x000000074e800000|100%|HS|  |TAMS 0x000000074e600000| PB 0x000000074e600000| Complete |  0
|  87|0x000000074e800000, 0x000000074ea00000, 0x000000074ea00000|100%|HC|  |TAMS 0x000000074e800000| PB 0x000000074e800000| Complete |  0
|  88|0x000000074ea00000, 0x000000074ec00000, 0x000000074ec00000|100%|HC|  |TAMS 0x000000074ea00000| PB 0x000000074ea00000| Complete |  0
|  89|0x000000074ec00000, 0x000000074ee00000, 0x000000074ee00000|100%|HC|  |TAMS 0x000000074ec00000| PB 0x000000074ec00000| Complete |  0
|  90|0x000000074ee00000, 0x000000074f000000, 0x000000074f000000|100%|HC|  |TAMS 0x000000074ee00000| PB 0x000000074ee00000| Complete |  0
|  91|0x000000074f000000, 0x000000074f200000, 0x000000074f200000|100%|HC|  |TAMS 0x000000074f000000| PB 0x000000074f000000| Complete |  0
|  92|0x000000074f200000, 0x000000074f273370, 0x000000074f400000| 22%| S|CS|TAMS 0x000000074f200000| PB 0x000000074f200000| Complete |  0
|  94|0x000000074f600000, 0x000000074f600000, 0x000000074f800000|  0%| F|  |TAMS 0x000000074f600000| PB 0x000000074f600000| Untracked |  0
|  95|0x000000074f800000, 0x000000074fa00000, 0x000000074fa00000|100%|HS|  |TAMS 0x000000074f800000| PB 0x000000074f800000| Complete |  0
|  96|0x000000074fa00000, 0x000000074fc00000, 0x000000074fc00000|100%|HC|  |TAMS 0x000000074fa00000| PB 0x000000074fa00000| Complete |  0
|  97|0x000000074fc00000, 0x000000074fe00000, 0x000000074fe00000|100%|HC|  |TAMS 0x000000074fc00000| PB 0x000000074fc00000| Complete |  0
|  98|0x000000074fe00000, 0x0000000750000000, 0x0000000750000000|100%|HC|  |TAMS 0x000000074fe00000| PB 0x000000074fe00000| Complete |  0
|  99|0x0000000750000000, 0x0000000750200000, 0x0000000750200000|100%|HC|  |TAMS 0x0000000750000000| PB 0x0000000750000000| Complete |  0
| 100|0x0000000750200000, 0x0000000750400000, 0x0000000750400000|100%|HC|  |TAMS 0x0000000750200000| PB 0x0000000750200000| Complete |  0
| 101|0x0000000750400000, 0x0000000750400000, 0x0000000750600000|  0%| F|  |TAMS 0x0000000750400000| PB 0x0000000750400000| Untracked |  0
| 102|0x0000000750600000, 0x0000000750600000, 0x0000000750800000|  0%| F|  |TAMS 0x0000000750600000| PB 0x0000000750600000| Untracked |  0
| 103|0x0000000750800000, 0x0000000750800000, 0x0000000750a00000|  0%| F|  |TAMS 0x0000000750800000| PB 0x0000000750800000| Untracked |  0
| 104|0x0000000750a00000, 0x0000000750a00000, 0x0000000750c00000|  0%| F|  |TAMS 0x0000000750a00000| PB 0x0000000750a00000| Untracked |  0
| 105|0x0000000750c00000, 0x0000000750cefad8, 0x0000000750e00000| 46%| E|  |TAMS 0x0000000750c00000| PB 0x0000000750c00000| Complete |  0
| 106|0x0000000750e00000, 0x0000000751000000, 0x0000000751000000|100%| E|  |TAMS 0x0000000750e00000| PB 0x0000000750e00000| Complete |  0
| 107|0x0000000751000000, 0x0000000751200000, 0x0000000751200000|100%|HS|  |TAMS 0x0000000751000000| PB 0x0000000751000000| Complete |  0
| 108|0x0000000751200000, 0x0000000751400000, 0x0000000751400000|100%|HC|  |TAMS 0x0000000751200000| PB 0x0000000751200000| Complete |  0
| 109|0x0000000751400000, 0x0000000751600000, 0x0000000751600000|100%|HC|  |TAMS 0x0000000751400000| PB 0x0000000751400000| Complete |  0
| 110|0x0000000751600000, 0x0000000751800000, 0x0000000751800000|100%|HC|  |TAMS 0x0000000751600000| PB 0x0000000751600000| Complete |  0
| 111|0x0000000751800000, 0x0000000751a00000, 0x0000000751a00000|100%|HC|  |TAMS 0x0000000751800000| PB 0x0000000751800000| Complete |  0
| 112|0x0000000751a00000, 0x0000000751c00000, 0x0000000751c00000|100%|HC|  |TAMS 0x0000000751a00000| PB 0x0000000751a00000| Complete |  0
| 113|0x0000000751c00000, 0x0000000751e00000, 0x0000000751e00000|100%|HC|  |TAMS 0x0000000751c00000| PB 0x0000000751c00000| Complete |  0
| 114|0x0000000751e00000, 0x0000000752000000, 0x0000000752000000|100%|HC|  |TAMS 0x0000000751e00000| PB 0x0000000751e00000| Complete |  0
| 115|0x0000000752000000, 0x0000000752200000, 0x0000000752200000|100%|HC|  |TAMS 0x0000000752000000| PB 0x0000000752000000| Complete |  0
| 116|0x0000000752200000, 0x0000000752400000, 0x0000000752400000|100%|HS|  |TAMS 0x0000000752200000| PB 0x0000000752200000| Complete |  0
| 117|0x0000000752400000, 0x0000000752600000, 0x0000000752600000|100%|HC|  |TAMS 0x0000000752400000| PB 0x0000000752400000| Complete |  0
| 118|0x0000000752600000, 0x0000000752800000, 0x0000000752800000|100%|HC|  |TAMS 0x0000000752600000| PB 0x0000000752600000| Complete |  0
| 119|0x0000000752800000, 0x0000000752a00000, 0x0000000752a00000|100%|HC|  |TAMS 0x0000000752800000| PB 0x0000000752800000| Complete |  0
| 120|0x0000000752a00000, 0x0000000752c00000, 0x0000000752c00000|100%|HC|  |TAMS 0x0000000752a00000| PB 0x0000000752a00000| Complete |  0
| 121|0x0000000752c00000, 0x0000000752e00000, 0x0000000752e00000|100%|HC|  |TAMS 0x0000000752c00000| PB 0x0000000752c00000| Complete |  0

Card table byte_map: [0x0000029df9f60000,0x0000029dfa550000] _byte_map_base: 0x0000029df6543000

Marking Bits: (CMBitMap*) 0x0000029df94d0dc0
 Bits: [0x0000029dfa550000, 0x0000029dfd468000)

Polling page: 0x0000029df8c30000

Metaspace:

Usage:
  Non-class:     65.15 MB used.
      Class:     10.55 MB used.
       Both:     75.69 MB used.

Virtual space:
  Non-class space:      128.00 MB reserved,      65.56 MB ( 51%) committed,  2 nodes.
      Class space:        1.00 GB reserved,      10.88 MB (  1%) committed,  1 nodes.
             Both:        1.12 GB reserved,      76.44 MB (  7%) committed. 

Chunk freelists:
   Non-Class:  13.94 MB
       Class:  5.09 MB
        Both:  19.03 MB

MaxMetaspaceSize: unlimited
CompressedClassSpaceSize: 1.00 GB
Initial GC threshold: 21.00 MB
Current GC threshold: 126.69 MB
CDS: on
 - commit_granule_bytes: 65536.
 - commit_granule_words: 8192.
 - virtual_space_node_default_size: 8388608.
 - enlarge_chunks_in_place: 1.
 - use_allocation_guard: 0.


Internal statistics:

num_allocs_failed_limit: 12.
num_arena_births: 1038.
num_arena_deaths: 0.
num_vsnodes_births: 3.
num_vsnodes_deaths: 0.
num_space_committed: 1223.
num_space_uncommitted: 0.
num_chunks_returned_to_freelist: 12.
num_chunks_taken_from_freelist: 3814.
num_chunk_merges: 12.
num_chunk_splits: 2757.
num_chunks_enlarged: 2148.
num_inconsistent_stats: 0.

CodeHeap 'non-profiled nmethods': size=120064Kb used=3654Kb max_used=3654Kb free=116409Kb
 bounds [0x0000029d90130000, 0x0000029d904d0000, 0x0000029d97670000]
CodeHeap 'profiled nmethods': size=120000Kb used=10498Kb max_used=10851Kb free=109501Kb
 bounds [0x0000029d88670000, 0x0000029d89110000, 0x0000029d8fba0000]
CodeHeap 'non-nmethods': size=5696Kb used=1903Kb max_used=1952Kb free=3792Kb
 bounds [0x0000029d8fba0000, 0x0000029d8fe10000, 0x0000029d90130000]
CodeCache: size=245760Kb, used=16055Kb, max_used=16457Kb, free=229702Kb
 total_blobs=7714, nmethods=6950, adapters=668, full_count=0
Compilation: enabled, stopped_count=0, restarted_count=0

Compilation events (20 events):
Event: 21.248 Thread 0x0000029dfff09430 7920       4       org.springframework.web.context.request.async.StandardServletAsyncWebRequest$LifecycleHttpServletResponse::obtainLockOrRaiseException (57 bytes)
Event: 21.248 Thread 0x0000029de002fe00 7921   !   4       org.springframework.web.context.request.async.StandardServletAsyncWebRequest::tryObtainLock (69 bytes)
Event: 21.249 Thread 0x0000029de002fe00 nmethod 7921 0x0000029d904c0408 code [0x0000029d904c0500, 0x0000029d904c05a0]
Event: 21.249 Thread 0x0000029dfff0b110 7922       3       com.fasterxml.jackson.core.json.UTF8JsonGenerator::_verifyValueWrite (143 bytes)
Event: 21.249 Thread 0x0000029dfff09430 nmethod 7920 0x0000029d904c0708 code [0x0000029d904c0800, 0x0000029d904c08c8]
Event: 21.250 Thread 0x0000029dfff0b110 nmethod 7922 0x0000029d88711a08 code [0x0000029d88711be0, 0x0000029d887123b8]
Event: 21.250 Thread 0x0000029dfff0b110 7923       3       com.fasterxml.jackson.core.json.JsonWriteContext::writeValue (90 bytes)
Event: 21.250 Thread 0x0000029dfff0b110 nmethod 7923 0x0000029d88d5c208 code [0x0000029d88d5c360, 0x0000029d88d5c680]
Event: 21.250 Thread 0x0000029dfff0b110 7924       3       com.fasterxml.jackson.core.io.SerializedString::appendQuotedUTF8 (52 bytes)
Event: 21.250 Thread 0x0000029dfff0b110 nmethod 7924 0x0000029d88ec7388 code [0x0000029d88ec74e0, 0x0000029d88ec7840]
Event: 21.264 Thread 0x0000029dfff09430 7925       4       org.apache.catalina.connector.CoyoteOutputStream::checkNonBlockingWrite (48 bytes)
Event: 21.264 Thread 0x0000029de002fe00 7926       4       java.nio.ByteBuffer::rewind (5 bytes)
Event: 21.265 Thread 0x0000029de002fe00 nmethod 7926 0x0000029d904c0a08 code [0x0000029d904c0b00, 0x0000029d904c0ba8]
Event: 21.265 Thread 0x0000029dfff09430 nmethod 7925 0x0000029d904c0d08 code [0x0000029d904c0e20, 0x0000029d904c0f18]
Event: 21.265 Thread 0x0000029de002fe00 7927       4       org.springframework.security.web.util.OnCommittedResponseWrapper::checkContentLength (80 bytes)
Event: 21.266 Thread 0x0000029dfff09430 7928       4       org.apache.catalina.connector.OutputBuffer::appendByteArray (61 bytes)
Event: 21.267 Thread 0x0000029de002fe00 nmethod 7927 0x0000029d904c1008 code [0x0000029d904c1120, 0x0000029d904c12a0]
Event: 21.271 Thread 0x0000029de002fe00 7929       4       org.springframework.util.StreamUtils$NonClosingOutputStream::write (11 bytes)
Event: 21.273 Thread 0x0000029dfff09430 nmethod 7928 0x0000029d904c1308 code [0x0000029d904c1460, 0x0000029d904c1a50]
Event: 21.273 Thread 0x0000029dfff09430 7930   !   4       org.apache.catalina.connector.CoyoteOutputStream::write (37 bytes)

GC Heap History (20 events):
Event: 7.118 GC heap before
{Heap before GC invocations=10 (full 0):
 garbage-first heap   total reserved 3086336K, committed 59392K, used 47578K [0x0000000743a00000, 0x0000000800000000)
  region size 2048K, 14 young (28672K), 1 survivors (2048K)
 Metaspace       used 42583K, committed 43136K, reserved 1114112K
  class space    used 5763K, committed 6016K, reserved 1048576K
}
Event: 7.125 GC heap after
{Heap after GC invocations=11 (full 0):
 garbage-first heap   total reserved 3086336K, committed 59392K, used 22721K [0x0000000743a00000, 0x0000000800000000)
  region size 2048K, 2 young (4096K), 2 survivors (4096K)
 Metaspace       used 42583K, committed 43136K, reserved 1114112K
  class space    used 5763K, committed 6016K, reserved 1048576K
}
Event: 7.881 GC heap before
{Heap before GC invocations=11 (full 0):
 garbage-first heap   total reserved 3086336K, committed 59392K, used 47297K [0x0000000743a00000, 0x0000000800000000)
  region size 2048K, 15 young (30720K), 2 survivors (4096K)
 Metaspace       used 49922K, committed 50496K, reserved 1114112K
  class space    used 6708K, committed 6912K, reserved 1048576K
}
Event: 7.892 GC heap after
{Heap after GC invocations=12 (full 0):
 garbage-first heap   total reserved 3086336K, committed 59392K, used 25076K [0x0000000743a00000, 0x0000000800000000)
  region size 2048K, 2 young (4096K), 2 survivors (4096K)
 Metaspace       used 49922K, committed 50496K, reserved 1114112K
  class space    used 6708K, committed 6912K, reserved 1048576K
}
Event: 8.364 GC heap before
{Heap before GC invocations=12 (full 0):
 garbage-first heap   total reserved 3086336K, committed 59392K, used 49652K [0x0000000743a00000, 0x0000000800000000)
  region size 2048K, 14 young (28672K), 2 survivors (4096K)
 Metaspace       used 56824K, committed 57344K, reserved 1114112K
  class space    used 7760K, committed 8000K, reserved 1048576K
}
Event: 8.372 GC heap after
{Heap after GC invocations=13 (full 0):
 garbage-first heap   total reserved 3086336K, committed 59392K, used 26908K [0x0000000743a00000, 0x0000000800000000)
  region size 2048K, 1 young (2048K), 1 survivors (2048K)
 Metaspace       used 56824K, committed 57344K, reserved 1114112K
  class space    used 7760K, committed 8000K, reserved 1048576K
}
Event: 8.696 GC heap before
{Heap before GC invocations=13 (full 0):
 garbage-first heap   total reserved 3086336K, committed 59392K, used 41244K [0x0000000743a00000, 0x0000000800000000)
  region size 2048K, 9 young (18432K), 1 survivors (2048K)
 Metaspace       used 59588K, committed 60160K, reserved 1114112K
  class space    used 8177K, committed 8448K, reserved 1048576K
}
Event: 8.699 GC heap after
{Heap after GC invocations=14 (full 0):
 garbage-first heap   total reserved 3086336K, committed 59392K, used 27221K [0x0000000743a00000, 0x0000000800000000)
  region size 2048K, 1 young (2048K), 1 survivors (2048K)
 Metaspace       used 59588K, committed 60160K, reserved 1114112K
  class space    used 8177K, committed 8448K, reserved 1048576K
}
Event: 9.471 GC heap before
{Heap before GC invocations=15 (full 0):
 garbage-first heap   total reserved 3086336K, committed 59392K, used 51797K [0x0000000743a00000, 0x0000000800000000)
  region size 2048K, 13 young (26624K), 1 survivors (2048K)
 Metaspace       used 64424K, committed 65088K, reserved 1114112K
  class space    used 8882K, committed 9152K, reserved 1048576K
}
Event: 9.482 GC heap after
{Heap after GC invocations=16 (full 0):
 garbage-first heap   total reserved 3086336K, committed 59392K, used 29156K [0x0000000743a00000, 0x0000000800000000)
  region size 2048K, 2 young (4096K), 2 survivors (4096K)
 Metaspace       used 64424K, committed 65088K, reserved 1114112K
  class space    used 8882K, committed 9152K, reserved 1048576K
}
Event: 10.053 GC heap before
{Heap before GC invocations=16 (full 0):
 garbage-first heap   total reserved 3086336K, committed 59392K, used 49636K [0x0000000743a00000, 0x0000000800000000)
  region size 2048K, 12 young (24576K), 2 survivors (4096K)
 Metaspace       used 66867K, committed 67520K, reserved 1114112K
  class space    used 9246K, committed 9536K, reserved 1048576K
}
Event: 10.061 GC heap after
{Heap after GC invocations=17 (full 0):
 garbage-first heap   total reserved 3086336K, committed 71680K, used 30483K [0x0000000743a00000, 0x0000000800000000)
  region size 2048K, 2 young (4096K), 2 survivors (4096K)
 Metaspace       used 66867K, committed 67520K, reserved 1114112K
  class space    used 9246K, committed 9536K, reserved 1048576K
}
Event: 10.947 GC heap before
{Heap before GC invocations=17 (full 0):
 garbage-first heap   total reserved 3086336K, committed 71680K, used 59155K [0x0000000743a00000, 0x0000000800000000)
  region size 2048K, 17 young (34816K), 2 survivors (4096K)
 Metaspace       used 72142K, committed 72832K, reserved 1114112K
  class space    used 9999K, committed 10304K, reserved 1048576K
}
Event: 10.953 GC heap after
{Heap after GC invocations=18 (full 0):
 garbage-first heap   total reserved 3086336K, committed 71680K, used 33133K [0x0000000743a00000, 0x0000000800000000)
  region size 2048K, 3 young (6144K), 3 survivors (6144K)
 Metaspace       used 72142K, committed 72832K, reserved 1114112K
  class space    used 9999K, committed 10304K, reserved 1048576K
}
Event: 20.104 GC heap before
{Heap before GC invocations=18 (full 0):
 garbage-first heap   total reserved 3086336K, committed 71680K, used 57709K [0x0000000743a00000, 0x0000000800000000)
  region size 2048K, 15 young (30720K), 3 survivors (6144K)
 Metaspace       used 76256K, committed 77056K, reserved 1179648K
  class space    used 10612K, committed 10944K, reserved 1048576K
}
Event: 20.114 GC heap after
{Heap after GC invocations=19 (full 0):
 garbage-first heap   total reserved 3086336K, committed 71680K, used 35630K [0x0000000743a00000, 0x0000000800000000)
  region size 2048K, 2 young (4096K), 2 survivors (4096K)
 Metaspace       used 76256K, committed 77056K, reserved 1179648K
  class space    used 10612K, committed 10944K, reserved 1048576K
}
Event: 20.251 GC heap before
{Heap before GC invocations=19 (full 0):
 garbage-first heap   total reserved 3086336K, committed 71680K, used 41774K [0x0000000743a00000, 0x0000000800000000)
  region size 2048K, 7 young (14336K), 2 survivors (4096K)
 Metaspace       used 76888K, committed 77696K, reserved 1179648K
  class space    used 10720K, committed 11072K, reserved 1048576K
}
Event: 20.258 GC heap after
{Heap after GC invocations=20 (full 0):
 garbage-first heap   total reserved 3086336K, committed 71680K, used 37076K [0x0000000743a00000, 0x0000000800000000)
  region size 2048K, 1 young (2048K), 1 survivors (2048K)
 Metaspace       used 76888K, committed 77696K, reserved 1179648K
  class space    used 10720K, committed 11072K, reserved 1048576K
}
Event: 20.553 GC heap before
{Heap before GC invocations=21 (full 0):
 garbage-first heap   total reserved 3086336K, committed 215040K, used 211156K [0x0000000743a00000, 0x0000000800000000)
  region size 2048K, 3 young (6144K), 1 survivors (2048K)
 Metaspace       used 77355K, committed 78144K, reserved 1179648K
  class space    used 10790K, committed 11136K, reserved 1048576K
}
Event: 20.555 GC heap after
{Heap after GC invocations=22 (full 0):
 garbage-first heap   total reserved 3086336K, committed 217088K, used 58616K [0x0000000743a00000, 0x0000000800000000)
  region size 2048K, 1 young (2048K), 1 survivors (2048K)
 Metaspace       used 77355K, committed 78144K, reserved 1179648K
  class space    used 10790K, committed 11136K, reserved 1048576K
}

Dll operation events (14 events):
Event: 0.026 Loaded shared library C:\Users\23765\.jdks\openjdk-23.0.2\bin\java.dll
Event: 0.085 Loaded shared library C:\Users\23765\.jdks\openjdk-23.0.2\bin\jsvml.dll
Event: 0.305 Loaded shared library C:\Users\23765\.jdks\openjdk-23.0.2\bin\zip.dll
Event: 0.312 Loaded shared library C:\Users\23765\.jdks\openjdk-23.0.2\bin\instrument.dll
Event: 0.320 Loaded shared library C:\Users\23765\.jdks\openjdk-23.0.2\bin\net.dll
Event: 0.323 Loaded shared library C:\Users\23765\.jdks\openjdk-23.0.2\bin\nio.dll
Event: 0.328 Loaded shared library C:\Users\23765\.jdks\openjdk-23.0.2\bin\zip.dll
Event: 1.713 Loaded shared library C:\Program Files\JetBrains\IntelliJ IDEA Community Edition 2024.3\bin\breakgen64.dll
Event: 1.726 Loaded shared library C:\Users\23765\.jdks\openjdk-23.0.2\bin\extnet.dll
Event: 1.776 Loaded shared library C:\Users\23765\.jdks\openjdk-23.0.2\bin\jimage.dll
Event: 3.652 Loaded shared library C:\Users\23765\.jdks\openjdk-23.0.2\bin\sunmscapi.dll
Event: 5.675 Loaded shared library C:\Users\23765\.jdks\openjdk-23.0.2\bin\management.dll
Event: 5.678 Loaded shared library C:\Users\23765\.jdks\openjdk-23.0.2\bin\management_ext.dll
Event: 6.481 Loaded shared library C:\Users\23765\.jdks\openjdk-23.0.2\bin\verify.dll

Deoptimization events (20 events):
Event: 20.564 Thread 0x0000029ddfd110d0 Uncommon trap: trap_request=0xffffff45 fr.pc=0x0000029d90254bb0 relative=0x00000000000003d0
Event: 20.564 Thread 0x0000029ddfd110d0 Uncommon trap: reason=unstable_if action=reinterpret pc=0x0000029d90254bb0 method=java.util.HashMap.getNode(Ljava/lang/Object;)Ljava/util/HashMap$Node; @ 66 c2
Event: 20.564 Thread 0x0000029ddfd110d0 DEOPT PACKING pc=0x0000029d90254bb0 sp=0x000000e31f1fa990
Event: 20.564 Thread 0x0000029ddfd110d0 DEOPT UNPACKING pc=0x0000029d8fbf7982 sp=0x000000e31f1fa8c0 mode 2
Event: 20.609 Thread 0x0000029ddfd110d0 DEOPT PACKING pc=0x0000029d888cae72 sp=0x000000e31f1fb220
Event: 20.609 Thread 0x0000029ddfd110d0 DEOPT UNPACKING pc=0x0000029d8fbf84c2 sp=0x000000e31f1fa720 mode 0
Event: 20.824 Thread 0x0000029ddfd110d0 Uncommon trap: trap_request=0xffffff45 fr.pc=0x0000029d902e68cc relative=0x000000000000058c
Event: 20.824 Thread 0x0000029ddfd110d0 Uncommon trap: reason=unstable_if action=reinterpret pc=0x0000029d902e68cc method=com.fasterxml.jackson.core.json.UTF8JsonGenerator._writeBinary(Lcom/fasterxml/jackson/core/Base64Variant;[BII)V @ 26 c2
Event: 20.824 Thread 0x0000029ddfd110d0 DEOPT PACKING pc=0x0000029d902e68cc sp=0x000000e31f1fb250
Event: 20.824 Thread 0x0000029ddfd110d0 DEOPT UNPACKING pc=0x0000029d8fbf7982 sp=0x000000e31f1fb220 mode 2
Event: 20.848 Thread 0x0000029ddfd110d0 DEOPT PACKING pc=0x0000029d88732f06 sp=0x000000e31f1fb240
Event: 20.848 Thread 0x0000029ddfd110d0 DEOPT UNPACKING pc=0x0000029d8fbf84c2 sp=0x000000e31f1fa720 mode 0
Event: 21.136 Thread 0x0000029ddfd110d0 Uncommon trap: trap_request=0xffffff45 fr.pc=0x0000029d904bbf88 relative=0x0000000000002808
Event: 21.136 Thread 0x0000029ddfd110d0 Uncommon trap: reason=unstable_if action=reinterpret pc=0x0000029d904bbf88 method=sun.nio.ch.IOUtil.writeFromNativeBuffer(Ljava/io/FileDescriptor;Ljava/nio/ByteBuffer;JZZILsun/nio/ch/NativeDispatcher;)I @ 153 c2
Event: 21.136 Thread 0x0000029ddfd110d0 DEOPT PACKING pc=0x0000029d904bbf88 sp=0x000000e31f1fab90
Event: 21.137 Thread 0x0000029ddfd110d0 DEOPT UNPACKING pc=0x0000029d8fbf7982 sp=0x000000e31f1fa6a0 mode 2
Event: 21.151 Thread 0x0000029de2e476f0 Uncommon trap: trap_request=0xffffff45 fr.pc=0x0000029d904b70e0 relative=0x0000000000002260
Event: 21.151 Thread 0x0000029de2e476f0 Uncommon trap: reason=unstable_if action=reinterpret pc=0x0000029d904b70e0 method=sun.nio.ch.IOUtil.writeFromNativeBuffer(Ljava/io/FileDescriptor;Ljava/nio/ByteBuffer;JZZILsun/nio/ch/NativeDispatcher;)I @ 153 c2
Event: 21.151 Thread 0x0000029de2e476f0 DEOPT PACKING pc=0x0000029d904b70e0 sp=0x000000e31f7faa80
Event: 21.151 Thread 0x0000029de2e476f0 DEOPT UNPACKING pc=0x0000029d8fbf7982 sp=0x000000e31f7fa628 mode 2

Classes loaded (20 events):
Event: 20.073 Loading class java/util/function/IntBinaryOperator
Event: 20.073 Loading class java/util/function/IntBinaryOperator done
Event: 20.073 Loading class java/util/stream/ReduceOps$7
Event: 20.073 Loading class java/util/stream/ReduceOps$7 done
Event: 20.074 Loading class java/util/stream/ReduceOps$6ReducingSink
Event: 20.074 Loading class java/util/stream/ReduceOps$6ReducingSink done
Event: 20.074 Loading class java/util/stream/ReferencePipeline$4$1
Event: 20.074 Loading class java/util/stream/ReferencePipeline$4$1 done
Event: 20.103 Loading class java/time/format/DateTimeFormatterBuilder$ZoneTextPrinterParser
Event: 20.104 Loading class java/time/format/DateTimeFormatterBuilder$ZoneTextPrinterParser done
Event: 20.115 Loading class java/time/format/DateTimeFormatterBuilder$ReducedPrinterParser
Event: 20.116 Loading class java/time/format/DateTimeFormatterBuilder$ReducedPrinterParser done
Event: 20.334 Loading class java/util/stream/LongStream
Event: 20.335 Loading class java/util/stream/LongStream done
Event: 20.335 Loading class java/util/stream/DoubleStream
Event: 20.336 Loading class java/util/stream/DoubleStream done
Event: 20.365 Loading class org/w3c/dom/Node
Event: 20.365 Loading class org/w3c/dom/Node done
Event: 20.365 Loading class org/w3c/dom/Document
Event: 20.366 Loading class org/w3c/dom/Document done

Classes unloaded (0 events):
No events

Classes redefined (0 events):
No events

Internal exceptions (20 events):
Event: 10.539 Thread 0x0000029df947b280 Exception <a 'java/lang/NoSuchMethodError'{0x0000000746ef88b0}: 'void java.lang.invoke.Invokers$Holder.invokeExact_MT(java.lang.Object, java.lang.Object, int, java.lang.Object)'> (0x0000000746ef88b0) 
thrown [s\open\src\hotspot\share\interpreter\linkResolver.cpp, line 796]
Event: 10.868 Thread 0x0000029df947b280 Implicit null exception at 0x0000029d9044d064 to 0x0000029d9044e2fc
Event: 10.912 Thread 0x0000029df947b280 Exception <a 'java/lang/IncompatibleClassChangeError'{0x00000007462e48e8}: Found class java.lang.Object, but interface was expected> (0x00000007462e48e8) 
thrown [s\open\src\hotspot\share\interpreter\linkResolver.cpp, line 863]
Event: 11.072 Thread 0x0000029df947b280 Exception <a 'java/lang/NoSuchMethodError'{0x000000074c9d6f00}: 'java.lang.Object java.lang.invoke.DirectMethodHandle$Holder.invokeInterface(java.lang.Object, java.lang.Object, java.lang.Object, java.lang.Object)'> (0x000000074c9d6f00) 
thrown [s\open\src\hotspot\share\interpreter\linkResolver.cpp, line 796]
Event: 11.146 Thread 0x0000029df947b280 Exception <a 'java/lang/NoSuchMethodError'{0x000000074c79d208}: 'void java.lang.invoke.DirectMethodHandle$Holder.invokeVirtual(java.lang.Object, java.lang.Object, long)'> (0x000000074c79d208) 
thrown [s\open\src\hotspot\share\interpreter\linkResolver.cpp, line 796]
Event: 11.204 Thread 0x0000029df947b280 Exception <a 'java/lang/NoSuchMethodError'{0x000000074c5d9120}: 'int java.lang.invoke.DirectMethodHandle$Holder.invokeStaticInit(java.lang.Object, java.lang.Object, java.lang.Object, java.lang.Object)'> (0x000000074c5d9120) 
thrown [s\open\src\hotspot\share\interpreter\linkResolver.cpp, line 796]
Event: 11.211 Thread 0x0000029df947b280 Implicit null exception at 0x0000029d902c1523 to 0x0000029d902c1a80
Event: 11.333 Thread 0x0000029df947b280 Exception <a 'java/lang/IncompatibleClassChangeError'{0x000000074752fd20}: Found class java.lang.Object, but interface was expected> (0x000000074752fd20) 
thrown [s\open\src\hotspot\share\interpreter\linkResolver.cpp, line 863]
Event: 11.486 Thread 0x0000029df947b280 Exception <a 'java/lang/NoSuchMethodError'{0x000000074710c160}: 'void java.lang.invoke.DirectMethodHandle$Holder.invokeSpecial(java.lang.Object, java.lang.Object, int, java.lang.Object, java.lang.Object, java.lang.Object, java.lang.Object)'> (0x000000074710c160) 
thrown [s\open\src\hotspot\share\interpreter\linkResolver.cpp, line 796]
Event: 11.486 Thread 0x0000029df947b280 Exception <a 'java/lang/NoSuchMethodError'{0x0000000747113008}: 'java.lang.Object java.lang.invoke.DirectMethodHandle$Holder.newInvokeSpecial(java.lang.Object, java.lang.Object, int, java.lang.Object, java.lang.Object)'> (0x0000000747113008) 
thrown [s\open\src\hotspot\share\interpreter\linkResolver.cpp, line 796]
Event: 19.774 Thread 0x0000029de2e47d80 Exception <a 'java/lang/NoSuchMethodError'{0x0000000746c04348}: 'java.lang.Object java.lang.invoke.DirectMethodHandle$Holder.invokeStatic(java.lang.Object, java.lang.Object, java.lang.Object, int, int)'> (0x0000000746c04348) 
thrown [s\open\src\hotspot\share\interpreter\linkResolver.cpp, line 796]
Event: 19.774 Thread 0x0000029de2e47d80 Exception <a 'java/lang/NoSuchMethodError'{0x0000000746c07ab8}: 'java.lang.Object java.lang.invoke.DirectMethodHandle$Holder.invokeStaticInit(java.lang.Object, java.lang.Object, java.lang.Object, int, int)'> (0x0000000746c07ab8) 
thrown [s\open\src\hotspot\share\interpreter\linkResolver.cpp, line 796]
Event: 19.908 Thread 0x0000029de2e46340 Exception <a 'java/lang/NoSuchMethodError'{0x0000000746d40cd0}: 'java.lang.Object java.lang.invoke.DirectMethodHandle$Holder.invokeSpecial(java.lang.Object, java.lang.Object, java.lang.Object, java.lang.Object, java.lang.Object, long)'> (0x0000000746d40cd0) 
thrown [s\open\src\hotspot\share\interpreter\linkResolver.cpp, line 796]
Event: 19.908 Thread 0x0000029de2e46340 Exception <a 'java/lang/NoSuchMethodError'{0x0000000746d44470}: 'java.lang.Object java.lang.invoke.Invokers$Holder.linkToTargetMethod(java.lang.Object, java.lang.Object, java.lang.Object, long, java.lang.Object)'> (0x0000000746d44470) 
thrown [s\open\src\hotspot\share\interpreter\linkResolver.cpp, line 796]
Event: 20.027 Thread 0x0000029ddfd10a40 Exception <a 'java/lang/NoSuchMethodError'{0x0000000746b0e3d0}: 'java.lang.Object java.lang.invoke.DirectMethodHandle$Holder.invokeStatic(java.lang.Object, int, int)'> (0x0000000746b0e3d0) 
thrown [s\open\src\hotspot\share\interpreter\linkResolver.cpp, line 796]
Event: 20.121 Thread 0x0000029de2e46340 Implicit null exception at 0x0000029d902c1d5a to 0x0000029d902c1de0
Event: 20.140 Thread 0x0000029ddfd110d0 Exception <a 'java/lang/IncompatibleClassChangeError'{0x000000074f6e0e50}: Found class java.lang.Object, but interface was expected> (0x000000074f6e0e50) 
thrown [s\open\src\hotspot\share\interpreter\linkResolver.cpp, line 863]
Event: 20.170 Thread 0x0000029de2e46340 Exception <a 'java/lang/NoSuchMethodError'{0x000000074f780c08}: 'java.lang.Object java.lang.invoke.DirectMethodHandle$Holder.invokeInterface(java.lang.Object, java.lang.Object, java.lang.Object, java.lang.Object, java.lang.Object)'> (0x000000074f780c08) 
thrown [s\open\src\hotspot\share\interpreter\linkResolver.cpp, line 796]
Event: 20.170 Thread 0x0000029de2e44900 Exception <a 'java/lang/IncompatibleClassChangeError'{0x000000074f76daa8}: Found class java.lang.Object, but interface was expected> (0x000000074f76daa8) 
thrown [s\open\src\hotspot\share\interpreter\linkResolver.cpp, line 863]
Event: 20.204 Thread 0x0000029de2e44900 Exception <a 'java/lang/IncompatibleClassChangeError'{0x000000074c7fefe8}: Found class java.lang.Object, but interface was expected> (0x000000074c7fefe8) 
thrown [s\open\src\hotspot\share\interpreter\linkResolver.cpp, line 863]

VM Operations (20 events):
Event: 11.172 Executing VM operation: HandshakeAllThreads (Deoptimize)
Event: 11.172 Executing VM operation: HandshakeAllThreads (Deoptimize) done
Event: 19.969 Executing VM operation: HandshakeAllThreads (Deoptimize)
Event: 19.969 Executing VM operation: HandshakeAllThreads (Deoptimize) done
Event: 20.095 Executing VM operation: HandshakeAllThreads (Deoptimize)
Event: 20.095 Executing VM operation: HandshakeAllThreads (Deoptimize) done
Event: 20.104 Executing VM operation: G1CollectForAllocation (G1 Evacuation Pause)
Event: 20.114 Executing VM operation: G1CollectForAllocation (G1 Evacuation Pause) done
Event: 20.202 Executing VM operation: HandshakeAllThreads (Deoptimize)
Event: 20.202 Executing VM operation: HandshakeAllThreads (Deoptimize) done
Event: 20.251 Executing VM operation: G1TryInitiateConcMark (G1 Humongous Allocation)
Event: 20.258 Executing VM operation: G1TryInitiateConcMark (G1 Humongous Allocation) done
Event: 20.327 Executing VM operation: G1PauseRemark
Event: 20.333 Executing VM operation: G1PauseRemark done
Event: 20.342 Executing VM operation: HandshakeAllThreads (Deoptimize)
Event: 20.342 Executing VM operation: HandshakeAllThreads (Deoptimize) done
Event: 20.354 Executing VM operation: G1PauseCleanup
Event: 20.354 Executing VM operation: G1PauseCleanup done
Event: 20.553 Executing VM operation: G1CollectForAllocation (G1 Evacuation Pause)
Event: 20.555 Executing VM operation: G1CollectForAllocation (G1 Evacuation Pause) done

Memory protections (0 events):
No events

Nmethod flushes (20 events):
Event: 20.331 Thread 0x0000029dffeda0a0 flushing  nmethod 0x0000029d8893ab88
Event: 20.331 Thread 0x0000029dffeda0a0 flushing  nmethod 0x0000029d8893b008
Event: 20.331 Thread 0x0000029dffeda0a0 flushing  nmethod 0x0000029d8893b888
Event: 20.331 Thread 0x0000029dffeda0a0 flushing  nmethod 0x0000029d889d3908
Event: 20.331 Thread 0x0000029dffeda0a0 flushing  nmethod 0x0000029d889d6b08
Event: 20.331 Thread 0x0000029dffeda0a0 flushing  nmethod 0x0000029d88a02608
Event: 20.331 Thread 0x0000029dffeda0a0 flushing  nmethod 0x0000029d88a56b88
Event: 20.331 Thread 0x0000029dffeda0a0 flushing  nmethod 0x0000029d88c6db08
Event: 20.331 Thread 0x0000029dffeda0a0 flushing  nmethod 0x0000029d88c87788
Event: 20.331 Thread 0x0000029dffeda0a0 flushing  nmethod 0x0000029d88cecc08
Event: 20.331 Thread 0x0000029dffeda0a0 flushing  nmethod 0x0000029d88db1808
Event: 20.331 Thread 0x0000029dffeda0a0 flushing  nmethod 0x0000029d88ed0688
Event: 20.331 Thread 0x0000029dffeda0a0 flushing  nmethod 0x0000029d88ed1f08
Event: 20.331 Thread 0x0000029dffeda0a0 flushing  nmethod 0x0000029d88ed2508
Event: 20.331 Thread 0x0000029dffeda0a0 flushing  nmethod 0x0000029d88c45e88
Event: 20.331 Thread 0x0000029dffeda0a0 flushing  nmethod 0x0000029d88cf2008
Event: 20.331 Thread 0x0000029dffeda0a0 flushing  nmethod 0x0000029d88d70508
Event: 20.331 Thread 0x0000029dffeda0a0 flushing  nmethod 0x0000029d88e3ae08
Event: 20.331 Thread 0x0000029dffeda0a0 flushing  nmethod 0x0000029d88eb6488
Event: 20.331 Thread 0x0000029dffeda0a0 flushing  nmethod 0x0000029d88ee6e08

Events (20 events):
Event: 11.505 Thread 0x0000029df947b280 Thread added: 0x0000029ddfd110d0
Event: 11.506 Thread 0x0000029df947b280 Thread added: 0x0000029dded5fa40
Event: 11.506 Thread 0x0000029df947b280 Thread added: 0x0000029de2e44900
Event: 11.506 Thread 0x0000029df947b280 Thread added: 0x0000029de2e46340
Event: 11.507 Thread 0x0000029df947b280 Thread added: 0x0000029de2e45cb0
Event: 11.507 Thread 0x0000029df947b280 Thread added: 0x0000029de2e44f90
Event: 11.508 Thread 0x0000029df947b280 Thread added: 0x0000029de2e476f0
Event: 11.508 Thread 0x0000029df947b280 Thread added: 0x0000029de2e45620
Event: 11.509 Thread 0x0000029df947b280 Thread added: 0x0000029de2e47060
Event: 11.532 Thread 0x0000029df947b280 Thread added: 0x0000029de2e469d0
Event: 11.535 Thread 0x0000029df947b280 Thread added: 0x0000029de2e47d80
Event: 11.566 Thread 0x0000029df947b280 Thread exited: 0x0000029df947b280
Event: 11.566 Thread 0x0000029ddf7dc0d0 Thread added: 0x0000029ddf7dc0d0
Event: 12.929 Thread 0x0000029ddfd0f000 Thread exited: 0x0000029ddfd0f000
Event: 13.561 Thread 0x0000029ddf82f0b0 Thread exited: 0x0000029ddf82f0b0
Event: 18.573 Thread 0x0000029ddf82e9e0 Thread exited: 0x0000029ddf82e9e0
Event: 19.937 Thread 0x0000029dfff0b110 Thread added: 0x0000029de00304d0
Event: 20.144 Thread 0x0000029de2e46340 Thread added: 0x0000029ddf7dba40
Event: 20.378 Thread 0x0000029de00304d0 Thread exited: 0x0000029de00304d0
Event: 20.530 Thread 0x0000029dfff09430 Thread added: 0x0000029de002fe00


Dynamic libraries:
0x00007ff607950000 - 0x00007ff60795e000 	C:\Users\23765\.jdks\openjdk-23.0.2\bin\java.exe
0x00007ffb05770000 - 0x00007ffb05987000 	C:\WINDOWS\SYSTEM32\ntdll.dll
0x00007ffb03b60000 - 0x00007ffb03c24000 	C:\WINDOWS\System32\KERNEL32.DLL
0x00007ffb02dc0000 - 0x00007ffb03192000 	C:\WINDOWS\System32\KERNELBASE.dll
0x00007ffb02a80000 - 0x00007ffb02b91000 	C:\WINDOWS\System32\ucrtbase.dll
0x00007ffaee470000 - 0x00007ffaee48b000 	C:\Users\23765\.jdks\openjdk-23.0.2\bin\VCRUNTIME140.dll
0x00007ffaef9c0000 - 0x00007ffaef9d7000 	C:\Users\23765\.jdks\openjdk-23.0.2\bin\jli.dll
0x00007ffb05420000 - 0x00007ffb055d1000 	C:\WINDOWS\System32\USER32.dll
0x00007ffaefd80000 - 0x00007ffaf001b000 	C:\WINDOWS\WinSxS\amd64_microsoft.windows.common-controls_6595b64144ccf1df_6.0.22621.5415_none_270d77d17387d7da\COMCTL32.dll
0x00007ffb02860000 - 0x00007ffb02886000 	C:\WINDOWS\System32\win32u.dll
0x00007ffb03710000 - 0x00007ffb037b7000 	C:\WINDOWS\System32\msvcrt.dll
0x00007ffb03400000 - 0x00007ffb03429000 	C:\WINDOWS\System32\GDI32.dll
0x00007ffb02c90000 - 0x00007ffb02db3000 	C:\WINDOWS\System32\gdi32full.dll
0x00007ffb031a0000 - 0x00007ffb0323a000 	C:\WINDOWS\System32\msvcp_win.dll
0x00007ffb056f0000 - 0x00007ffb05721000 	C:\WINDOWS\System32\IMM32.DLL
0x00007ffafd7d0000 - 0x00007ffafd7dc000 	C:\Users\23765\.jdks\openjdk-23.0.2\bin\vcruntime140_1.dll
0x00007ffad7c60000 - 0x00007ffad7cee000 	C:\Users\23765\.jdks\openjdk-23.0.2\bin\msvcp140.dll
0x00007ffa492b0000 - 0x00007ffa4a000000 	C:\Users\23765\.jdks\openjdk-23.0.2\bin\server\jvm.dll
0x00007ffb038d0000 - 0x00007ffb03981000 	C:\WINDOWS\System32\ADVAPI32.dll
0x00007ffb04020000 - 0x00007ffb040c8000 	C:\WINDOWS\System32\sechost.dll
0x00007ffb02c60000 - 0x00007ffb02c88000 	C:\WINDOWS\System32\bcrypt.dll
0x00007ffb047b0000 - 0x00007ffb048c4000 	C:\WINDOWS\System32\RPCRT4.dll
0x00007ffb04a40000 - 0x00007ffb04ab1000 	C:\WINDOWS\System32\WS2_32.dll
0x00007ffb02730000 - 0x00007ffb0277d000 	C:\WINDOWS\SYSTEM32\POWRPROF.dll
0x00007ffaf48d0000 - 0x00007ffaf4904000 	C:\WINDOWS\SYSTEM32\WINMM.dll
0x00007ffaf46f0000 - 0x00007ffaf46fa000 	C:\WINDOWS\SYSTEM32\VERSION.dll
0x00007ffb02710000 - 0x00007ffb02723000 	C:\WINDOWS\SYSTEM32\UMPDC.dll
0x00007ffb01890000 - 0x00007ffb018a8000 	C:\WINDOWS\SYSTEM32\kernel.appcore.dll
0x00007ffaee460000 - 0x00007ffaee46a000 	C:\Users\23765\.jdks\openjdk-23.0.2\bin\jimage.dll
0x00007ffb001d0000 - 0x00007ffb00403000 	C:\WINDOWS\SYSTEM32\DBGHELP.DLL
0x00007ffb03c30000 - 0x00007ffb03fc3000 	C:\WINDOWS\System32\combase.dll
0x00007ffb04170000 - 0x00007ffb04247000 	C:\WINDOWS\System32\OLEAUT32.dll
0x00007ffae7e50000 - 0x00007ffae7e82000 	C:\WINDOWS\SYSTEM32\dbgcore.DLL
0x00007ffb02a00000 - 0x00007ffb02a7b000 	C:\WINDOWS\System32\bcryptPrimitives.dll
0x00007ffae2240000 - 0x00007ffae224f000 	C:\Users\23765\.jdks\openjdk-23.0.2\bin\instrument.dll
0x00007ffae21b0000 - 0x00007ffae21ce000 	C:\Users\23765\.jdks\openjdk-23.0.2\bin\java.dll
0x00007ffb03550000 - 0x00007ffb036f0000 	C:\WINDOWS\System32\ole32.dll
0x00007ffb04b70000 - 0x00007ffb05412000 	C:\WINDOWS\System32\SHELL32.dll
0x00007ffb032c0000 - 0x00007ffb033ff000 	C:\WINDOWS\System32\wintypes.dll
0x00007ffb00790000 - 0x00007ffb010ae000 	C:\WINDOWS\SYSTEM32\windows.storage.dll
0x00007ffb03440000 - 0x00007ffb0354b000 	C:\WINDOWS\System32\SHCORE.dll
0x00007ffb04740000 - 0x00007ffb047a9000 	C:\WINDOWS\System32\shlwapi.dll
0x00007ffb02790000 - 0x00007ffb027bb000 	C:\WINDOWS\SYSTEM32\profapi.dll
0x00007ffacbc30000 - 0x00007ffacbd07000 	C:\Users\23765\.jdks\openjdk-23.0.2\bin\jsvml.dll
0x00007ffae12c0000 - 0x00007ffae12d7000 	C:\Users\23765\.jdks\openjdk-23.0.2\bin\zip.dll
0x00007ffaee450000 - 0x00007ffaee460000 	C:\Users\23765\.jdks\openjdk-23.0.2\bin\net.dll
0x00007ffb01d10000 - 0x00007ffb01d79000 	C:\WINDOWS\system32\mswsock.dll
0x00007ffae1b90000 - 0x00007ffae1ba6000 	C:\Users\23765\.jdks\openjdk-23.0.2\bin\nio.dll
0x00007ffadc230000 - 0x00007ffadc24a000 	C:\Program Files\JetBrains\IntelliJ IDEA Community Edition 2024.3\bin\breakgen64.dll
0x00007ffae21a0000 - 0x00007ffae21a9000 	C:\Users\23765\.jdks\openjdk-23.0.2\bin\extnet.dll
0x00007ffae1ca0000 - 0x00007ffae1cae000 	C:\Users\23765\.jdks\openjdk-23.0.2\bin\sunmscapi.dll
0x00007ffb02890000 - 0x00007ffb029f7000 	C:\WINDOWS\System32\CRYPT32.dll
0x00007ffb02100000 - 0x00007ffb0212d000 	C:\WINDOWS\SYSTEM32\ncrypt.dll
0x00007ffb020c0000 - 0x00007ffb020f7000 	C:\WINDOWS\SYSTEM32\NTASN1.dll
0x00007ffb01f60000 - 0x00007ffb01f7b000 	C:\WINDOWS\SYSTEM32\CRYPTSP.dll
0x00007ffb017f0000 - 0x00007ffb01827000 	C:\WINDOWS\system32\rsaenh.dll
0x00007ffb01e00000 - 0x00007ffb01e28000 	C:\WINDOWS\SYSTEM32\USERENV.dll
0x00007ffb01f80000 - 0x00007ffb01f8c000 	C:\WINDOWS\SYSTEM32\CRYPTBASE.dll
0x00007ffb01350000 - 0x00007ffb0137d000 	C:\WINDOWS\SYSTEM32\IPHLPAPI.DLL
0x00007ffb04150000 - 0x00007ffb04159000 	C:\WINDOWS\System32\NSI.dll
0x00007ffadc220000 - 0x00007ffadc22a000 	C:\Users\23765\.jdks\openjdk-23.0.2\bin\management.dll
0x00007ffadc160000 - 0x00007ffadc16b000 	C:\Users\23765\.jdks\openjdk-23.0.2\bin\management_ext.dll
0x00007ffb04160000 - 0x00007ffb04168000 	C:\WINDOWS\System32\PSAPI.DLL
0x00007ffae1d40000 - 0x00007ffae1d50000 	C:\Users\23765\.jdks\openjdk-23.0.2\bin\verify.dll
0x00007ffb01380000 - 0x00007ffb01478000 	C:\WINDOWS\SYSTEM32\DNSAPI.dll
0x00007ffaf4830000 - 0x00007ffaf483a000 	C:\Windows\System32\rasadhlp.dll
0x00007ffaf56e0000 - 0x00007ffaf5764000 	C:\WINDOWS\System32\fwpuclnt.dll
0x00007ffad9580000 - 0x00007ffad9588000 	C:\WINDOWS\system32\wshunix.dll

dbghelp: loaded successfully - version: 4.0.5 - missing functions: none
symbol engine: initialized successfully - sym options: 0x614 - pdb path: .;C:\Users\23765\.jdks\openjdk-23.0.2\bin;C:\WINDOWS\SYSTEM32;C:\WINDOWS\WinSxS\amd64_microsoft.windows.common-controls_6595b64144ccf1df_6.0.22621.5415_none_270d77d17387d7da;C:\Users\23765\.jdks\openjdk-23.0.2\bin\server;C:\Program Files\JetBrains\IntelliJ IDEA Community Edition 2024.3\bin

VM Arguments:
jvm_args: -Dsocket.server.port=33833 -javaagent:C:\Program Files\JetBrains\IntelliJ IDEA Community Edition 2024.3\lib\idea_rt.jar=59154:C:\Program Files\JetBrains\IntelliJ IDEA Community Edition 2024.3\bin -Dfile.encoding=UTF-8 -Dsun.stdout.encoding=UTF-8 -Dsun.stderr.encoding=UTF-8 
java_command: com.EasayHelp.EasayHelp.EasayHelpApplication
java_class_path (initial): D:\Institut saint Jean cours\Licence3\Soutenance\Projet\Backend\EasayHelp\target\classes;C:\Users\23765\.m2\repository\org\springframework\boot\spring-boot-starter-data-jpa\3.4.5\spring-boot-starter-data-jpa-3.4.5.jar;C:\Users\23765\.m2\repository\org\springframework\boot\spring-boot-starter\3.4.5\spring-boot-starter-3.4.5.jar;C:\Users\23765\.m2\repository\org\springframework\boot\spring-boot\3.4.5\spring-boot-3.4.5.jar;C:\Users\23765\.m2\repository\org\springframework\boot\spring-boot-autoconfigure\3.4.5\spring-boot-autoconfigure-3.4.5.jar;C:\Users\23765\.m2\repository\org\springframework\boot\spring-boot-starter-logging\3.4.5\spring-boot-starter-logging-3.4.5.jar;C:\Users\23765\.m2\repository\ch\qos\logback\logback-classic\1.5.18\logback-classic-1.5.18.jar;C:\Users\23765\.m2\repository\ch\qos\logback\logback-core\1.5.18\logback-core-1.5.18.jar;C:\Users\23765\.m2\repository\org\apache\logging\log4j\log4j-to-slf4j\2.24.3\log4j-to-slf4j-2.24.3.jar;C:\Users\23765\.m2\repository\org\apache\logging\log4j\log4j-api\2.24.3\log4j-api-2.24.3.jar;C:\Users\23765\.m2\repository\org\slf4j\jul-to-slf4j\2.0.17\jul-to-slf4j-2.0.17.jar;C:\Users\23765\.m2\repository\jakarta\annotation\jakarta.annotation-api\2.1.1\jakarta.annotation-api-2.1.1.jar;C:\Users\23765\.m2\repository\org\yaml\snakeyaml\2.3\snakeyaml-2.3.jar;C:\Users\23765\.m2\repository\org\springframework\boot\spring-boot-starter-jdbc\3.4.5\spring-boot-starter-jdbc-3.4.5.jar;C:\Users\23765\.m2\repository\com\zaxxer\HikariCP\5.1.0\HikariCP-5.1.0.jar;C:\Users\23765\.m2\repository\org\springframework\spring-jdbc\6.2.6\spring-jdbc-6.2.6.jar;C:\Users\23765\.m2\repository\org\hibernate\orm\hibernate-core\6.6.13.Final\hibernate-core-6.6.13.Final.jar;C:\Users\23765\.m2\repository\jakarta\persistence\jakarta.persistence-api\3.1.0\jakarta.persistence-api-3.1.0.jar;C:\Users\23765\.m2\repository\jakarta\transaction\jakarta.transaction-api\2.0.1\jakarta.transaction-api-2.0.1.jar;C:\Users\23765\.m2\repository\org\jboss\logging\jboss-logging\3.6.1.Final\jboss-logging-3.6.1.Final.jar;C:\Users\23765\.m2\repository\org\hibernate\common\hibernate-commons-annotations\7.0.3.Final\hibernate-commons-annotations-7.0.3.Final.jar;C:\Users\23765\.m2\repository\io\smallrye\jandex\3.2.0\jandex-3.2.0.jar;C:\Users\23765\.m2\repository\com\fasterxml\classmate\1.7.0\classmate-1.7.0.jar;C:\Users\23765\.m2\repository\org\glassfish\jaxb\jaxb-runtime\4.0.5\jaxb-runtime-4.0.5.jar;C:\Users\23765\.m2\repository\org\glassfish\jaxb\jaxb-core\4.0.5\jaxb-core-4.0.5.jar;C:\Users\23765\.m2\repository\org\glassfish\jaxb\txw2\4.0.5\txw2-4.0.5.jar;C:\Users\23765\.m2\repository\com\sun\istack\istack-commons-runtime\4.1.2\istack-commons-runtime-4.1.2.jar;C:\Users\23765\.m2\repository\jakarta\inject\jakarta.inject-api\2.0.1\jakarta.inject-api-2.0.1.jar;C:\Users\23765\.m2\repository\org\antlr\antlr4-runtime\4.13.0\antlr4-runtime-4.13.0.jar;C:\Users\23765\.m2\repository\org\springframework\data\spring-data-jpa\3.4.5\spring-data-jpa-3.4.5.jar;C:\Users\23765\.m2\repository\org\springframework\data\spring-data-commons\3.4.5\spring-data-commons-3.4.5.jar;C:\Users\23765\.m2\repository\org\springframework\spring-orm\6.2.6\spring-orm-6.2.6.jar;C:\Users\23765\.m2\repository\org\springframework\spring-tx\6.2.6\spring-tx-6.2.6.jar;C:\Users\23765\.m2\repository\org\slf4j\slf4j-api\2.0.17\slf4j-api-2.0.17.jar;C:\Users\23765\.m2\repository\org\springframework\spring-aspects\6.2.6\spring-aspects-6.2.6.jar;C:\Users\23765\.m2\repository\org\aspectj\aspectjweaver\1.9.24\aspectjweaver-1.9.24.jar;C:\Users\23765\.m2\repository\net\bytebuddy\byte-buddy\1.14.19\byte-buddy-1.14.19.jar;C:\Users\23765\.m2\repository\org\springframework\boot\spring-boot-starter-thymeleaf\3.4.5\spring-boot-starter-thymeleaf-3.4.5.jar;C:\Users\23765\.m2\repository\org\thymeleaf\thymeleaf-spring6\3.1.3.RELEASE\thymeleaf-spring6-3.1.3.RELEASE.jar;C:\Users\23765\.m2\repository\org\thymeleaf\thymeleaf\3.1.3.RELEASE\thymeleaf-3.1.3.RELEASE.jar;C:\Users\23765\.m2\repository\org\attoparser\attoparser\2.0.7.RELEASE\attoparser-2.0.7.RELEASE.jar;C:\Users\23765\.m2\repository\org\unbescape\unbescape\1.1.6.RELEASE\unbescape-1.1.6.RELEASE.jar;C:\Users\23765\.m2\repository\org\springframework\boot\spring-boot-starter-web\3.4.5\spring-boot-starter-web-3.4.5.jar;C:\Users\23765\.m2\repository\org\springframework\boot\spring-boot-starter-json\3.4.5\spring-boot-starter-json-3.4.5.jar;C:\Users\23765\.m2\repository\com\fasterxml\jackson\datatype\jackson-datatype-jdk8\2.18.3\jackson-datatype-jdk8-2.18.3.jar;C:\Users\23765\.m2\repository\com\fasterxml\jackson\datatype\jackson-datatype-jsr310\2.18.3\jackson-datatype-jsr310-2.18.3.jar;C:\Users\23765\.m2\repository\com\fasterxml\jackson\module\jackson-module-parameter-names\2.18.3\jackson-module-parameter-names-2.18.3.jar;C:\Users\23765\.m2\repository\org\springframework\boot\spring-boot-starter-tomcat\3.4.5\spring-boot-starter-tomcat-3.4.5.jar;C:\Users\23765\.m2\repository\org\apache\tomcat\embed\tomcat-embed-core\10.1.40\tomcat-embed-core-10.1.40.jar;C:\Users\23765\.m2\repository\org\apache\tomcat\embed\tomcat-embed-websocket\10.1.40\tomcat-embed-websocket-10.1.40.jar;C:\Users\23765\.m2\repository\org\springframework\spring-web\6.2.6\spring-web-6.2.6.jar;C:\Users\23765\.m2\repository\io\micrometer\micrometer-observation\1.14.6\micrometer-observation-1.14.6.jar;C:\Users\23765\.m2\repository\io\micrometer\micrometer-commons\1.14.6\micrometer-commons-1.14.6.jar;C:\Users\23765\.m2\repository\org\springframework\spring-webmvc\6.2.6\spring-webmvc-6.2.6.jar;C:\Users\23765\.m2\repository\com\fasterxml\jackson\core\jackson-databind\2.18.3\jackson-databind-2.18.3.jar;C:\Users\23765\.m2\repository\com\fasterxml\jackson\core\jackson-annotations\2.18.3\jackson-annotations-2.18.3.jar;C:\Users\23765\.m2\repository\com\fasterxml\jackson\core\jackson-core\2.18.3\jackson-core-2.18.3.jar;C:\Users\23765\.m2\repository\com\mysql\mysql-connector-j\9.1.0\mysql-connector-j-9.1.0.jar;C:\Users\23765\.m2\repository\org\projectlombok\lombok\1.18.38\lombok-1.18.38.jar;C:\Users\23765\.m2\repository\jakarta\xml\bind\jakarta.xml.bind-api\4.0.2\jakarta.xml.bind-api-4.0.2.jar;C:\Users\23765\.m2\repository\jakarta\activation\jakarta.activation-api\2.1.3\jakarta.activation-api-2.1.3.jar;C:\Users\23765\.m2\repository\org\springframework\spring-core\6.2.6\spring-core-6.2.6.jar;C:\Users\23765\.m2\repository\org\springframework\spring-jcl\6.2.6\spring-jcl-6.2.6.jar;C:\Users\23765\.m2\repository\org\springframework\security\spring-security-config\6.3.4\spring-security-config-6.3.4.jar;C:\Users\23765\.m2\repository\org\springframework\security\spring-security-core\6.4.5\spring-security-core-6.4.5.jar;C:\Users\23765\.m2\repository\org\springframework\security\spring-security-crypto\6.4.5\spring-security-crypto-6.4.5.jar;C:\Users\23765\.m2\repository\org\springframework\spring-aop\6.2.6\spring-aop-6.2.6.jar;C:\Users\23765\.m2\repository\org\springframework\spring-beans\6.2.6\spring-beans-6.2.6.jar;C:\Users\23765\.m2\repository\org\springframework\spring-context\6.2.6\spring-context-6.2.6.jar;C:\Users\23765\.m2\repository\org\springframework\security\spring-security-web\6.3.4\spring-security-web-6.3.4.jar;C:\Users\23765\.m2\repository\org\springframework\spring-expression\6.2.6\spring-expression-6.2.6.jar;C:\Users\23765\.m2\repository\io\jsonwebtoken\jjwt-api\0.11.5\jjwt-api-0.11.5.jar;C:\Users\23765\.m2\repository\org\springframework\boot\spring-boot-starter-websocket\3.4.5\spring-boot-starter-websocket-3.4.5.jar;C:\Users\23765\.m2\repository\org\springframework\spring-messaging\6.2.6\spring-messaging-6.2.6.jar;C:\Users\23765\.m2\repository\org\springframework\spring-websocket\6.2.6\spring-websocket-6.2.6.jar;C:\Users\23765\.m2\repository\io\jsonwebtoken\jjwt-impl\0.11.5\jjwt-impl-0.11.5.jar;C:\Users\23765\.m2\repository\io\jsonwebtoken\jjwt-jackson\0.11.5\jjwt-jackson-0.11.5.jar;C:\Users\23765\.m2\repository\org\springframework\boot\spring-boot-starter-mail\3.4.5\spring-boot-starter-mail-3.4.5.jar;C:\Users\23765\.m2\repository\org\springframework\spring-context-support\6.2.6\spring-context-support-6.2.6.jar;C:\Users\23765\.m2\repository\org\eclipse\angus\jakarta.mail\2.0.3\jakarta.mail-2.0.3.jar;C:\Users\23765\.m2\repository\org\eclipse\angus\angus-activation\2.0.2\angus-activation-2.0.2.jar;C:\Users\23765\.m2\repository\org\springframework\boot\spring-boot-starter-validation\3.4.5\spring-boot-starter-validation-3.4.5.jar;C:\Users\23765\.m2\repository\org\apache\tomcat\embed\tomcat-embed-el\10.1.40\tomcat-embed-el-10.1.40.jar;C:\Users\23765\.m2\repository\org\hibernate\validator\hibernate-validator\8.0.2.Final\hibernate-validator-8.0.2.Final.jar;C:\Users\23765\.m2\repository\jakarta\validation\jakarta.validation-api\3.0.2\jakarta.validation-api-3.0.2.jar;C:\Users\23765\.m2\repository\javax\validation\validation-api\2.0.1.Final\validation-api-2.0.1.Final.jar;C:\Users\23765\.restfulApiTool\lib\spring-socket-plugin-starter-1.0.0.jar
Launcher Type: SUN_STANDARD

[Global flags]
     intx CICompilerCount                          = 4                                         {product} {ergonomic}
     uint ConcGCThreads                            = 2                                         {product} {ergonomic}
     uint G1ConcRefinementThreads                  = 8                                         {product} {ergonomic}
   size_t G1HeapRegionSize                         = 2097152                                   {product} {ergonomic}
   size_t InitialHeapSize                          = 199229440                                 {product} {ergonomic}
   size_t MarkStackSize                            = 4194304                                   {product} {ergonomic}
   size_t MarkStackSizeMax                         = 536870912                                 {product} {ergonomic}
   size_t MaxHeapSize                              = 3160408064                                {product} {ergonomic}
   size_t MaxNewSize                               = 1895825408                                {product} {ergonomic}
   size_t MinHeapDeltaBytes                        = 2097152                                   {product} {ergonomic}
   size_t MinHeapSize                              = 8388608                                   {product} {ergonomic}
    uintx NonNMethodCodeHeapSize                   = 5832704                                {pd product} {ergonomic}
    uintx NonProfiledCodeHeapSize                  = 122945536                              {pd product} {ergonomic}
    uintx ProfiledCodeHeapSize                     = 122880000                              {pd product} {ergonomic}
    uintx ReservedCodeCacheSize                    = 251658240                              {pd product} {ergonomic}
     bool SegmentedCodeCache                       = true                                      {product} {ergonomic}
   size_t SoftMaxHeapSize                          = 3160408064                             {manageable} {ergonomic}
     bool UseCompressedOops                        = true                           {product lp64_product} {ergonomic}
     bool UseG1GC                                  = true                                      {product} {ergonomic}
     bool UseLargePagesIndividualAllocation        = false                                  {pd product} {ergonomic}

Logging:
Log output configuration:
 #0: stdout all=warning uptime,level,tags foldmultilines=false
 #1: stderr all=off uptime,level,tags foldmultilines=false

Environment Variables:
JAVA_HOME=C:\Program Files\Java\jdk-22
PATH=C:\ProgramData\Oracle\Java\javapath;C:\Program Files\Common Files\Oracle\Java\javapath;C:\Program Files (x86)\Common Files\Oracle\Java\java8path;C:\Program Files (x86)\Common Files\Oracle\Java\javapath;C:\Program Files (x86)\Mail Enable\BIN;C:\WINDOWS\system32;C:\WINDOWS;C:\WINDOWS\System32\Wbem;C:\WINDOWS\System32\WindowsPowerShell\v1.0\;C:\WINDOWS\System32\OpenSSH\;C:\Program Files\Java\jdk1.8.0_202\bin;C:\Program Files\dotnet\;C:\Program Files (x86)\Mail Enable\BIN64;c:\users\23765\appdata\local\programs\python\python311\scripts\;C:\Windows\System32;C:\Program Files\Php;C:\ProgramData\Microsoft\Windows\Start Menu\Programs\Node.js;C:\wamp64\bin\php\php5.6.40;C:\Program Files (x86)\Windows Kits\10\Windows Performance Toolkit\;C:\Program Files (x86)\Microsoft SQL Server\160\DTS\Binn\;C:\Program Files (x86)\Microsoft SQL Server\160\Tools\Binn\;C:\Program Files\Microsoft SQL Server\160\Tools\Binn\;C:\Program Files\Microsoft SQL Server\Client SDK\ODBC\170\Tools\Binn\;C:\Program Files\Microsoft SQL Server\160\DTS\Binn\;C:\Program Files\Microsoft SQL Server\150\Tools\Binn\;C:\Program Files\Git\cmd;C:\Program Files\Git\mingw64\bin;C:\Program Files\Git\usr\bin;C:\Program Files\nodejs\;C:\Spark\spark-3.5.3-bin-hadoop3\bin;C:\Hadoop;C:\Program Files\Java\jdk1.8.0_202;C:\Users\23765\AppData\Local\Programs\Python\Python311\Scripts\;C:\Users\23765\AppData\Local\Programs\Python\Python311\;C:\Users\23765\AppData\Local\Microsoft\WindowsApps;C:\Users\23765\AppData\Local\Programs\Microsoft VS Code\bin;C:\wamp64\bin\mysql\mysql8.0.27\bin;C:\Users\23765\AppData\Roaming\Microsoft\Windows\Start Menu\Programs\Python 3.11;c:\users\23765\appdata\local\programs\python\python311\scripts;C:\Windows\System32;C:\ProgramData\Microsoft\Windows\Start Menu\Programs\Node.js;C:\Users\23765\.dotnet\tools;C:\Users\23765\AppData\Roaming\npm;C:\Hadoop;C:\Spark\spark-3.5.3-bin-hadoop3\bin;D:\Institut saint Jean cours\Licence3\tutor\IntelliJ IDEA 2022.2.5\bin;
USERNAME=DELL
OS=Windows_NT
PROCESSOR_IDENTIFIER=Intel64 Family 6 Model 126 Stepping 5, GenuineIntel
TMP=C:\Users\23765\AppData\Local\Temp
TEMP=C:\Users\23765\AppData\Local\Temp




Periodic native trim disabled

---------------  S Y S T E M  ---------------

OS:
 Windows 11 , 64 bit Build 22621 (10.0.22621.5415)
OS uptime: 1 days 22:29 hours

CPU: total 8 (initial active 8) (4 cores per cpu, 2 threads per core) family 6 model 126 stepping 5 microcode 0xc6, cx8, cmov, fxsr, ht, mmx, 3dnowpref, sse, sse2, sse3, ssse3, sse4.1, sse4.2, popcnt, lzcnt, tsc, tscinvbit, avx, avx2, aes, erms, clmul, bmi1, bmi2, adx, avx512f, avx512dq, avx512cd, avx512bw, avx512vl, sha, fma, vzeroupper, avx512_vpopcntdq, avx512_vpclmulqdq, avx512_vaes, avx512_vnni, clflush, clflushopt, avx512_vbmi2, avx512_vbmi, rdtscp, rdpid, fsrm, gfni, avx512_bitalg, f16c, pku, avx512_ifma
Processor Information for the first 8 processors :
  Max Mhz: 1190, Current Mhz: 991, Mhz Limit: 987

Memory: 4k page, system-wide physical 12051M (1003M free)
TotalPageFile size 32436M (AvailPageFile size 24M)
current process WorkingSet (physical memory assigned to process): 449M, peak: 449M
current process commit charge ("private bytes"): 497M, peak: 498M

vm_info: OpenJDK 64-Bit Server VM (23.0.2+7-58) for windows-amd64 JRE (23.0.2+7-58), built on 2024-11-29T09:34:55Z with MS VC++ 17.6 (VS2022)

END.
